<?xml version="1.0" encoding="UTF-8"?>
<coverage generated="1733588267140" clover="3.2.0">
  <project timestamp="1733588267140" name="All files">
    <metrics statements="854" coveredstatements="743" conditionals="208" coveredconditionals="177" methods="94" coveredmethods="81" elements="1156" coveredelements="1001" complexity="0" loc="854" ncloc="854" packages="5" files="6" classes="6"/>
    <package name="firestar">
      <metrics statements="18" coveredstatements="0" conditionals="1" coveredconditionals="0" methods="1" coveredmethods="0"/>
      <file name="vitest.shared.ts" path="/Users/ikenonaoto/repos/github.com/ikenox/firestar/vitest.shared.ts">
        <metrics statements="18" coveredstatements="0" conditionals="1" coveredconditionals="0" methods="1" coveredmethods="0"/>
        <line num="1" count="0" type="cond" truecount="0" falsecount="1"/>
        <line num="4" count="0" type="stmt"/>
        <line num="5" count="0" type="stmt"/>
        <line num="6" count="0" type="stmt"/>
        <line num="7" count="0" type="stmt"/>
        <line num="8" count="0" type="stmt"/>
        <line num="9" count="0" type="stmt"/>
        <line num="10" count="0" type="stmt"/>
        <line num="11" count="0" type="stmt"/>
        <line num="13" count="0" type="stmt"/>
        <line num="15" count="0" type="stmt"/>
        <line num="17" count="0" type="stmt"/>
        <line num="18" count="0" type="stmt"/>
        <line num="19" count="0" type="stmt"/>
        <line num="20" count="0" type="stmt"/>
        <line num="21" count="0" type="stmt"/>
        <line num="22" count="0" type="stmt"/>
        <line num="23" count="0" type="stmt"/>
      </file>
    </package>
    <package name="firestar.packages.firebase-js-sdk.src">
      <metrics statements="200" coveredstatements="152" conditionals="58" coveredconditionals="45" methods="27" coveredmethods="22"/>
      <file name="index.ts" path="/Users/ikenonaoto/repos/github.com/ikenox/firestar/packages/firebase-js-sdk/src/index.ts">
        <metrics statements="200" coveredstatements="152" conditionals="58" coveredconditionals="45" methods="27" coveredmethods="22"/>
        <line num="1" count="1" type="stmt"/>
        <line num="60" count="1" type="stmt"/>
        <line num="62" count="1" type="stmt"/>
        <line num="63" count="1" type="cond" truecount="1" falsecount="0"/>
        <line num="64" count="4" type="stmt"/>
        <line num="65" count="4" type="stmt"/>
        <line num="66" count="4" type="stmt"/>
        <line num="68" count="1" type="cond" truecount="1" falsecount="0"/>
        <line num="69" count="4" type="cond" truecount="0" falsecount="2"/>
        <line num="70" count="4" type="stmt"/>
        <line num="71" count="4" type="stmt"/>
        <line num="73" count="1" type="stmt"/>
        <line num="74" count="0" type="stmt"/>
        <line num="75" count="0" type="stmt"/>
        <line num="76" count="0" type="stmt"/>
        <line num="77" count="0" type="stmt"/>
        <line num="78" count="0" type="stmt"/>
        <line num="79" count="0" type="stmt"/>
        <line num="80" count="0" type="stmt"/>
        <line num="81" count="0" type="stmt"/>
        <line num="82" count="0" type="stmt"/>
        <line num="83" count="0" type="stmt"/>
        <line num="84" count="0" type="stmt"/>
        <line num="85" count="0" type="stmt"/>
        <line num="86" count="0" type="stmt"/>
        <line num="87" count="0" type="stmt"/>
        <line num="88" count="0" type="stmt"/>
        <line num="90" count="1" type="cond" truecount="1" falsecount="0"/>
        <line num="91" count="41" type="stmt"/>
        <line num="92" count="41" type="stmt"/>
        <line num="93" count="41" type="cond" truecount="1" falsecount="0"/>
        <line num="95" count="92" type="stmt"/>
        <line num="96" count="41" type="stmt"/>
        <line num="97" count="41" type="stmt"/>
        <line num="99" count="1" type="stmt"/>
        <line num="100" count="0" type="stmt"/>
        <line num="101" count="0" type="stmt"/>
        <line num="102" count="0" type="stmt"/>
        <line num="103" count="0" type="stmt"/>
        <line num="104" count="0" type="stmt"/>
        <line num="105" count="0" type="stmt"/>
        <line num="106" count="0" type="stmt"/>
        <line num="108" count="0" type="stmt"/>
        <line num="109" count="0" type="stmt"/>
        <line num="110" count="0" type="stmt"/>
        <line num="111" count="0" type="stmt"/>
        <line num="112" count="0" type="stmt"/>
        <line num="113" count="0" type="stmt"/>
        <line num="114" count="0" type="stmt"/>
        <line num="115" count="0" type="stmt"/>
        <line num="117" count="1" type="cond" truecount="1" falsecount="0"/>
        <line num="118" count="1" type="stmt"/>
        <line num="119" count="1" type="stmt"/>
        <line num="120" count="1" type="stmt"/>
        <line num="121" count="1" type="stmt"/>
        <line num="122" count="1" type="cond" truecount="1" falsecount="0"/>
        <line num="123" count="3" type="stmt"/>
        <line num="124" count="3" type="cond" truecount="1" falsecount="0"/>
        <line num="125" count="1" type="stmt"/>
        <line num="126" count="1" type="stmt"/>
        <line num="127" count="3" type="cond" truecount="1" falsecount="0"/>
        <line num="128" count="1" type="stmt"/>
        <line num="129" count="1" type="stmt"/>
        <line num="130" count="3" type="cond" truecount="1" falsecount="0"/>
        <line num="131" count="1" type="stmt"/>
        <line num="132" count="1" type="stmt"/>
        <line num="133" count="3" type="cond" truecount="0" falsecount="1"/>
        <line num="134" count="0" type="stmt"/>
        <line num="135" count="3" type="stmt"/>
        <line num="136" count="3" type="stmt"/>
        <line num="138" count="1" type="stmt"/>
        <line num="139" count="1" type="stmt"/>
        <line num="140" count="1" type="stmt"/>
        <line num="142" count="1" type="cond" truecount="1" falsecount="0"/>
        <line num="143" count="26" type="stmt"/>
        <line num="144" count="26" type="stmt"/>
        <line num="145" count="26" type="stmt"/>
        <line num="146" count="26" type="stmt"/>
        <line num="147" count="26" type="cond" truecount="1" falsecount="0"/>
        <line num="148" count="25" type="cond" truecount="1" falsecount="0"/>
        <line num="149" count="16" type="cond" truecount="1" falsecount="0"/>
        <line num="150" count="9" type="cond" truecount="1" falsecount="1"/>
        <line num="151" count="1" type="stmt"/>
        <line num="152" count="26" type="stmt"/>
        <line num="153" count="26" type="stmt"/>
        <line num="154" count="26" type="stmt"/>
        <line num="155" count="26" type="cond" truecount="1" falsecount="0"/>
        <line num="156" count="26" type="stmt"/>
        <line num="157" count="26" type="stmt"/>
        <line num="159" count="1" type="cond" truecount="1" falsecount="0"/>
        <line num="160" count="16" type="stmt"/>
        <line num="161" count="16" type="stmt"/>
        <line num="162" count="16" type="stmt"/>
        <line num="163" count="16" type="stmt"/>
        <line num="164" count="16" type="cond" truecount="1" falsecount="1"/>
        <line num="165" count="16" type="stmt"/>
        <line num="166" count="16" type="stmt"/>
        <line num="168" count="1" type="cond" truecount="1" falsecount="0"/>
        <line num="169" count="4" type="stmt"/>
        <line num="170" count="4" type="cond" truecount="0" falsecount="2"/>
        <line num="171" count="0" type="stmt"/>
        <line num="172" count="0" type="stmt"/>
        <line num="173" count="0" type="stmt"/>
        <line num="174" count="4" type="stmt"/>
        <line num="175" count="4" type="stmt"/>
        <line num="177" count="1" type="cond" truecount="1" falsecount="0"/>
        <line num="178" count="4" type="cond" truecount="0" falsecount="2"/>
        <line num="179" count="4" type="stmt"/>
        <line num="181" count="1" type="cond" truecount="1" falsecount="0"/>
        <line num="182" count="26" type="stmt"/>
        <line num="183" count="26" type="stmt"/>
        <line num="184" count="26" type="stmt"/>
        <line num="185" count="26" type="cond" truecount="1" falsecount="0"/>
        <line num="186" count="26" type="stmt"/>
        <line num="187" count="26" type="stmt"/>
        <line num="188" count="26" type="stmt"/>
        <line num="189" count="26" type="stmt"/>
        <line num="190" count="26" type="stmt"/>
        <line num="192" count="1" type="cond" truecount="1" falsecount="0"/>
        <line num="193" count="4" type="stmt"/>
        <line num="194" count="4" type="stmt"/>
        <line num="195" count="4" type="stmt"/>
        <line num="196" count="4" type="cond" truecount="1" falsecount="0"/>
        <line num="197" count="4" type="stmt"/>
        <line num="198" count="4" type="stmt"/>
        <line num="199" count="4" type="stmt"/>
        <line num="200" count="4" type="stmt"/>
        <line num="201" count="4" type="stmt"/>
        <line num="203" count="1" type="cond" truecount="1" falsecount="0"/>
        <line num="204" count="30" type="stmt"/>
        <line num="205" count="30" type="stmt"/>
        <line num="209" count="30" type="stmt"/>
        <line num="210" count="30" type="stmt"/>
        <line num="211" count="30" type="cond" truecount="0" falsecount="1"/>
        <line num="212" count="30" type="cond" truecount="0" falsecount="1"/>
        <line num="213" count="0" type="stmt"/>
        <line num="214" count="0" type="stmt"/>
        <line num="215" count="0" type="stmt"/>
        <line num="216" count="0" type="stmt"/>
        <line num="217" count="0" type="stmt"/>
        <line num="218" count="30" type="stmt"/>
        <line num="219" count="30" type="stmt"/>
        <line num="220" count="30" type="cond" truecount="1" falsecount="0"/>
        <line num="221" count="30" type="stmt"/>
        <line num="222" count="30" type="stmt"/>
        <line num="223" count="30" type="stmt"/>
        <line num="225" count="1" type="cond" truecount="1" falsecount="0"/>
        <line num="226" count="86" type="stmt"/>
        <line num="227" count="86" type="stmt"/>
        <line num="229" count="1" type="cond" truecount="1" falsecount="0"/>
        <line num="230" count="26" type="stmt"/>
        <line num="231" count="26" type="stmt"/>
        <line num="233" count="1" type="cond" truecount="1" falsecount="0"/>
        <line num="234" count="96" type="stmt"/>
        <line num="235" count="96" type="cond" truecount="2" falsecount="0"/>
        <line num="236" count="96" type="stmt"/>
        <line num="238" count="1" type="cond" truecount="1" falsecount="0"/>
        <line num="239" count="74" type="stmt"/>
        <line num="240" count="74" type="stmt"/>
        <line num="241" count="1" type="stmt"/>
        <line num="243" count="1" type="cond" truecount="1" falsecount="0"/>
        <line num="244" count="16" type="stmt"/>
        <line num="245" count="16" type="stmt"/>
        <line num="246" count="16" type="stmt"/>
        <line num="247" count="16" type="cond" truecount="1" falsecount="0"/>
        <line num="248" count="16" type="cond" truecount="2" falsecount="0"/>
        <line num="249" count="16" type="stmt"/>
        <line num="251" count="1" type="cond" truecount="1" falsecount="0"/>
        <line num="252" count="30" type="stmt"/>
        <line num="253" count="30" type="cond" truecount="1" falsecount="0"/>
        <line num="254" count="20" type="stmt"/>
        <line num="255" count="30" type="cond" truecount="1" falsecount="0"/>
        <line num="256" count="6" type="stmt"/>
        <line num="257" count="30" type="cond" truecount="1" falsecount="0"/>
        <line num="258" count="4" type="stmt"/>
        <line num="259" count="30" type="cond" truecount="0" falsecount="1"/>
        <line num="260" count="0" type="stmt"/>
        <line num="261" count="30" type="stmt"/>
        <line num="262" count="30" type="stmt"/>
        <line num="264" count="1" type="cond" truecount="1" falsecount="0"/>
        <line num="265" count="8" type="stmt"/>
        <line num="266" count="8" type="stmt"/>
        <line num="267" count="8" type="stmt"/>
        <line num="268" count="8" type="cond" truecount="1" falsecount="0"/>
        <line num="269" count="8" type="stmt"/>
        <line num="271" count="1" type="cond" truecount="1" falsecount="0"/>
        <line num="272" count="4" type="cond" truecount="1" falsecount="0"/>
        <line num="273" count="4" type="stmt"/>
        <line num="275" count="1" type="cond" truecount="1" falsecount="0"/>
        <line num="276" count="3" type="cond" truecount="1" falsecount="0"/>
        <line num="277" count="3" type="stmt"/>
        <line num="279" count="1" type="cond" truecount="0" falsecount="1"/>
        <line num="280" count="0" type="stmt"/>
        <line num="281" count="0" type="stmt"/>
        <line num="282" count="0" type="stmt"/>
        <line num="283" count="0" type="stmt"/>
        <line num="284" count="0" type="stmt"/>
        <line num="285" count="0" type="stmt"/>
        <line num="286" count="0" type="stmt"/>
        <line num="287" count="0" type="stmt"/>
      </file>
    </package>
    <package name="firestar.packages.firestore-repository.src">
      <metrics statements="51" coveredstatements="49" conditionals="15" coveredconditionals="15" methods="14" coveredmethods="13"/>
      <file name="index.ts" path="/Users/ikenonaoto/repos/github.com/ikenox/firestar/packages/firestore-repository/src/index.ts">
        <metrics statements="51" coveredstatements="49" conditionals="15" coveredconditionals="15" methods="14" coveredmethods="13"/>
        <line num="1" count="3" type="cond" truecount="1" falsecount="0"/>
        <line num="7" count="6" type="stmt"/>
        <line num="8" count="6" type="stmt"/>
        <line num="10" count="3" type="cond" truecount="1" falsecount="0"/>
        <line num="11" count="6" type="stmt"/>
        <line num="12" count="6" type="stmt"/>
        <line num="13" count="6" type="stmt"/>
        <line num="14" count="6" type="cond" truecount="1" falsecount="0"/>
        <line num="15" count="6" type="stmt"/>
        <line num="17" count="3" type="cond" truecount="1" falsecount="0"/>
        <line num="18" count="3" type="stmt"/>
        <line num="19" count="3" type="stmt"/>
        <line num="20" count="3" type="stmt"/>
        <line num="21" count="3" type="stmt"/>
        <line num="22" count="3" type="cond" truecount="1" falsecount="0"/>
        <line num="23" count="3" type="stmt"/>
        <line num="95" count="3" type="cond" truecount="1" falsecount="0"/>
        <line num="96" count="241" type="stmt"/>
        <line num="97" count="241" type="stmt"/>
        <line num="98" count="241" type="stmt"/>
        <line num="103" count="3" type="cond" truecount="1" falsecount="0"/>
        <line num="104" count="296" type="cond" truecount="2" falsecount="0"/>
        <line num="105" count="296" type="stmt"/>
        <line num="107" count="3" type="stmt"/>
        <line num="174" count="3" type="cond" truecount="1" falsecount="0"/>
        <line num="179" count="40" type="stmt"/>
        <line num="180" count="40" type="stmt"/>
        <line num="181" count="40" type="stmt"/>
        <line num="182" count="40" type="stmt"/>
        <line num="183" count="3" type="cond" truecount="1" falsecount="0"/>
        <line num="184" count="8" type="stmt"/>
        <line num="185" count="8" type="stmt"/>
        <line num="186" count="8" type="stmt"/>
        <line num="187" count="3" type="cond" truecount="1" falsecount="0"/>
        <line num="188" count="12" type="stmt"/>
        <line num="189" count="12" type="stmt"/>
        <line num="190" count="12" type="stmt"/>
        <line num="202" count="3" type="cond" truecount="1" falsecount="0"/>
        <line num="203" count="2" type="stmt"/>
        <line num="204" count="2" type="stmt"/>
        <line num="205" count="2" type="stmt"/>
        <line num="206" count="3" type="cond" truecount="1" falsecount="0"/>
        <line num="207" count="2" type="stmt"/>
        <line num="208" count="2" type="stmt"/>
        <line num="209" count="2" type="stmt"/>
        <line num="210" count="3" type="cond" truecount="1" falsecount="0"/>
        <line num="211" count="2" type="stmt"/>
        <line num="212" count="2" type="stmt"/>
        <line num="399" count="3" type="stmt"/>
        <line num="400" count="0" type="stmt"/>
        <line num="401" count="0" type="stmt"/>
      </file>
    </package>
    <package name="firestar.packages.firestore-repository.src.__test__">
      <metrics statements="383" coveredstatements="383" conditionals="64" coveredconditionals="64" methods="21" coveredmethods="21"/>
      <file name="specification.ts" path="/Users/ikenonaoto/repos/github.com/ikenox/firestar/packages/firestore-repository/src/__test__/specification.ts">
        <metrics statements="377" coveredstatements="377" conditionals="61" coveredconditionals="61" methods="18" coveredmethods="18"/>
        <line num="1" count="2" type="stmt"/>
        <line num="27" count="2" type="stmt"/>
        <line num="28" count="2" type="stmt"/>
        <line num="29" count="2" type="stmt"/>
        <line num="30" count="2" type="cond" truecount="1" falsecount="0"/>
        <line num="38" count="140" type="stmt"/>
        <line num="39" count="140" type="stmt"/>
        <line num="40" count="140" type="stmt"/>
        <line num="41" count="140" type="stmt"/>
        <line num="42" count="2" type="cond" truecount="1" falsecount="0"/>
        <line num="43" count="2" type="stmt"/>
        <line num="44" count="2" type="stmt"/>
        <line num="45" count="2" type="stmt"/>
        <line num="48" count="2" type="stmt"/>
        <line num="49" count="2" type="stmt"/>
        <line num="50" count="2" type="stmt"/>
        <line num="51" count="2" type="cond" truecount="1" falsecount="0"/>
        <line num="56" count="66" type="stmt"/>
        <line num="57" count="66" type="stmt"/>
        <line num="58" count="66" type="stmt"/>
        <line num="59" count="66" type="stmt"/>
        <line num="60" count="2" type="cond" truecount="1" falsecount="0"/>
        <line num="61" count="2" type="stmt"/>
        <line num="62" count="2" type="stmt"/>
        <line num="63" count="2" type="stmt"/>
        <line num="64" count="2" type="stmt"/>
        <line num="69" count="2" type="cond" truecount="1" falsecount="0"/>
        <line num="70" count="2" type="stmt"/>
        <line num="71" count="2" type="stmt"/>
        <line num="83" count="2" type="stmt"/>
        <line num="84" count="2" type="cond" truecount="1" falsecount="0"/>
        <line num="85" count="4" type="cond" truecount="1" falsecount="0"/>
        <line num="86" count="6" type="stmt"/>
        <line num="92" count="6" type="stmt"/>
        <line num="93" count="6" type="cond" truecount="1" falsecount="0"/>
        <line num="95" count="56" type="stmt"/>
        <line num="96" count="56" type="stmt"/>
        <line num="97" count="6" type="stmt"/>
        <line num="99" count="6" type="stmt"/>
        <line num="100" count="6" type="stmt"/>
        <line num="101" count="6" type="stmt"/>
        <line num="102" count="6" type="cond" truecount="1" falsecount="0"/>
        <line num="103" count="30" type="stmt"/>
        <line num="105" count="30" type="stmt"/>
        <line num="106" count="30" type="cond" truecount="1" falsecount="0"/>
        <line num="107" count="30" type="stmt"/>
        <line num="108" count="30" type="cond" truecount="1" falsecount="0"/>
        <line num="109" count="30" type="stmt"/>
        <line num="110" count="30" type="stmt"/>
        <line num="111" count="6" type="stmt"/>
        <line num="112" count="6" type="stmt"/>
        <line num="114" count="4" type="cond" truecount="1" falsecount="0"/>
        <line num="115" count="4" type="stmt"/>
        <line num="117" count="4" type="cond" truecount="1" falsecount="0"/>
        <line num="118" count="4" type="cond" truecount="1" falsecount="0"/>
        <line num="119" count="4" type="stmt"/>
        <line num="120" count="4" type="stmt"/>
        <line num="122" count="4" type="cond" truecount="1" falsecount="0"/>
        <line num="123" count="4" type="stmt"/>
        <line num="124" count="4" type="stmt"/>
        <line num="125" count="4" type="stmt"/>
        <line num="127" count="4" type="cond" truecount="1" falsecount="0"/>
        <line num="128" count="4" type="stmt"/>
        <line num="130" count="4" type="cond" truecount="1" falsecount="0"/>
        <line num="131" count="4" type="stmt"/>
        <line num="132" count="4" type="stmt"/>
        <line num="133" count="4" type="stmt"/>
        <line num="135" count="4" type="cond" truecount="1" falsecount="0"/>
        <line num="136" count="4" type="stmt"/>
        <line num="137" count="4" type="stmt"/>
        <line num="138" count="4" type="stmt"/>
        <line num="139" count="4" type="stmt"/>
        <line num="140" count="4" type="stmt"/>
        <line num="141" count="4" type="stmt"/>
        <line num="143" count="4" type="cond" truecount="1" falsecount="0"/>
        <line num="144" count="4" type="cond" truecount="1" falsecount="0"/>
        <line num="145" count="4" type="stmt"/>
        <line num="146" count="4" type="stmt"/>
        <line num="147" count="4" type="stmt"/>
        <line num="148" count="4" type="stmt"/>
        <line num="150" count="4" type="cond" truecount="1" falsecount="0"/>
        <line num="151" count="4" type="stmt"/>
        <line num="152" count="4" type="stmt"/>
        <line num="153" count="4" type="stmt"/>
        <line num="154" count="4" type="stmt"/>
        <line num="156" count="4" type="cond" truecount="1" falsecount="0"/>
        <line num="157" count="4" type="cond" truecount="1" falsecount="0"/>
        <line num="158" count="4" type="stmt"/>
        <line num="159" count="4" type="stmt"/>
        <line num="160" count="4" type="stmt"/>
        <line num="161" count="4" type="cond" truecount="1" falsecount="0"/>
        <line num="162" count="4" type="stmt"/>
        <line num="163" count="4" type="stmt"/>
        <line num="164" count="4" type="stmt"/>
        <line num="165" count="4" type="stmt"/>
        <line num="166" count="4" type="stmt"/>
        <line num="167" count="4" type="stmt"/>
        <line num="168" count="4" type="stmt"/>
        <line num="170" count="4" type="cond" truecount="1" falsecount="0"/>
        <line num="171" count="4" type="cond" truecount="1" falsecount="0"/>
        <line num="172" count="4" type="stmt"/>
        <line num="173" count="4" type="stmt"/>
        <line num="174" count="4" type="cond" truecount="1" falsecount="0"/>
        <line num="175" count="4" type="stmt"/>
        <line num="176" count="4" type="stmt"/>
        <line num="177" count="4" type="stmt"/>
        <line num="178" count="4" type="stmt"/>
        <line num="179" count="4" type="stmt"/>
        <line num="181" count="4" type="cond" truecount="1" falsecount="0"/>
        <line num="182" count="2" type="cond" truecount="1" falsecount="0"/>
        <line num="183" count="2" type="stmt"/>
        <line num="184" count="2" type="stmt"/>
        <line num="185" count="2" type="stmt"/>
        <line num="186" count="4" type="stmt"/>
        <line num="187" count="4" type="stmt"/>
        <line num="189" count="2" type="cond" truecount="1" falsecount="0"/>
        <line num="190" count="2" type="stmt"/>
        <line num="191" count="2" type="stmt"/>
        <line num="192" count="2" type="stmt"/>
        <line num="193" count="2" type="cond" truecount="1" falsecount="0"/>
        <line num="194" count="15" type="stmt"/>
        <line num="195" count="15" type="stmt"/>
        <line num="196" count="15" type="stmt"/>
        <line num="197" count="15" type="stmt"/>
        <line num="198" count="15" type="stmt"/>
        <line num="199" count="15" type="stmt"/>
        <line num="200" count="15" type="stmt"/>
        <line num="201" count="15" type="stmt"/>
        <line num="202" count="15" type="stmt"/>
        <line num="203" count="15" type="stmt"/>
        <line num="204" count="15" type="stmt"/>
        <line num="205" count="2" type="cond" truecount="1" falsecount="0"/>
        <line num="206" count="4" type="stmt"/>
        <line num="207" count="4" type="stmt"/>
        <line num="208" count="4" type="stmt"/>
        <line num="209" count="2" type="cond" truecount="1" falsecount="0"/>
        <line num="210" count="2" type="cond" truecount="1" falsecount="0"/>
        <line num="211" count="2" type="stmt"/>
        <line num="213" count="2" type="stmt"/>
        <line num="214" count="2" type="stmt"/>
        <line num="215" count="2" type="stmt"/>
        <line num="216" count="2" type="cond" truecount="1" falsecount="0"/>
        <line num="217" count="15" type="stmt"/>
        <line num="218" count="15" type="stmt"/>
        <line num="219" count="15" type="stmt"/>
        <line num="220" count="15" type="stmt"/>
        <line num="221" count="15" type="stmt"/>
        <line num="222" count="15" type="stmt"/>
        <line num="223" count="15" type="stmt"/>
        <line num="224" count="15" type="stmt"/>
        <line num="225" count="15" type="stmt"/>
        <line num="226" count="2" type="cond" truecount="1" falsecount="0"/>
        <line num="227" count="4" type="stmt"/>
        <line num="228" count="4" type="stmt"/>
        <line num="229" count="4" type="stmt"/>
        <line num="230" count="2" type="cond" truecount="1" falsecount="0"/>
        <line num="231" count="2" type="cond" truecount="1" falsecount="0"/>
        <line num="232" count="2" type="stmt"/>
        <line num="234" count="2" type="cond" truecount="1" falsecount="0"/>
        <line num="235" count="2" type="stmt"/>
        <line num="237" count="2" type="cond" truecount="1" falsecount="0"/>
        <line num="240" count="4" type="stmt"/>
        <line num="241" count="4" type="stmt"/>
        <line num="242" count="4" type="cond" truecount="1" falsecount="0"/>
        <line num="243" count="4" type="stmt"/>
        <line num="244" count="4" type="stmt"/>
        <line num="245" count="4" type="stmt"/>
        <line num="246" count="4" type="stmt"/>
        <line num="247" count="4" type="stmt"/>
        <line num="248" count="4" type="cond" truecount="1" falsecount="0"/>
        <line num="249" count="54" type="stmt"/>
        <line num="251" count="54" type="stmt"/>
        <line num="252" count="54" type="stmt"/>
        <line num="253" count="4" type="stmt"/>
        <line num="254" count="4" type="stmt"/>
        <line num="256" count="2" type="cond" truecount="1" falsecount="0"/>
        <line num="257" count="2" type="stmt"/>
        <line num="258" count="2" type="stmt"/>
        <line num="259" count="2" type="stmt"/>
        <line num="260" count="2" type="stmt"/>
        <line num="261" count="2" type="stmt"/>
        <line num="262" count="2" type="stmt"/>
        <line num="263" count="2" type="stmt"/>
        <line num="264" count="2" type="stmt"/>
        <line num="265" count="2" type="stmt"/>
        <line num="266" count="2" type="stmt"/>
        <line num="267" count="2" type="stmt"/>
        <line num="268" count="2" type="stmt"/>
        <line num="269" count="2" type="stmt"/>
        <line num="270" count="2" type="stmt"/>
        <line num="271" count="2" type="stmt"/>
        <line num="272" count="2" type="stmt"/>
        <line num="273" count="2" type="stmt"/>
        <line num="274" count="2" type="stmt"/>
        <line num="275" count="2" type="stmt"/>
        <line num="276" count="2" type="stmt"/>
        <line num="277" count="2" type="stmt"/>
        <line num="278" count="2" type="stmt"/>
        <line num="279" count="2" type="stmt"/>
        <line num="280" count="2" type="stmt"/>
        <line num="281" count="2" type="stmt"/>
        <line num="282" count="2" type="stmt"/>
        <line num="283" count="2" type="stmt"/>
        <line num="284" count="2" type="stmt"/>
        <line num="285" count="2" type="stmt"/>
        <line num="286" count="2" type="stmt"/>
        <line num="287" count="2" type="stmt"/>
        <line num="289" count="2" type="cond" truecount="1" falsecount="0"/>
        <line num="290" count="2" type="cond" truecount="1" falsecount="0"/>
        <line num="291" count="2" type="stmt"/>
        <line num="292" count="2" type="stmt"/>
        <line num="293" count="2" type="stmt"/>
        <line num="294" count="2" type="stmt"/>
        <line num="295" count="2" type="stmt"/>
        <line num="298" count="2" type="stmt"/>
        <line num="300" count="2" type="cond" truecount="1" falsecount="0"/>
        <line num="301" count="2" type="stmt"/>
        <line num="302" count="2" type="stmt"/>
        <line num="303" count="2" type="stmt"/>
        <line num="304" count="2" type="stmt"/>
        <line num="305" count="2" type="stmt"/>
        <line num="306" count="2" type="stmt"/>
        <line num="307" count="2" type="stmt"/>
        <line num="308" count="2" type="stmt"/>
        <line num="310" count="2" type="cond" truecount="1" falsecount="0"/>
        <line num="311" count="2" type="stmt"/>
        <line num="312" count="2" type="stmt"/>
        <line num="313" count="2" type="stmt"/>
        <line num="314" count="2" type="stmt"/>
        <line num="315" count="2" type="stmt"/>
        <line num="317" count="2" type="cond" truecount="1" falsecount="0"/>
        <line num="318" count="2" type="stmt"/>
        <line num="319" count="2" type="stmt"/>
        <line num="321" count="2" type="cond" truecount="1" falsecount="0"/>
        <line num="322" count="2" type="stmt"/>
        <line num="323" count="2" type="stmt"/>
        <line num="324" count="2" type="stmt"/>
        <line num="325" count="2" type="stmt"/>
        <line num="327" count="2" type="stmt"/>
        <line num="328" count="2" type="stmt"/>
        <line num="329" count="2" type="stmt"/>
        <line num="331" count="2" type="cond" truecount="1" falsecount="0"/>
        <line num="332" count="2" type="stmt"/>
        <line num="333" count="2" type="stmt"/>
        <line num="334" count="2" type="stmt"/>
        <line num="335" count="2" type="stmt"/>
        <line num="336" count="2" type="stmt"/>
        <line num="337" count="2" type="stmt"/>
        <line num="338" count="2" type="stmt"/>
        <line num="339" count="2" type="stmt"/>
        <line num="341" count="2" type="stmt"/>
        <line num="342" count="2" type="stmt"/>
        <line num="343" count="2" type="stmt"/>
        <line num="344" count="2" type="stmt"/>
        <line num="345" count="2" type="stmt"/>
        <line num="346" count="2" type="stmt"/>
        <line num="347" count="2" type="stmt"/>
        <line num="348" count="2" type="stmt"/>
        <line num="350" count="2" type="stmt"/>
        <line num="351" count="2" type="stmt"/>
        <line num="352" count="2" type="stmt"/>
        <line num="354" count="2" type="cond" truecount="1" falsecount="0"/>
        <line num="355" count="2" type="stmt"/>
        <line num="356" count="2" type="stmt"/>
        <line num="357" count="2" type="stmt"/>
        <line num="358" count="2" type="stmt"/>
        <line num="359" count="2" type="stmt"/>
        <line num="360" count="2" type="stmt"/>
        <line num="361" count="2" type="stmt"/>
        <line num="362" count="2" type="stmt"/>
        <line num="363" count="2" type="stmt"/>
        <line num="364" count="2" type="stmt"/>
        <line num="365" count="2" type="stmt"/>
        <line num="366" count="2" type="stmt"/>
        <line num="367" count="2" type="stmt"/>
        <line num="368" count="2" type="stmt"/>
        <line num="369" count="2" type="stmt"/>
        <line num="370" count="2" type="stmt"/>
        <line num="371" count="2" type="stmt"/>
        <line num="372" count="2" type="stmt"/>
        <line num="373" count="2" type="stmt"/>
        <line num="374" count="2" type="stmt"/>
        <line num="376" count="2" type="cond" truecount="1" falsecount="0"/>
        <line num="377" count="2" type="stmt"/>
        <line num="378" count="2" type="stmt"/>
        <line num="379" count="2" type="stmt"/>
        <line num="380" count="2" type="stmt"/>
        <line num="381" count="2" type="stmt"/>
        <line num="382" count="2" type="stmt"/>
        <line num="383" count="2" type="stmt"/>
        <line num="384" count="2" type="stmt"/>
        <line num="385" count="2" type="stmt"/>
        <line num="386" count="2" type="stmt"/>
        <line num="387" count="2" type="stmt"/>
        <line num="388" count="2" type="stmt"/>
        <line num="389" count="2" type="stmt"/>
        <line num="390" count="2" type="stmt"/>
        <line num="391" count="2" type="stmt"/>
        <line num="392" count="2" type="stmt"/>
        <line num="394" count="2" type="cond" truecount="1" falsecount="0"/>
        <line num="395" count="2" type="stmt"/>
        <line num="396" count="2" type="stmt"/>
        <line num="397" count="2" type="stmt"/>
        <line num="398" count="2" type="stmt"/>
        <line num="400" count="2" type="cond" truecount="1" falsecount="0"/>
        <line num="401" count="2" type="stmt"/>
        <line num="402" count="2" type="stmt"/>
        <line num="403" count="2" type="stmt"/>
        <line num="404" count="2" type="stmt"/>
        <line num="405" count="2" type="stmt"/>
        <line num="406" count="2" type="stmt"/>
        <line num="407" count="2" type="stmt"/>
        <line num="409" count="2" type="cond" truecount="1" falsecount="0"/>
        <line num="410" count="2" type="stmt"/>
        <line num="411" count="2" type="stmt"/>
        <line num="412" count="2" type="stmt"/>
        <line num="413" count="2" type="stmt"/>
        <line num="414" count="2" type="stmt"/>
        <line num="415" count="2" type="stmt"/>
        <line num="416" count="2" type="stmt"/>
        <line num="417" count="2" type="stmt"/>
        <line num="418" count="2" type="stmt"/>
        <line num="419" count="2" type="stmt"/>
        <line num="421" count="2" type="cond" truecount="1" falsecount="0"/>
        <line num="422" count="2" type="stmt"/>
        <line num="423" count="2" type="stmt"/>
        <line num="424" count="2" type="stmt"/>
        <line num="425" count="2" type="stmt"/>
        <line num="426" count="2" type="stmt"/>
        <line num="427" count="2" type="stmt"/>
        <line num="428" count="2" type="stmt"/>
        <line num="429" count="2" type="stmt"/>
        <line num="431" count="2" type="cond" truecount="1" falsecount="0"/>
        <line num="432" count="2" type="stmt"/>
        <line num="433" count="2" type="stmt"/>
        <line num="434" count="2" type="stmt"/>
        <line num="435" count="2" type="stmt"/>
        <line num="436" count="2" type="stmt"/>
        <line num="437" count="2" type="stmt"/>
        <line num="438" count="2" type="stmt"/>
        <line num="439" count="2" type="stmt"/>
        <line num="440" count="2" type="stmt"/>
        <line num="441" count="2" type="stmt"/>
        <line num="442" count="2" type="stmt"/>
        <line num="443" count="2" type="stmt"/>
        <line num="444" count="2" type="stmt"/>
        <line num="445" count="2" type="stmt"/>
        <line num="446" count="2" type="stmt"/>
        <line num="447" count="2" type="stmt"/>
        <line num="448" count="2" type="stmt"/>
        <line num="449" count="2" type="stmt"/>
        <line num="450" count="2" type="stmt"/>
        <line num="451" count="2" type="stmt"/>
        <line num="452" count="2" type="stmt"/>
        <line num="453" count="2" type="stmt"/>
        <line num="454" count="2" type="stmt"/>
        <line num="456" count="2" type="cond" truecount="1" falsecount="0"/>
        <line num="457" count="2" type="cond" truecount="1" falsecount="0"/>
        <line num="458" count="2" type="stmt"/>
        <line num="459" count="2" type="stmt"/>
        <line num="460" count="2" type="stmt"/>
        <line num="461" count="2" type="stmt"/>
        <line num="462" count="2" type="stmt"/>
        <line num="463" count="2" type="stmt"/>
        <line num="465" count="2" type="cond" truecount="1" falsecount="0"/>
        <line num="466" count="2" type="cond" truecount="1" falsecount="0"/>
        <line num="467" count="2" type="stmt"/>
        <line num="468" count="2" type="stmt"/>
        <line num="469" count="2" type="stmt"/>
        <line num="470" count="2" type="stmt"/>
        <line num="471" count="2" type="stmt"/>
        <line num="472" count="2" type="stmt"/>
        <line num="473" count="2" type="stmt"/>
        <line num="475" count="2" type="stmt"/>
        <line num="476" count="2" type="stmt"/>
        <line num="477" count="2" type="stmt"/>
        <line num="478" count="2" type="stmt"/>
      </file>
      <file name="util.ts" path="/Users/ikenonaoto/repos/github.com/ikenox/firestar/packages/firestore-repository/src/__test__/util.ts">
        <metrics statements="6" coveredstatements="6" conditionals="3" coveredconditionals="3" methods="3" coveredmethods="3"/>
        <line num="6" count="2" type="cond" truecount="1" falsecount="0"/>
        <line num="11" count="2" type="cond" truecount="1" falsecount="0"/>
        <line num="16" count="2" type="cond" truecount="1" falsecount="0"/>
        <line num="17" count="61" type="stmt"/>
        <line num="18" count="61" type="stmt"/>
        <line num="19" count="61" type="stmt"/>
      </file>
    </package>
    <package name="firestar.packages.google-cloud-firestore.src">
      <metrics statements="202" coveredstatements="159" conditionals="70" coveredconditionals="53" methods="31" coveredmethods="25"/>
      <file name="index.ts" path="/Users/ikenonaoto/repos/github.com/ikenox/firestar/packages/google-cloud-firestore/src/index.ts">
        <metrics statements="202" coveredstatements="159" conditionals="70" coveredconditionals="53" methods="31" coveredmethods="25"/>
        <line num="1" count="1" type="stmt"/>
        <line num="40" count="1" type="stmt"/>
        <line num="42" count="1" type="stmt"/>
        <line num="43" count="1" type="cond" truecount="1" falsecount="0"/>
        <line num="44" count="7" type="stmt"/>
        <line num="45" count="7" type="stmt"/>
        <line num="46" count="7" type="stmt"/>
        <line num="48" count="1" type="cond" truecount="1" falsecount="0"/>
        <line num="49" count="4" type="cond" truecount="0" falsecount="2"/>
        <line num="50" count="4" type="stmt"/>
        <line num="51" count="4" type="stmt"/>
        <line num="53" count="1" type="stmt"/>
        <line num="54" count="0" type="stmt"/>
        <line num="55" count="0" type="stmt"/>
        <line num="56" count="0" type="stmt"/>
        <line num="57" count="0" type="stmt"/>
        <line num="58" count="0" type="stmt"/>
        <line num="59" count="0" type="stmt"/>
        <line num="60" count="0" type="stmt"/>
        <line num="61" count="0" type="stmt"/>
        <line num="63" count="1" type="cond" truecount="1" falsecount="0"/>
        <line num="64" count="44" type="stmt"/>
        <line num="65" count="44" type="stmt"/>
        <line num="66" count="44" type="cond" truecount="1" falsecount="0"/>
        <line num="68" count="102" type="stmt"/>
        <line num="69" count="44" type="stmt"/>
        <line num="70" count="44" type="stmt"/>
        <line num="72" count="1" type="stmt"/>
        <line num="73" count="0" type="stmt"/>
        <line num="74" count="0" type="stmt"/>
        <line num="75" count="0" type="stmt"/>
        <line num="76" count="0" type="stmt"/>
        <line num="78" count="0" type="stmt"/>
        <line num="80" count="0" type="stmt"/>
        <line num="81" count="0" type="stmt"/>
        <line num="82" count="0" type="stmt"/>
        <line num="84" count="1" type="cond" truecount="1" falsecount="0"/>
        <line num="85" count="1" type="stmt"/>
        <line num="86" count="1" type="stmt"/>
        <line num="87" count="1" type="stmt"/>
        <line num="88" count="1" type="stmt"/>
        <line num="89" count="1" type="cond" truecount="1" falsecount="0"/>
        <line num="90" count="3" type="stmt"/>
        <line num="91" count="3" type="cond" truecount="1" falsecount="0"/>
        <line num="92" count="1" type="stmt"/>
        <line num="93" count="1" type="stmt"/>
        <line num="94" count="3" type="cond" truecount="1" falsecount="0"/>
        <line num="95" count="1" type="stmt"/>
        <line num="96" count="1" type="stmt"/>
        <line num="97" count="3" type="cond" truecount="1" falsecount="0"/>
        <line num="98" count="1" type="stmt"/>
        <line num="99" count="1" type="stmt"/>
        <line num="100" count="3" type="cond" truecount="0" falsecount="1"/>
        <line num="101" count="0" type="stmt"/>
        <line num="102" count="3" type="stmt"/>
        <line num="103" count="3" type="stmt"/>
        <line num="105" count="1" type="stmt"/>
        <line num="106" count="1" type="stmt"/>
        <line num="107" count="1" type="stmt"/>
        <line num="109" count="1" type="cond" truecount="1" falsecount="0"/>
        <line num="110" count="27" type="stmt"/>
        <line num="111" count="27" type="stmt"/>
        <line num="112" count="27" type="stmt"/>
        <line num="113" count="27" type="stmt"/>
        <line num="114" count="27" type="cond" truecount="1" falsecount="0"/>
        <line num="115" count="26" type="cond" truecount="1" falsecount="0"/>
        <line num="116" count="16" type="cond" truecount="1" falsecount="0"/>
        <line num="117" count="10" type="cond" truecount="1" falsecount="1"/>
        <line num="118" count="1" type="stmt"/>
        <line num="119" count="27" type="stmt"/>
        <line num="120" count="27" type="stmt"/>
        <line num="121" count="27" type="stmt"/>
        <line num="122" count="27" type="cond" truecount="1" falsecount="0"/>
        <line num="123" count="27" type="stmt"/>
        <line num="124" count="27" type="stmt"/>
        <line num="126" count="1" type="cond" truecount="1" falsecount="0"/>
        <line num="127" count="18" type="stmt"/>
        <line num="128" count="18" type="stmt"/>
        <line num="129" count="18" type="stmt"/>
        <line num="130" count="18" type="stmt"/>
        <line num="131" count="18" type="cond" truecount="1" falsecount="1"/>
        <line num="132" count="18" type="stmt"/>
        <line num="133" count="18" type="stmt"/>
        <line num="141" count="1" type="cond" truecount="1" falsecount="0"/>
        <line num="142" count="6" type="stmt"/>
        <line num="143" count="6" type="cond" truecount="1" falsecount="2"/>
        <line num="144" count="6" type="stmt"/>
        <line num="146" count="1" type="cond" truecount="1" falsecount="0"/>
        <line num="147" count="4" type="stmt"/>
        <line num="148" count="4" type="cond" truecount="0" falsecount="2"/>
        <line num="149" count="0" type="stmt"/>
        <line num="150" count="0" type="stmt"/>
        <line num="151" count="0" type="stmt"/>
        <line num="152" count="4" type="stmt"/>
        <line num="153" count="4" type="stmt"/>
        <line num="155" count="1" type="cond" truecount="1" falsecount="0"/>
        <line num="156" count="4" type="cond" truecount="0" falsecount="2"/>
        <line num="157" count="4" type="stmt"/>
        <line num="163" count="1" type="cond" truecount="1" falsecount="0"/>
        <line num="164" count="4" type="cond" truecount="1" falsecount="0"/>
        <line num="165" count="2" type="stmt"/>
        <line num="166" count="2" type="stmt"/>
        <line num="167" count="2" type="cond" truecount="1" falsecount="0"/>
        <line num="168" count="4" type="cond" truecount="2" falsecount="2"/>
        <line num="169" count="2" type="cond" truecount="1" falsecount="0"/>
        <line num="170" count="4" type="stmt"/>
        <line num="172" count="1" type="cond" truecount="1" falsecount="0"/>
        <line num="173" count="43" type="stmt"/>
        <line num="174" count="43" type="stmt"/>
        <line num="175" count="43" type="stmt"/>
        <line num="176" count="43" type="cond" truecount="1" falsecount="0"/>
        <line num="177" count="43" type="stmt"/>
        <line num="178" count="43" type="stmt"/>
        <line num="179" count="43" type="stmt"/>
        <line num="180" count="43" type="stmt"/>
        <line num="181" count="43" type="stmt"/>
        <line num="187" count="1" type="stmt"/>
        <line num="188" count="0" type="stmt"/>
        <line num="189" count="0" type="stmt"/>
        <line num="190" count="0" type="stmt"/>
        <line num="191" count="0" type="stmt"/>
        <line num="192" count="0" type="stmt"/>
        <line num="193" count="0" type="stmt"/>
        <line num="194" count="0" type="stmt"/>
        <line num="195" count="0" type="stmt"/>
        <line num="196" count="0" type="stmt"/>
        <line num="198" count="1" type="cond" truecount="1" falsecount="0"/>
        <line num="199" count="4" type="stmt"/>
        <line num="200" count="4" type="stmt"/>
        <line num="201" count="4" type="stmt"/>
        <line num="202" count="4" type="cond" truecount="1" falsecount="0"/>
        <line num="203" count="4" type="stmt"/>
        <line num="204" count="4" type="stmt"/>
        <line num="205" count="4" type="stmt"/>
        <line num="206" count="4" type="stmt"/>
        <line num="207" count="4" type="stmt"/>
        <line num="209" count="1" type="cond" truecount="1" falsecount="0"/>
        <line num="210" count="47" type="stmt"/>
        <line num="211" count="47" type="stmt"/>
        <line num="215" count="47" type="stmt"/>
        <line num="216" count="47" type="stmt"/>
        <line num="217" count="47" type="cond" truecount="0" falsecount="1"/>
        <line num="218" count="47" type="cond" truecount="0" falsecount="1"/>
        <line num="219" count="0" type="stmt"/>
        <line num="220" count="0" type="stmt"/>
        <line num="221" count="0" type="stmt"/>
        <line num="222" count="0" type="stmt"/>
        <line num="223" count="0" type="stmt"/>
        <line num="224" count="47" type="stmt"/>
        <line num="225" count="47" type="stmt"/>
        <line num="226" count="47" type="cond" truecount="1" falsecount="0"/>
        <line num="227" count="47" type="stmt"/>
        <line num="228" count="47" type="stmt"/>
        <line num="229" count="47" type="stmt"/>
        <line num="231" count="1" type="cond" truecount="1" falsecount="0"/>
        <line num="232" count="153" type="stmt"/>
        <line num="233" count="153" type="stmt"/>
        <line num="235" count="1" type="cond" truecount="1" falsecount="0"/>
        <line num="236" count="27" type="stmt"/>
        <line num="237" count="27" type="stmt"/>
        <line num="239" count="1" type="cond" truecount="1" falsecount="0"/>
        <line num="240" count="116" type="stmt"/>
        <line num="241" count="116" type="cond" truecount="2" falsecount="0"/>
        <line num="242" count="116" type="stmt"/>
        <line num="244" count="1" type="cond" truecount="1" falsecount="0"/>
        <line num="245" count="131" type="stmt"/>
        <line num="246" count="131" type="stmt"/>
        <line num="249" count="1" type="stmt"/>
        <line num="251" count="1" type="stmt"/>
        <line num="252" count="1" type="cond" truecount="1" falsecount="0"/>
        <line num="253" count="16" type="cond" truecount="1" falsecount="0"/>
        <line num="254" count="16" type="stmt"/>
        <line num="256" count="1" type="cond" truecount="1" falsecount="0"/>
        <line num="257" count="30" type="stmt"/>
        <line num="258" count="30" type="cond" truecount="1" falsecount="0"/>
        <line num="259" count="20" type="stmt"/>
        <line num="260" count="30" type="cond" truecount="1" falsecount="0"/>
        <line num="261" count="6" type="stmt"/>
        <line num="262" count="30" type="cond" truecount="1" falsecount="0"/>
        <line num="263" count="4" type="stmt"/>
        <line num="264" count="30" type="cond" truecount="0" falsecount="1"/>
        <line num="265" count="0" type="stmt"/>
        <line num="266" count="30" type="stmt"/>
        <line num="267" count="30" type="stmt"/>
        <line num="269" count="1" type="stmt"/>
        <line num="270" count="1" type="cond" truecount="1" falsecount="0"/>
        <line num="271" count="8" type="stmt"/>
        <line num="272" count="8" type="stmt"/>
        <line num="274" count="8" type="cond" truecount="1" falsecount="0"/>
        <line num="275" count="8" type="stmt"/>
        <line num="277" count="1" type="cond" truecount="2" falsecount="0"/>
        <line num="279" count="1" type="cond" truecount="2" falsecount="0"/>
        <line num="286" count="1" type="cond" truecount="2" falsecount="0"/>
        <line num="288" count="1" type="cond" truecount="0" falsecount="1"/>
        <line num="289" count="0" type="stmt"/>
        <line num="290" count="0" type="stmt"/>
        <line num="291" count="0" type="stmt"/>
        <line num="292" count="0" type="stmt"/>
        <line num="293" count="0" type="stmt"/>
        <line num="294" count="0" type="stmt"/>
        <line num="295" count="0" type="stmt"/>
        <line num="296" count="0" type="stmt"/>
      </file>
    </package>
  </project>
</coverage>
