{"/Users/ikenonaoto/repos/github.com/ikenox/firestar/vitest.shared.ts": {"path":"/Users/ikenonaoto/repos/github.com/ikenox/firestar/vitest.shared.ts","all":true,"statementMap":{"0":{"start":{"line":1,"column":0},"end":{"line":1,"column":29}},"3":{"start":{"line":4,"column":0},"end":{"line":4,"column":42}},"4":{"start":{"line":5,"column":0},"end":{"line":5,"column":9}},"5":{"start":{"line":6,"column":0},"end":{"line":6,"column":30}},"6":{"start":{"line":7,"column":0},"end":{"line":7,"column":15}},"7":{"start":{"line":8,"column":0},"end":{"line":8,"column":21}},"8":{"start":{"line":9,"column":0},"end":{"line":9,"column":25}},"9":{"start":{"line":10,"column":0},"end":{"line":10,"column":6}},"10":{"start":{"line":11,"column":0},"end":{"line":11,"column":10}},"12":{"start":{"line":13,"column":0},"end":{"line":13,"column":49}},"14":{"start":{"line":15,"column":0},"end":{"line":15,"column":37}},"16":{"start":{"line":17,"column":0},"end":{"line":17,"column":25}},"17":{"start":{"line":18,"column":0},"end":{"line":18,"column":6}},"18":{"start":{"line":19,"column":0},"end":{"line":19,"column":12}},"19":{"start":{"line":20,"column":0},"end":{"line":20,"column":98}},"20":{"start":{"line":21,"column":0},"end":{"line":21,"column":6}},"21":{"start":{"line":22,"column":0},"end":{"line":22,"column":4}},"22":{"start":{"line":23,"column":0},"end":{"line":23,"column":3}}},"s":{"0":0,"3":0,"4":0,"5":0,"6":0,"7":0,"8":0,"9":0,"10":0,"12":0,"14":0,"16":0,"17":0,"18":0,"19":0,"20":0,"21":0,"22":0},"branchMap":{"0":{"type":"branch","line":1,"loc":{"start":{"line":1,"column":0},"end":{"line":23,"column":-142}},"locations":[{"start":{"line":1,"column":0},"end":{"line":23,"column":-142}}]}},"b":{"0":[0]},"fnMap":{"0":{"name":"(empty-report)","decl":{"start":{"line":1,"column":0},"end":{"line":23,"column":-142}},"loc":{"start":{"line":1,"column":0},"end":{"line":23,"column":-142}},"line":1}},"f":{"0":0}}
,"/Users/ikenonaoto/repos/github.com/ikenox/firestar/packages/firebase-js-sdk/src/index.ts": {"path":"/Users/ikenonaoto/repos/github.com/ikenox/firestar/packages/firebase-js-sdk/src/index.ts","all":false,"statementMap":{"0":{"start":{"line":1,"column":0},"end":{"line":1,"column":8}},"59":{"start":{"line":60,"column":0},"end":{"line":60,"column":75}},"61":{"start":{"line":62,"column":0},"end":{"line":62,"column":1}},"62":{"start":{"line":63,"column":0},"end":{"line":63,"column":14}},"63":{"start":{"line":64,"column":0},"end":{"line":64,"column":27}},"64":{"start":{"line":65,"column":0},"end":{"line":65,"column":27}},"65":{"start":{"line":66,"column":0},"end":{"line":66,"column":6}},"67":{"start":{"line":68,"column":0},"end":{"line":68,"column":84}},"68":{"start":{"line":69,"column":0},"end":{"line":69,"column":96}},"69":{"start":{"line":70,"column":0},"end":{"line":70,"column":35}},"70":{"start":{"line":71,"column":0},"end":{"line":71,"column":3}},"72":{"start":{"line":73,"column":0},"end":{"line":73,"column":16}},"73":{"start":{"line":74,"column":0},"end":{"line":74,"column":14}},"74":{"start":{"line":75,"column":0},"end":{"line":75,"column":51}},"75":{"start":{"line":76,"column":0},"end":{"line":76,"column":35}},"76":{"start":{"line":77,"column":0},"end":{"line":77,"column":26}},"77":{"start":{"line":78,"column":0},"end":{"line":78,"column":18}},"78":{"start":{"line":79,"column":0},"end":{"line":79,"column":40}},"79":{"start":{"line":80,"column":0},"end":{"line":80,"column":22}},"80":{"start":{"line":81,"column":0},"end":{"line":81,"column":38}},"81":{"start":{"line":82,"column":0},"end":{"line":82,"column":8}},"82":{"start":{"line":83,"column":0},"end":{"line":83,"column":31}},"83":{"start":{"line":84,"column":0},"end":{"line":84,"column":23}},"84":{"start":{"line":85,"column":0},"end":{"line":85,"column":21}},"85":{"start":{"line":86,"column":0},"end":{"line":86,"column":8}},"86":{"start":{"line":87,"column":0},"end":{"line":87,"column":7}},"87":{"start":{"line":88,"column":0},"end":{"line":88,"column":3}},"89":{"start":{"line":90,"column":0},"end":{"line":90,"column":57}},"90":{"start":{"line":91,"column":0},"end":{"line":91,"column":48}},"91":{"start":{"line":92,"column":0},"end":{"line":92,"column":20}},"92":{"start":{"line":93,"column":0},"end":{"line":93,"column":14}},"94":{"start":{"line":95,"column":0},"end":{"line":95,"column":33}},"95":{"start":{"line":96,"column":0},"end":{"line":96,"column":6}},"96":{"start":{"line":97,"column":0},"end":{"line":97,"column":3}},"98":{"start":{"line":99,"column":0},"end":{"line":99,"column":17}},"99":{"start":{"line":100,"column":0},"end":{"line":100,"column":25}},"100":{"start":{"line":101,"column":0},"end":{"line":101,"column":41}},"101":{"start":{"line":102,"column":0},"end":{"line":102,"column":35}},"102":{"start":{"line":103,"column":0},"end":{"line":103,"column":26}},"103":{"start":{"line":104,"column":0},"end":{"line":104,"column":18}},"104":{"start":{"line":105,"column":0},"end":{"line":105,"column":36}},"105":{"start":{"line":106,"column":0},"end":{"line":106,"column":27}},"107":{"start":{"line":108,"column":0},"end":{"line":108,"column":58}},"108":{"start":{"line":109,"column":0},"end":{"line":109,"column":8}},"109":{"start":{"line":110,"column":0},"end":{"line":110,"column":31}},"110":{"start":{"line":111,"column":0},"end":{"line":111,"column":23}},"111":{"start":{"line":112,"column":0},"end":{"line":112,"column":21}},"112":{"start":{"line":113,"column":0},"end":{"line":113,"column":8}},"113":{"start":{"line":114,"column":0},"end":{"line":114,"column":7}},"114":{"start":{"line":115,"column":0},"end":{"line":115,"column":3}},"116":{"start":{"line":117,"column":0},"end":{"line":117,"column":74}},"117":{"start":{"line":118,"column":0},"end":{"line":118,"column":25}},"118":{"start":{"line":119,"column":0},"end":{"line":119,"column":12}},"119":{"start":{"line":120,"column":0},"end":{"line":120,"column":29}},"120":{"start":{"line":121,"column":0},"end":{"line":121,"column":53}},"121":{"start":{"line":122,"column":0},"end":{"line":122,"column":48}},"122":{"start":{"line":123,"column":0},"end":{"line":123,"column":23}},"123":{"start":{"line":124,"column":0},"end":{"line":124,"column":21}},"124":{"start":{"line":125,"column":0},"end":{"line":125,"column":37}},"125":{"start":{"line":126,"column":0},"end":{"line":126,"column":16}},"126":{"start":{"line":127,"column":0},"end":{"line":127,"column":19}},"127":{"start":{"line":128,"column":0},"end":{"line":128,"column":41}},"128":{"start":{"line":129,"column":0},"end":{"line":129,"column":16}},"129":{"start":{"line":130,"column":0},"end":{"line":130,"column":23}},"130":{"start":{"line":131,"column":0},"end":{"line":131,"column":45}},"131":{"start":{"line":132,"column":0},"end":{"line":132,"column":16}},"132":{"start":{"line":133,"column":0},"end":{"line":133,"column":16}},"133":{"start":{"line":134,"column":0},"end":{"line":134,"column":32}},"134":{"start":{"line":135,"column":0},"end":{"line":135,"column":7}},"135":{"start":{"line":136,"column":0},"end":{"line":136,"column":5}},"137":{"start":{"line":138,"column":0},"end":{"line":138,"column":73}},"138":{"start":{"line":139,"column":0},"end":{"line":139,"column":39}},"139":{"start":{"line":140,"column":0},"end":{"line":140,"column":3}},"141":{"start":{"line":142,"column":0},"end":{"line":142,"column":8}},"142":{"start":{"line":143,"column":0},"end":{"line":143,"column":73}},"143":{"start":{"line":144,"column":0},"end":{"line":144,"column":45}},"144":{"start":{"line":145,"column":0},"end":{"line":145,"column":20}},"145":{"start":{"line":146,"column":0},"end":{"line":146,"column":36}},"146":{"start":{"line":147,"column":0},"end":{"line":147,"column":19}},"147":{"start":{"line":148,"column":0},"end":{"line":148,"column":37}},"148":{"start":{"line":149,"column":0},"end":{"line":149,"column":69}},"149":{"start":{"line":150,"column":0},"end":{"line":150,"column":79}},"150":{"start":{"line":151,"column":0},"end":{"line":151,"column":54}},"151":{"start":{"line":152,"column":0},"end":{"line":152,"column":12}},"152":{"start":{"line":153,"column":0},"end":{"line":153,"column":23}},"153":{"start":{"line":154,"column":0},"end":{"line":154,"column":34}},"154":{"start":{"line":155,"column":0},"end":{"line":155,"column":59}},"155":{"start":{"line":156,"column":0},"end":{"line":156,"column":6}},"156":{"start":{"line":157,"column":0},"end":{"line":157,"column":3}},"158":{"start":{"line":159,"column":0},"end":{"line":159,"column":89}},"159":{"start":{"line":160,"column":0},"end":{"line":160,"column":65}},"160":{"start":{"line":161,"column":0},"end":{"line":161,"column":12}},"161":{"start":{"line":162,"column":0},"end":{"line":162,"column":23}},"162":{"start":{"line":163,"column":0},"end":{"line":163,"column":34}},"163":{"start":{"line":164,"column":0},"end":{"line":164,"column":81}},"164":{"start":{"line":165,"column":0},"end":{"line":165,"column":6}},"165":{"start":{"line":166,"column":0},"end":{"line":166,"column":3}},"167":{"start":{"line":168,"column":0},"end":{"line":168,"column":77}},"168":{"start":{"line":169,"column":0},"end":{"line":169,"column":39}},"169":{"start":{"line":170,"column":0},"end":{"line":170,"column":22}},"170":{"start":{"line":171,"column":0},"end":{"line":171,"column":41}},"171":{"start":{"line":172,"column":0},"end":{"line":172,"column":48}},"172":{"start":{"line":173,"column":0},"end":{"line":173,"column":48}},"173":{"start":{"line":174,"column":0},"end":{"line":174,"column":40}},"174":{"start":{"line":175,"column":0},"end":{"line":175,"column":3}},"176":{"start":{"line":177,"column":0},"end":{"line":177,"column":76}},"177":{"start":{"line":178,"column":0},"end":{"line":178,"column":90}},"178":{"start":{"line":179,"column":0},"end":{"line":179,"column":3}},"180":{"start":{"line":181,"column":0},"end":{"line":181,"column":85}},"181":{"start":{"line":182,"column":0},"end":{"line":182,"column":35}},"182":{"start":{"line":183,"column":0},"end":{"line":183,"column":11}},"183":{"start":{"line":184,"column":0},"end":{"line":184,"column":7}},"184":{"start":{"line":185,"column":0},"end":{"line":185,"column":82}},"185":{"start":{"line":186,"column":0},"end":{"line":186,"column":82}},"186":{"start":{"line":187,"column":0},"end":{"line":187,"column":8}},"187":{"start":{"line":188,"column":0},"end":{"line":188,"column":14}},"188":{"start":{"line":189,"column":0},"end":{"line":189,"column":6}},"189":{"start":{"line":190,"column":0},"end":{"line":190,"column":3}},"191":{"start":{"line":192,"column":0},"end":{"line":192,"column":84}},"192":{"start":{"line":193,"column":0},"end":{"line":193,"column":35}},"193":{"start":{"line":194,"column":0},"end":{"line":194,"column":10}},"194":{"start":{"line":195,"column":0},"end":{"line":195,"column":7}},"195":{"start":{"line":196,"column":0},"end":{"line":196,"column":60}},"196":{"start":{"line":197,"column":0},"end":{"line":197,"column":60}},"197":{"start":{"line":198,"column":0},"end":{"line":198,"column":8}},"198":{"start":{"line":199,"column":0},"end":{"line":199,"column":14}},"199":{"start":{"line":200,"column":0},"end":{"line":200,"column":6}},"200":{"start":{"line":201,"column":0},"end":{"line":201,"column":3}},"202":{"start":{"line":203,"column":0},"end":{"line":203,"column":41}},"203":{"start":{"line":204,"column":0},"end":{"line":204,"column":17}},"204":{"start":{"line":205,"column":0},"end":{"line":205,"column":13}},"208":{"start":{"line":209,"column":0},"end":{"line":209,"column":37}},"209":{"start":{"line":210,"column":0},"end":{"line":210,"column":20}},"210":{"start":{"line":211,"column":0},"end":{"line":211,"column":27}},"211":{"start":{"line":212,"column":0},"end":{"line":212,"column":13}},"212":{"start":{"line":213,"column":0},"end":{"line":213,"column":38}},"213":{"start":{"line":214,"column":0},"end":{"line":214,"column":68}},"214":{"start":{"line":215,"column":0},"end":{"line":215,"column":14}},"215":{"start":{"line":216,"column":0},"end":{"line":216,"column":62}},"216":{"start":{"line":217,"column":0},"end":{"line":217,"column":7}},"217":{"start":{"line":218,"column":0},"end":{"line":218,"column":12}},"218":{"start":{"line":219,"column":0},"end":{"line":219,"column":40}},"219":{"start":{"line":220,"column":0},"end":{"line":220,"column":63}},"220":{"start":{"line":221,"column":0},"end":{"line":221,"column":27}},"221":{"start":{"line":222,"column":0},"end":{"line":222,"column":5}},"222":{"start":{"line":223,"column":0},"end":{"line":223,"column":3}},"224":{"start":{"line":225,"column":0},"end":{"line":225,"column":21}},"225":{"start":{"line":226,"column":0},"end":{"line":226,"column":54}},"226":{"start":{"line":227,"column":0},"end":{"line":227,"column":3}},"228":{"start":{"line":229,"column":0},"end":{"line":229,"column":40}},"229":{"start":{"line":230,"column":0},"end":{"line":230,"column":74}},"230":{"start":{"line":231,"column":0},"end":{"line":231,"column":3}},"232":{"start":{"line":233,"column":0},"end":{"line":233,"column":62}},"233":{"start":{"line":234,"column":0},"end":{"line":234,"column":28}},"234":{"start":{"line":235,"column":0},"end":{"line":235,"column":76}},"235":{"start":{"line":236,"column":0},"end":{"line":236,"column":3}},"237":{"start":{"line":238,"column":0},"end":{"line":238,"column":43}},"238":{"start":{"line":239,"column":0},"end":{"line":239,"column":55}},"239":{"start":{"line":240,"column":0},"end":{"line":240,"column":3}},"240":{"start":{"line":241,"column":0},"end":{"line":241,"column":1}},"242":{"start":{"line":243,"column":0},"end":{"line":243,"column":62}},"243":{"start":{"line":244,"column":0},"end":{"line":244,"column":30}},"244":{"start":{"line":245,"column":0},"end":{"line":245,"column":38}},"245":{"start":{"line":246,"column":0},"end":{"line":246,"column":53}},"246":{"start":{"line":247,"column":0},"end":{"line":247,"column":15}},"247":{"start":{"line":248,"column":0},"end":{"line":248,"column":99}},"248":{"start":{"line":249,"column":0},"end":{"line":249,"column":2}},"250":{"start":{"line":251,"column":0},"end":{"line":251,"column":84}},"251":{"start":{"line":252,"column":0},"end":{"line":252,"column":22}},"252":{"start":{"line":253,"column":0},"end":{"line":253,"column":17}},"253":{"start":{"line":254,"column":0},"end":{"line":254,"column":68}},"254":{"start":{"line":255,"column":0},"end":{"line":255,"column":15}},"255":{"start":{"line":256,"column":0},"end":{"line":256,"column":63}},"256":{"start":{"line":257,"column":0},"end":{"line":257,"column":14}},"257":{"start":{"line":258,"column":0},"end":{"line":258,"column":62}},"258":{"start":{"line":259,"column":0},"end":{"line":259,"column":12}},"259":{"start":{"line":260,"column":0},"end":{"line":260,"column":31}},"260":{"start":{"line":261,"column":0},"end":{"line":261,"column":3}},"261":{"start":{"line":262,"column":0},"end":{"line":262,"column":2}},"263":{"start":{"line":264,"column":0},"end":{"line":264,"column":66}},"264":{"start":{"line":265,"column":0},"end":{"line":265,"column":31}},"265":{"start":{"line":266,"column":0},"end":{"line":266,"column":29}},"266":{"start":{"line":267,"column":0},"end":{"line":267,"column":38}},"267":{"start":{"line":268,"column":0},"end":{"line":268,"column":61}},"268":{"start":{"line":269,"column":0},"end":{"line":269,"column":2}},"270":{"start":{"line":271,"column":0},"end":{"line":271,"column":45}},"271":{"start":{"line":272,"column":0},"end":{"line":272,"column":48}},"272":{"start":{"line":273,"column":0},"end":{"line":273,"column":2}},"274":{"start":{"line":275,"column":0},"end":{"line":275,"column":57}},"275":{"start":{"line":276,"column":0},"end":{"line":276,"column":54}},"276":{"start":{"line":277,"column":0},"end":{"line":277,"column":2}},"278":{"start":{"line":279,"column":0},"end":{"line":279,"column":26}},"279":{"start":{"line":280,"column":0},"end":{"line":280,"column":34}},"280":{"start":{"line":281,"column":0},"end":{"line":281,"column":39}},"281":{"start":{"line":282,"column":0},"end":{"line":282,"column":80}},"282":{"start":{"line":283,"column":0},"end":{"line":283,"column":3}},"283":{"start":{"line":284,"column":0},"end":{"line":284,"column":22}},"284":{"start":{"line":285,"column":0},"end":{"line":285,"column":35}},"285":{"start":{"line":286,"column":0},"end":{"line":286,"column":3}},"286":{"start":{"line":287,"column":0},"end":{"line":287,"column":1}}},"s":{"0":1,"59":1,"61":1,"62":1,"63":4,"64":4,"65":4,"67":1,"68":4,"69":4,"70":4,"72":1,"73":0,"74":0,"75":0,"76":0,"77":0,"78":0,"79":0,"80":0,"81":0,"82":0,"83":0,"84":0,"85":0,"86":0,"87":0,"89":1,"90":41,"91":41,"92":41,"94":92,"95":41,"96":41,"98":1,"99":0,"100":0,"101":0,"102":0,"103":0,"104":0,"105":0,"107":0,"108":0,"109":0,"110":0,"111":0,"112":0,"113":0,"114":0,"116":1,"117":1,"118":1,"119":1,"120":1,"121":1,"122":3,"123":3,"124":1,"125":1,"126":3,"127":1,"128":1,"129":3,"130":1,"131":1,"132":3,"133":0,"134":3,"135":3,"137":1,"138":1,"139":1,"141":1,"142":26,"143":26,"144":26,"145":26,"146":26,"147":25,"148":16,"149":9,"150":1,"151":26,"152":26,"153":26,"154":26,"155":26,"156":26,"158":1,"159":16,"160":16,"161":16,"162":16,"163":16,"164":16,"165":16,"167":1,"168":4,"169":4,"170":0,"171":0,"172":0,"173":4,"174":4,"176":1,"177":4,"178":4,"180":1,"181":26,"182":26,"183":26,"184":26,"185":26,"186":26,"187":26,"188":26,"189":26,"191":1,"192":4,"193":4,"194":4,"195":4,"196":4,"197":4,"198":4,"199":4,"200":4,"202":1,"203":30,"204":30,"208":30,"209":30,"210":30,"211":30,"212":0,"213":0,"214":0,"215":0,"216":0,"217":30,"218":30,"219":30,"220":30,"221":30,"222":30,"224":1,"225":86,"226":86,"228":1,"229":26,"230":26,"232":1,"233":96,"234":96,"235":96,"237":1,"238":74,"239":74,"240":1,"242":1,"243":16,"244":16,"245":16,"246":16,"247":16,"248":16,"250":1,"251":30,"252":30,"253":20,"254":30,"255":6,"256":30,"257":4,"258":30,"259":0,"260":30,"261":30,"263":1,"264":8,"265":8,"266":8,"267":8,"268":8,"270":1,"271":4,"272":4,"274":1,"275":3,"276":3,"278":1,"279":0,"280":0,"281":0,"282":0,"283":0,"284":0,"285":0,"286":0},"branchMap":{"0":{"type":"branch","line":63,"loc":{"start":{"line":63,"column":2},"end":{"line":66,"column":6}},"locations":[{"start":{"line":63,"column":2},"end":{"line":66,"column":6}}]},"1":{"type":"branch","line":68,"loc":{"start":{"line":68,"column":2},"end":{"line":71,"column":3}},"locations":[{"start":{"line":68,"column":2},"end":{"line":71,"column":3}}]},"2":{"type":"branch","line":69,"loc":{"start":{"line":69,"column":23},"end":{"line":69,"column":37}},"locations":[{"start":{"line":69,"column":23},"end":{"line":69,"column":37}}]},"3":{"type":"branch","line":69,"loc":{"start":{"line":69,"column":32},"end":{"line":69,"column":71}},"locations":[{"start":{"line":69,"column":32},"end":{"line":69,"column":71}}]},"4":{"type":"branch","line":90,"loc":{"start":{"line":90,"column":2},"end":{"line":97,"column":3}},"locations":[{"start":{"line":90,"column":2},"end":{"line":97,"column":3}}]},"5":{"type":"branch","line":93,"loc":{"start":{"line":93,"column":6},"end":{"line":95,"column":33}},"locations":[{"start":{"line":93,"column":6},"end":{"line":95,"column":33}}]},"6":{"type":"branch","line":117,"loc":{"start":{"line":117,"column":2},"end":{"line":140,"column":3}},"locations":[{"start":{"line":117,"column":2},"end":{"line":140,"column":3}}]},"7":{"type":"branch","line":122,"loc":{"start":{"line":122,"column":47},"end":{"line":136,"column":5}},"locations":[{"start":{"line":122,"column":47},"end":{"line":136,"column":5}}]},"8":{"type":"branch","line":124,"loc":{"start":{"line":124,"column":8},"end":{"line":126,"column":16}},"locations":[{"start":{"line":124,"column":8},"end":{"line":126,"column":16}}]},"9":{"type":"branch","line":127,"loc":{"start":{"line":127,"column":8},"end":{"line":129,"column":16}},"locations":[{"start":{"line":127,"column":8},"end":{"line":129,"column":16}}]},"10":{"type":"branch","line":130,"loc":{"start":{"line":130,"column":8},"end":{"line":132,"column":16}},"locations":[{"start":{"line":130,"column":8},"end":{"line":132,"column":16}}]},"11":{"type":"branch","line":133,"loc":{"start":{"line":133,"column":8},"end":{"line":134,"column":32}},"locations":[{"start":{"line":133,"column":8},"end":{"line":134,"column":32}}]},"12":{"type":"branch","line":142,"loc":{"start":{"line":142,"column":2},"end":{"line":157,"column":3}},"locations":[{"start":{"line":142,"column":2},"end":{"line":157,"column":3}}]},"13":{"type":"branch","line":147,"loc":{"start":{"line":147,"column":15},"end":{"line":150,"column":79}},"locations":[{"start":{"line":147,"column":15},"end":{"line":150,"column":79}}]},"14":{"type":"branch","line":148,"loc":{"start":{"line":148,"column":27},"end":{"line":149,"column":69}},"locations":[{"start":{"line":148,"column":27},"end":{"line":149,"column":69}}]},"15":{"type":"branch","line":149,"loc":{"start":{"line":149,"column":68},"end":{"line":150,"column":79}},"locations":[{"start":{"line":149,"column":68},"end":{"line":150,"column":79}}]},"16":{"type":"branch","line":150,"loc":{"start":{"line":150,"column":31},"end":{"line":150,"column":53}},"locations":[{"start":{"line":150,"column":31},"end":{"line":150,"column":53}}]},"17":{"type":"branch","line":150,"loc":{"start":{"line":150,"column":78},"end":{"line":151,"column":54}},"locations":[{"start":{"line":150,"column":78},"end":{"line":151,"column":54}}]},"18":{"type":"branch","line":155,"loc":{"start":{"line":155,"column":32},"end":{"line":155,"column":48}},"locations":[{"start":{"line":155,"column":32},"end":{"line":155,"column":48}}]},"19":{"type":"branch","line":159,"loc":{"start":{"line":159,"column":2},"end":{"line":166,"column":3}},"locations":[{"start":{"line":159,"column":2},"end":{"line":166,"column":3}}]},"20":{"type":"branch","line":164,"loc":{"start":{"line":164,"column":70},"end":{"line":164,"column":81}},"locations":[{"start":{"line":164,"column":70},"end":{"line":164,"column":81}}]},"21":{"type":"branch","line":164,"loc":{"start":{"line":164,"column":33},"end":{"line":164,"column":65}},"locations":[{"start":{"line":164,"column":33},"end":{"line":164,"column":65}}]},"22":{"type":"branch","line":168,"loc":{"start":{"line":168,"column":2},"end":{"line":175,"column":3}},"locations":[{"start":{"line":168,"column":2},"end":{"line":175,"column":3}}]},"23":{"type":"branch","line":170,"loc":{"start":{"line":170,"column":11},"end":{"line":170,"column":22}},"locations":[{"start":{"line":170,"column":11},"end":{"line":170,"column":22}}]},"24":{"type":"branch","line":170,"loc":{"start":{"line":170,"column":20},"end":{"line":173,"column":48}},"locations":[{"start":{"line":170,"column":20},"end":{"line":173,"column":48}}]},"25":{"type":"branch","line":177,"loc":{"start":{"line":177,"column":2},"end":{"line":179,"column":3}},"locations":[{"start":{"line":177,"column":2},"end":{"line":179,"column":3}}]},"26":{"type":"branch","line":178,"loc":{"start":{"line":178,"column":11},"end":{"line":178,"column":25}},"locations":[{"start":{"line":178,"column":11},"end":{"line":178,"column":25}}]},"27":{"type":"branch","line":178,"loc":{"start":{"line":178,"column":20},"end":{"line":178,"column":62}},"locations":[{"start":{"line":178,"column":20},"end":{"line":178,"column":62}}]},"28":{"type":"branch","line":181,"loc":{"start":{"line":181,"column":2},"end":{"line":190,"column":3}},"locations":[{"start":{"line":181,"column":2},"end":{"line":190,"column":3}}]},"29":{"type":"branch","line":185,"loc":{"start":{"line":185,"column":15},"end":{"line":185,"column":82}},"locations":[{"start":{"line":185,"column":15},"end":{"line":185,"column":82}}]},"30":{"type":"branch","line":192,"loc":{"start":{"line":192,"column":2},"end":{"line":201,"column":3}},"locations":[{"start":{"line":192,"column":2},"end":{"line":201,"column":3}}]},"31":{"type":"branch","line":196,"loc":{"start":{"line":196,"column":15},"end":{"line":196,"column":60}},"locations":[{"start":{"line":196,"column":15},"end":{"line":196,"column":60}}]},"32":{"type":"branch","line":203,"loc":{"start":{"line":203,"column":2},"end":{"line":223,"column":3}},"locations":[{"start":{"line":203,"column":2},"end":{"line":223,"column":3}}]},"33":{"type":"branch","line":211,"loc":{"start":{"line":211,"column":15},"end":{"line":211,"column":27}},"locations":[{"start":{"line":211,"column":15},"end":{"line":211,"column":27}}]},"34":{"type":"branch","line":212,"loc":{"start":{"line":212,"column":12},"end":{"line":218,"column":11}},"locations":[{"start":{"line":212,"column":12},"end":{"line":218,"column":11}}]},"35":{"type":"branch","line":220,"loc":{"start":{"line":220,"column":22},"end":{"line":220,"column":61}},"locations":[{"start":{"line":220,"column":22},"end":{"line":220,"column":61}}]},"36":{"type":"branch","line":225,"loc":{"start":{"line":225,"column":2},"end":{"line":227,"column":3}},"locations":[{"start":{"line":225,"column":2},"end":{"line":227,"column":3}}]},"37":{"type":"branch","line":229,"loc":{"start":{"line":229,"column":2},"end":{"line":231,"column":3}},"locations":[{"start":{"line":229,"column":2},"end":{"line":231,"column":3}}]},"38":{"type":"branch","line":233,"loc":{"start":{"line":233,"column":2},"end":{"line":236,"column":3}},"locations":[{"start":{"line":233,"column":2},"end":{"line":236,"column":3}}]},"39":{"type":"branch","line":235,"loc":{"start":{"line":235,"column":11},"end":{"line":235,"column":66}},"locations":[{"start":{"line":235,"column":11},"end":{"line":235,"column":66}}]},"40":{"type":"branch","line":235,"loc":{"start":{"line":235,"column":49},"end":{"line":235,"column":76}},"locations":[{"start":{"line":235,"column":49},"end":{"line":235,"column":76}}]},"41":{"type":"branch","line":238,"loc":{"start":{"line":238,"column":2},"end":{"line":240,"column":3}},"locations":[{"start":{"line":238,"column":2},"end":{"line":240,"column":3}}]},"42":{"type":"branch","line":243,"loc":{"start":{"line":243,"column":33},"end":{"line":249,"column":2}},"locations":[{"start":{"line":243,"column":33},"end":{"line":249,"column":2}}]},"43":{"type":"branch","line":247,"loc":{"start":{"line":247,"column":9},"end":{"line":248,"column":99}},"locations":[{"start":{"line":247,"column":9},"end":{"line":248,"column":99}}]},"44":{"type":"branch","line":248,"loc":{"start":{"line":248,"column":26},"end":{"line":248,"column":78}},"locations":[{"start":{"line":248,"column":26},"end":{"line":248,"column":78}}]},"45":{"type":"branch","line":248,"loc":{"start":{"line":248,"column":74},"end":{"line":248,"column":99}},"locations":[{"start":{"line":248,"column":74},"end":{"line":248,"column":99}}]},"46":{"type":"branch","line":251,"loc":{"start":{"line":251,"column":32},"end":{"line":262,"column":2}},"locations":[{"start":{"line":251,"column":32},"end":{"line":262,"column":2}}]},"47":{"type":"branch","line":253,"loc":{"start":{"line":253,"column":4},"end":{"line":254,"column":68}},"locations":[{"start":{"line":253,"column":4},"end":{"line":254,"column":68}}]},"48":{"type":"branch","line":255,"loc":{"start":{"line":255,"column":4},"end":{"line":256,"column":63}},"locations":[{"start":{"line":255,"column":4},"end":{"line":256,"column":63}}]},"49":{"type":"branch","line":257,"loc":{"start":{"line":257,"column":4},"end":{"line":258,"column":62}},"locations":[{"start":{"line":257,"column":4},"end":{"line":258,"column":62}}]},"50":{"type":"branch","line":259,"loc":{"start":{"line":259,"column":4},"end":{"line":260,"column":31}},"locations":[{"start":{"line":259,"column":4},"end":{"line":260,"column":31}}]},"51":{"type":"branch","line":264,"loc":{"start":{"line":264,"column":37},"end":{"line":269,"column":2}},"locations":[{"start":{"line":264,"column":37},"end":{"line":269,"column":2}}]},"52":{"type":"branch","line":268,"loc":{"start":{"line":268,"column":9},"end":{"line":268,"column":61}},"locations":[{"start":{"line":268,"column":9},"end":{"line":268,"column":61}}]},"53":{"type":"branch","line":271,"loc":{"start":{"line":271,"column":33},"end":{"line":273,"column":2}},"locations":[{"start":{"line":271,"column":33},"end":{"line":273,"column":2}}]},"54":{"type":"branch","line":272,"loc":{"start":{"line":272,"column":9},"end":{"line":272,"column":48}},"locations":[{"start":{"line":272,"column":9},"end":{"line":272,"column":48}}]},"55":{"type":"branch","line":275,"loc":{"start":{"line":275,"column":45},"end":{"line":277,"column":2}},"locations":[{"start":{"line":275,"column":45},"end":{"line":277,"column":2}}]},"56":{"type":"branch","line":276,"loc":{"start":{"line":276,"column":9},"end":{"line":276,"column":54}},"locations":[{"start":{"line":276,"column":9},"end":{"line":276,"column":54}}]},"57":{"type":"branch","line":279,"loc":{"start":{"line":279,"column":25},"end":{"line":287,"column":1}},"locations":[{"start":{"line":279,"column":25},"end":{"line":287,"column":1}}]}},"b":{"0":[4],"1":[4],"2":[0],"3":[0],"4":[41],"5":[92],"6":[1],"7":[3],"8":[1],"9":[1],"10":[1],"11":[0],"12":[26],"13":[25],"14":[16],"15":[9],"16":[0],"17":[1],"18":[30],"19":[16],"20":[0],"21":[1],"22":[4],"23":[0],"24":[0],"25":[4],"26":[0],"27":[0],"28":[26],"29":[70],"30":[4],"31":[4],"32":[30],"33":[0],"34":[0],"35":[74],"36":[86],"37":[26],"38":[96],"39":[94],"40":[2],"41":[74],"42":[16],"43":[16],"44":[8],"45":[8],"46":[30],"47":[20],"48":[6],"49":[4],"50":[0],"51":[8],"52":[8],"53":[4],"54":[4],"55":[3],"56":[3],"57":[0]},"fnMap":{"0":{"name":"Index","decl":{"start":{"line":63,"column":2},"end":{"line":66,"column":6}},"loc":{"start":{"line":63,"column":2},"end":{"line":66,"column":6}},"line":63},"1":{"name":"get","decl":{"start":{"line":68,"column":2},"end":{"line":71,"column":3}},"loc":{"start":{"line":68,"column":2},"end":{"line":71,"column":3}},"line":68},"2":{"name":"getOnSnapshot","decl":{"start":{"line":73,"column":2},"end":{"line":88,"column":3}},"loc":{"start":{"line":73,"column":2},"end":{"line":88,"column":3}},"line":73},"3":{"name":"list","decl":{"start":{"line":90,"column":2},"end":{"line":97,"column":3}},"loc":{"start":{"line":90,"column":2},"end":{"line":97,"column":3}},"line":90},"4":{"name":"listOnSnapshot","decl":{"start":{"line":99,"column":2},"end":{"line":115,"column":3}},"loc":{"start":{"line":99,"column":2},"end":{"line":115,"column":3}},"line":99},"5":{"name":"aggregate","decl":{"start":{"line":117,"column":2},"end":{"line":140,"column":3}},"loc":{"start":{"line":117,"column":2},"end":{"line":140,"column":3}},"line":117},"6":{"name":"query","decl":{"start":{"line":142,"column":2},"end":{"line":157,"column":3}},"loc":{"start":{"line":142,"column":2},"end":{"line":157,"column":3}},"line":142},"7":{"name":"collectionGroupQuery","decl":{"start":{"line":159,"column":2},"end":{"line":166,"column":3}},"loc":{"start":{"line":159,"column":2},"end":{"line":166,"column":3}},"line":159},"8":{"name":"set","decl":{"start":{"line":168,"column":2},"end":{"line":175,"column":3}},"loc":{"start":{"line":168,"column":2},"end":{"line":175,"column":3}},"line":168},"9":{"name":"delete","decl":{"start":{"line":177,"column":2},"end":{"line":179,"column":3}},"loc":{"start":{"line":177,"column":2},"end":{"line":179,"column":3}},"line":177},"10":{"name":"batchSet","decl":{"start":{"line":181,"column":2},"end":{"line":190,"column":3}},"loc":{"start":{"line":181,"column":2},"end":{"line":190,"column":3}},"line":181},"11":{"name":"batch","decl":{"start":{"line":185,"column":15},"end":{"line":185,"column":82}},"loc":{"start":{"line":185,"column":15},"end":{"line":185,"column":82}},"line":185},"12":{"name":"transaction","decl":{"start":{"line":186,"column":21},"end":{"line":186,"column":82}},"loc":{"start":{"line":186,"column":21},"end":{"line":186,"column":82}},"line":186},"13":{"name":"batchDelete","decl":{"start":{"line":192,"column":2},"end":{"line":201,"column":3}},"loc":{"start":{"line":192,"column":2},"end":{"line":201,"column":3}},"line":192},"14":{"name":"batch","decl":{"start":{"line":196,"column":15},"end":{"line":196,"column":60}},"loc":{"start":{"line":196,"column":15},"end":{"line":196,"column":60}},"line":196},"15":{"name":"transaction","decl":{"start":{"line":197,"column":21},"end":{"line":197,"column":60}},"loc":{"start":{"line":197,"column":21},"end":{"line":197,"column":60}},"line":197},"16":{"name":"batchWriteOperation","decl":{"start":{"line":203,"column":2},"end":{"line":223,"column":3}},"loc":{"start":{"line":203,"column":2},"end":{"line":223,"column":3}},"line":203},"17":{"name":"docRef","decl":{"start":{"line":225,"column":2},"end":{"line":227,"column":3}},"loc":{"start":{"line":225,"column":2},"end":{"line":227,"column":3}},"line":225},"18":{"name":"collectionRef","decl":{"start":{"line":229,"column":2},"end":{"line":231,"column":3}},"loc":{"start":{"line":229,"column":2},"end":{"line":231,"column":3}},"line":229},"19":{"name":"fromFirestore","decl":{"start":{"line":233,"column":2},"end":{"line":236,"column":3}},"loc":{"start":{"line":233,"column":2},"end":{"line":236,"column":3}},"line":233},"20":{"name":"toFirestore","decl":{"start":{"line":238,"column":2},"end":{"line":240,"column":3}},"loc":{"start":{"line":238,"column":2},"end":{"line":240,"column":3}},"line":238},"21":{"name":"where","decl":{"start":{"line":243,"column":33},"end":{"line":249,"column":2}},"loc":{"start":{"line":243,"column":33},"end":{"line":249,"column":2}},"line":243},"22":{"name":"convertFilterExpression","decl":{"start":{"line":251,"column":32},"end":{"line":262,"column":2}},"loc":{"start":{"line":251,"column":32},"end":{"line":262,"column":2}},"line":251},"23":{"name":"orderBy","decl":{"start":{"line":264,"column":37},"end":{"line":269,"column":2}},"loc":{"start":{"line":264,"column":37},"end":{"line":269,"column":2}},"line":264},"24":{"name":"limit","decl":{"start":{"line":271,"column":33},"end":{"line":273,"column":2}},"loc":{"start":{"line":271,"column":33},"end":{"line":273,"column":2}},"line":271},"25":{"name":"limitToLast","decl":{"start":{"line":275,"column":45},"end":{"line":277,"column":2}},"loc":{"start":{"line":275,"column":45},"end":{"line":277,"column":2}},"line":275},"26":{"name":"<instance_members_initializer>","decl":{"start":{"line":279,"column":25},"end":{"line":287,"column":1}},"loc":{"start":{"line":279,"column":25},"end":{"line":287,"column":1}},"line":279}},"f":{"0":4,"1":4,"2":0,"3":41,"4":0,"5":1,"6":26,"7":16,"8":4,"9":4,"10":26,"11":70,"12":0,"13":4,"14":4,"15":0,"16":30,"17":86,"18":26,"19":96,"20":74,"21":16,"22":30,"23":8,"24":4,"25":3,"26":0}}
,"/Users/ikenonaoto/repos/github.com/ikenox/firestar/packages/firestore-repository/src/index.ts": {"path":"/Users/ikenonaoto/repos/github.com/ikenox/firestar/packages/firestore-repository/src/index.ts","all":false,"statementMap":{"0":{"start":{"line":1,"column":0},"end":{"line":1,"column":27}},"1":{"start":{"line":7,"column":0},"end":{"line":7,"column":68}},"2":{"start":{"line":8,"column":0},"end":{"line":8,"column":12}},"3":{"start":{"line":10,"column":0},"end":{"line":10,"column":91}},"4":{"start":{"line":11,"column":0},"end":{"line":11,"column":13}},"5":{"start":{"line":12,"column":0},"end":{"line":12,"column":36}},"6":{"start":{"line":13,"column":0},"end":{"line":13,"column":14}},"7":{"start":{"line":14,"column":0},"end":{"line":14,"column":31}},"8":{"start":{"line":15,"column":0},"end":{"line":15,"column":3}},"9":{"start":{"line":17,"column":0},"end":{"line":17,"column":99}},"10":{"start":{"line":18,"column":0},"end":{"line":18,"column":27}},"11":{"start":{"line":19,"column":0},"end":{"line":19,"column":13}},"12":{"start":{"line":20,"column":0},"end":{"line":20,"column":44}},"13":{"start":{"line":21,"column":0},"end":{"line":21,"column":14}},"14":{"start":{"line":22,"column":0},"end":{"line":22,"column":46}},"15":{"start":{"line":23,"column":0},"end":{"line":23,"column":3}},"16":{"start":{"line":95,"column":0},"end":{"line":95,"column":86}},"17":{"start":{"line":96,"column":0},"end":{"line":96,"column":33}},"18":{"start":{"line":97,"column":0},"end":{"line":97,"column":50}},"19":{"start":{"line":98,"column":0},"end":{"line":98,"column":2}},"20":{"start":{"line":103,"column":0},"end":{"line":103,"column":99}},"21":{"start":{"line":104,"column":0},"end":{"line":104,"column":88}},"22":{"start":{"line":105,"column":0},"end":{"line":105,"column":2}},"23":{"start":{"line":107,"column":0},"end":{"line":107,"column":48}},"24":{"start":{"line":174,"column":0},"end":{"line":174,"column":26}},"25":{"start":{"line":179,"column":0},"end":{"line":179,"column":18}},"26":{"start":{"line":180,"column":0},"end":{"line":180,"column":12}},"27":{"start":{"line":181,"column":0},"end":{"line":181,"column":69}},"28":{"start":{"line":182,"column":0},"end":{"line":182,"column":75}},"29":{"start":{"line":183,"column":0},"end":{"line":183,"column":94}},"30":{"start":{"line":184,"column":0},"end":{"line":184,"column":13}},"31":{"start":{"line":185,"column":0},"end":{"line":185,"column":10}},"32":{"start":{"line":186,"column":0},"end":{"line":186,"column":3}},"33":{"start":{"line":187,"column":0},"end":{"line":187,"column":96}},"34":{"start":{"line":188,"column":0},"end":{"line":188,"column":14}},"35":{"start":{"line":189,"column":0},"end":{"line":189,"column":10}},"36":{"start":{"line":190,"column":0},"end":{"line":190,"column":3}},"37":{"start":{"line":202,"column":0},"end":{"line":202,"column":90}},"38":{"start":{"line":203,"column":0},"end":{"line":203,"column":14}},"39":{"start":{"line":204,"column":0},"end":{"line":204,"column":7}},"40":{"start":{"line":205,"column":0},"end":{"line":205,"column":3}},"41":{"start":{"line":206,"column":0},"end":{"line":206,"column":98}},"42":{"start":{"line":207,"column":0},"end":{"line":207,"column":18}},"43":{"start":{"line":208,"column":0},"end":{"line":208,"column":7}},"44":{"start":{"line":209,"column":0},"end":{"line":209,"column":3}},"45":{"start":{"line":210,"column":0},"end":{"line":210,"column":36}},"46":{"start":{"line":211,"column":0},"end":{"line":211,"column":16}},"47":{"start":{"line":212,"column":0},"end":{"line":212,"column":3}},"48":{"start":{"line":399,"column":0},"end":{"line":399,"column":49}},"49":{"start":{"line":400,"column":0},"end":{"line":400,"column":61}},"50":{"start":{"line":401,"column":0},"end":{"line":401,"column":2}}},"s":{"0":3,"1":6,"2":6,"3":3,"4":6,"5":6,"6":6,"7":6,"8":6,"9":3,"10":3,"11":3,"12":3,"13":3,"14":3,"15":3,"16":3,"17":241,"18":241,"19":241,"20":3,"21":296,"22":296,"23":3,"24":3,"25":40,"26":40,"27":40,"28":40,"29":3,"30":8,"31":8,"32":8,"33":3,"34":12,"35":12,"36":12,"37":3,"38":2,"39":2,"40":2,"41":3,"42":2,"43":2,"44":2,"45":3,"46":2,"47":2,"48":3,"49":0,"50":0},"branchMap":{"0":{"type":"branch","line":1,"loc":{"start":{"line":1,"column":26},"end":{"line":8,"column":12}},"locations":[{"start":{"line":1,"column":26},"end":{"line":8,"column":12}}]},"1":{"type":"branch","line":10,"loc":{"start":{"line":10,"column":18},"end":{"line":15,"column":3}},"locations":[{"start":{"line":10,"column":18},"end":{"line":15,"column":3}}]},"2":{"type":"branch","line":14,"loc":{"start":{"line":14,"column":6},"end":{"line":14,"column":31}},"locations":[{"start":{"line":14,"column":6},"end":{"line":14,"column":31}}]},"3":{"type":"branch","line":17,"loc":{"start":{"line":17,"column":26},"end":{"line":23,"column":3}},"locations":[{"start":{"line":17,"column":26},"end":{"line":23,"column":3}}]},"4":{"type":"branch","line":22,"loc":{"start":{"line":22,"column":6},"end":{"line":22,"column":46}},"locations":[{"start":{"line":22,"column":6},"end":{"line":22,"column":46}}]},"5":{"type":"branch","line":95,"loc":{"start":{"line":95,"column":23},"end":{"line":98,"column":2}},"locations":[{"start":{"line":95,"column":23},"end":{"line":98,"column":2}}]},"6":{"type":"branch","line":103,"loc":{"start":{"line":103,"column":30},"end":{"line":105,"column":2}},"locations":[{"start":{"line":103,"column":30},"end":{"line":105,"column":2}}]},"7":{"type":"branch","line":104,"loc":{"start":{"line":104,"column":16},"end":{"line":104,"column":76}},"locations":[{"start":{"line":104,"column":16},"end":{"line":104,"column":76}}]},"8":{"type":"branch","line":104,"loc":{"start":{"line":104,"column":71},"end":{"line":104,"column":88}},"locations":[{"start":{"line":104,"column":71},"end":{"line":104,"column":88}}]},"9":{"type":"branch","line":174,"loc":{"start":{"line":174,"column":25},"end":{"line":182,"column":75}},"locations":[{"start":{"line":174,"column":25},"end":{"line":182,"column":75}}]},"10":{"type":"branch","line":183,"loc":{"start":{"line":183,"column":18},"end":{"line":186,"column":3}},"locations":[{"start":{"line":183,"column":18},"end":{"line":186,"column":3}}]},"11":{"type":"branch","line":187,"loc":{"start":{"line":187,"column":19},"end":{"line":190,"column":3}},"locations":[{"start":{"line":187,"column":19},"end":{"line":190,"column":3}}]},"12":{"type":"branch","line":202,"loc":{"start":{"line":202,"column":19},"end":{"line":205,"column":3}},"locations":[{"start":{"line":202,"column":19},"end":{"line":205,"column":3}}]},"13":{"type":"branch","line":206,"loc":{"start":{"line":206,"column":23},"end":{"line":209,"column":3}},"locations":[{"start":{"line":206,"column":23},"end":{"line":209,"column":3}}]},"14":{"type":"branch","line":210,"loc":{"start":{"line":210,"column":21},"end":{"line":212,"column":3}},"locations":[{"start":{"line":210,"column":21},"end":{"line":212,"column":3}}]}},"b":{"0":[6],"1":[6],"2":[241],"3":[3],"4":[122],"5":[241],"6":[296],"7":[122],"8":[174],"9":[40],"10":[8],"11":[12],"12":[2],"13":[2],"14":[2]},"fnMap":{"0":{"name":"collection","decl":{"start":{"line":1,"column":26},"end":{"line":8,"column":12}},"loc":{"start":{"line":1,"column":26},"end":{"line":8,"column":12}},"line":1},"1":{"name":"id","decl":{"start":{"line":10,"column":18},"end":{"line":15,"column":3}},"loc":{"start":{"line":10,"column":18},"end":{"line":15,"column":3}},"line":10},"2":{"name":"to","decl":{"start":{"line":14,"column":6},"end":{"line":14,"column":31}},"loc":{"start":{"line":14,"column":6},"end":{"line":14,"column":31}},"line":14},"3":{"name":"parentPath","decl":{"start":{"line":17,"column":26},"end":{"line":23,"column":3}},"loc":{"start":{"line":17,"column":26},"end":{"line":23,"column":3}},"line":17},"4":{"name":"to","decl":{"start":{"line":22,"column":6},"end":{"line":22,"column":46}},"loc":{"start":{"line":22,"column":6},"end":{"line":22,"column":46}},"line":22},"5":{"name":"docPath","decl":{"start":{"line":95,"column":23},"end":{"line":98,"column":2}},"loc":{"start":{"line":95,"column":23},"end":{"line":98,"column":2}},"line":95},"6":{"name":"collectionPath","decl":{"start":{"line":103,"column":30},"end":{"line":105,"column":2}},"loc":{"start":{"line":103,"column":30},"end":{"line":105,"column":2}},"line":103},"7":{"name":"condition","decl":{"start":{"line":174,"column":25},"end":{"line":182,"column":75}},"loc":{"start":{"line":174,"column":25},"end":{"line":182,"column":75}},"line":174},"8":{"name":"or","decl":{"start":{"line":183,"column":18},"end":{"line":186,"column":3}},"loc":{"start":{"line":183,"column":18},"end":{"line":186,"column":3}},"line":183},"9":{"name":"and","decl":{"start":{"line":187,"column":19},"end":{"line":190,"column":3}},"loc":{"start":{"line":187,"column":19},"end":{"line":190,"column":3}},"line":187},"10":{"name":"sum","decl":{"start":{"line":202,"column":19},"end":{"line":205,"column":3}},"loc":{"start":{"line":202,"column":19},"end":{"line":205,"column":3}},"line":202},"11":{"name":"average","decl":{"start":{"line":206,"column":23},"end":{"line":209,"column":3}},"loc":{"start":{"line":206,"column":23},"end":{"line":209,"column":3}},"line":206},"12":{"name":"count","decl":{"start":{"line":210,"column":21},"end":{"line":212,"column":3}},"loc":{"start":{"line":210,"column":21},"end":{"line":212,"column":3}},"line":210},"13":{"name":"assertNever","decl":{"start":{"line":399,"column":27},"end":{"line":401,"column":2}},"loc":{"start":{"line":399,"column":27},"end":{"line":401,"column":2}},"line":399}},"f":{"0":6,"1":6,"2":241,"3":3,"4":122,"5":241,"6":296,"7":40,"8":8,"9":12,"10":2,"11":2,"12":2,"13":0}}
,"/Users/ikenonaoto/repos/github.com/ikenox/firestar/packages/firestore-repository/src/__test__/specification.ts": {"path":"/Users/ikenonaoto/repos/github.com/ikenox/firestar/packages/firestore-repository/src/__test__/specification.ts","all":false,"statementMap":{"0":{"start":{"line":1,"column":0},"end":{"line":1,"column":69}},"1":{"start":{"line":27,"column":0},"end":{"line":27,"column":45}},"2":{"start":{"line":28,"column":0},"end":{"line":28,"column":18}},"3":{"start":{"line":29,"column":0},"end":{"line":29,"column":9}},"4":{"start":{"line":30,"column":0},"end":{"line":30,"column":18}},"5":{"start":{"line":38,"column":0},"end":{"line":38,"column":12}},"6":{"start":{"line":39,"column":0},"end":{"line":39,"column":14}},"7":{"start":{"line":40,"column":0},"end":{"line":40,"column":47}},"8":{"start":{"line":41,"column":0},"end":{"line":41,"column":7}},"9":{"start":{"line":42,"column":0},"end":{"line":42,"column":23}},"10":{"start":{"line":43,"column":0},"end":{"line":43,"column":4}},"11":{"start":{"line":44,"column":0},"end":{"line":44,"column":21}},"12":{"start":{"line":45,"column":0},"end":{"line":45,"column":3}},"13":{"start":{"line":48,"column":0},"end":{"line":48,"column":43}},"14":{"start":{"line":49,"column":0},"end":{"line":49,"column":16}},"15":{"start":{"line":50,"column":0},"end":{"line":50,"column":9}},"16":{"start":{"line":51,"column":0},"end":{"line":51,"column":18}},"17":{"start":{"line":56,"column":0},"end":{"line":56,"column":12}},"18":{"start":{"line":57,"column":0},"end":{"line":57,"column":14}},"19":{"start":{"line":58,"column":0},"end":{"line":58,"column":39}},"20":{"start":{"line":59,"column":0},"end":{"line":59,"column":7}},"21":{"start":{"line":60,"column":0},"end":{"line":60,"column":23}},"22":{"start":{"line":61,"column":0},"end":{"line":61,"column":4}},"23":{"start":{"line":62,"column":0},"end":{"line":62,"column":19}},"24":{"start":{"line":63,"column":0},"end":{"line":63,"column":56}},"25":{"start":{"line":64,"column":0},"end":{"line":64,"column":3}},"26":{"start":{"line":69,"column":0},"end":{"line":69,"column":85}},"27":{"start":{"line":70,"column":0},"end":{"line":70,"column":86}},"28":{"start":{"line":71,"column":0},"end":{"line":71,"column":16}},"29":{"start":{"line":83,"column":0},"end":{"line":83,"column":6}},"30":{"start":{"line":84,"column":0},"end":{"line":84,"column":88}},"31":{"start":{"line":85,"column":0},"end":{"line":85,"column":52}},"32":{"start":{"line":86,"column":0},"end":{"line":86,"column":79}},"33":{"start":{"line":92,"column":0},"end":{"line":92,"column":61}},"34":{"start":{"line":93,"column":0},"end":{"line":93,"column":30}},"35":{"start":{"line":95,"column":0},"end":{"line":95,"column":68}},"36":{"start":{"line":96,"column":0},"end":{"line":96,"column":41}},"37":{"start":{"line":97,"column":0},"end":{"line":97,"column":9}},"38":{"start":{"line":99,"column":0},"end":{"line":99,"column":14}},"39":{"start":{"line":100,"column":0},"end":{"line":100,"column":19}},"40":{"start":{"line":101,"column":0},"end":{"line":101,"column":14}},"41":{"start":{"line":102,"column":0},"end":{"line":102,"column":51}},"42":{"start":{"line":103,"column":0},"end":{"line":103,"column":97}},"43":{"start":{"line":105,"column":0},"end":{"line":105,"column":17}},"44":{"start":{"line":106,"column":0},"end":{"line":106,"column":89}},"45":{"start":{"line":107,"column":0},"end":{"line":107,"column":26}},"46":{"start":{"line":108,"column":0},"end":{"line":108,"column":92}},"47":{"start":{"line":109,"column":0},"end":{"line":109,"column":12}},"48":{"start":{"line":110,"column":0},"end":{"line":110,"column":10}},"49":{"start":{"line":111,"column":0},"end":{"line":111,"column":8}},"50":{"start":{"line":112,"column":0},"end":{"line":112,"column":6}},"51":{"start":{"line":114,"column":0},"end":{"line":114,"column":40}},"52":{"start":{"line":115,"column":0},"end":{"line":115,"column":54}},"53":{"start":{"line":117,"column":0},"end":{"line":117,"column":29}},"54":{"start":{"line":118,"column":0},"end":{"line":118,"column":34}},"55":{"start":{"line":119,"column":0},"end":{"line":119,"column":73}},"56":{"start":{"line":120,"column":0},"end":{"line":120,"column":11}},"57":{"start":{"line":122,"column":0},"end":{"line":122,"column":37}},"58":{"start":{"line":123,"column":0},"end":{"line":123,"column":79}},"59":{"start":{"line":124,"column":0},"end":{"line":124,"column":11}},"60":{"start":{"line":125,"column":0},"end":{"line":125,"column":9}},"61":{"start":{"line":127,"column":0},"end":{"line":127,"column":29}},"62":{"start":{"line":128,"column":0},"end":{"line":128,"column":41}},"63":{"start":{"line":130,"column":0},"end":{"line":130,"column":34}},"64":{"start":{"line":131,"column":0},"end":{"line":131,"column":40}},"65":{"start":{"line":132,"column":0},"end":{"line":132,"column":46}},"66":{"start":{"line":133,"column":0},"end":{"line":133,"column":11}},"67":{"start":{"line":135,"column":0},"end":{"line":135,"column":34}},"68":{"start":{"line":136,"column":0},"end":{"line":136,"column":42}},"69":{"start":{"line":137,"column":0},"end":{"line":137,"column":48}},"70":{"start":{"line":138,"column":0},"end":{"line":138,"column":40}},"71":{"start":{"line":139,"column":0},"end":{"line":139,"column":45}},"72":{"start":{"line":140,"column":0},"end":{"line":140,"column":11}},"73":{"start":{"line":141,"column":0},"end":{"line":141,"column":9}},"74":{"start":{"line":143,"column":0},"end":{"line":143,"column":32}},"75":{"start":{"line":144,"column":0},"end":{"line":144,"column":35}},"76":{"start":{"line":145,"column":0},"end":{"line":145,"column":42}},"77":{"start":{"line":146,"column":0},"end":{"line":146,"column":42}},"78":{"start":{"line":147,"column":0},"end":{"line":147,"column":31}},"79":{"start":{"line":148,"column":0},"end":{"line":148,"column":11}},"80":{"start":{"line":150,"column":0},"end":{"line":150,"column":41}},"81":{"start":{"line":151,"column":0},"end":{"line":151,"column":58}},"82":{"start":{"line":152,"column":0},"end":{"line":152,"column":32}},"83":{"start":{"line":153,"column":0},"end":{"line":153,"column":11}},"84":{"start":{"line":154,"column":0},"end":{"line":154,"column":9}},"85":{"start":{"line":156,"column":0},"end":{"line":156,"column":34}},"86":{"start":{"line":157,"column":0},"end":{"line":157,"column":33}},"87":{"start":{"line":158,"column":0},"end":{"line":158,"column":40}},"88":{"start":{"line":159,"column":0},"end":{"line":159,"column":32}},"89":{"start":{"line":160,"column":0},"end":{"line":160,"column":11}},"90":{"start":{"line":161,"column":0},"end":{"line":161,"column":33}},"91":{"start":{"line":162,"column":0},"end":{"line":162,"column":42}},"92":{"start":{"line":163,"column":0},"end":{"line":163,"column":52}},"93":{"start":{"line":164,"column":0},"end":{"line":164,"column":43}},"94":{"start":{"line":165,"column":0},"end":{"line":165,"column":60}},"95":{"start":{"line":166,"column":0},"end":{"line":166,"column":58}},"96":{"start":{"line":167,"column":0},"end":{"line":167,"column":11}},"97":{"start":{"line":168,"column":0},"end":{"line":168,"column":9}},"98":{"start":{"line":170,"column":0},"end":{"line":170,"column":37}},"99":{"start":{"line":171,"column":0},"end":{"line":171,"column":33}},"100":{"start":{"line":172,"column":0},"end":{"line":172,"column":43}},"101":{"start":{"line":173,"column":0},"end":{"line":173,"column":11}},"102":{"start":{"line":174,"column":0},"end":{"line":174,"column":33}},"103":{"start":{"line":175,"column":0},"end":{"line":175,"column":42}},"104":{"start":{"line":176,"column":0},"end":{"line":176,"column":73}},"105":{"start":{"line":177,"column":0},"end":{"line":177,"column":31}},"106":{"start":{"line":178,"column":0},"end":{"line":178,"column":11}},"107":{"start":{"line":179,"column":0},"end":{"line":179,"column":9}},"108":{"start":{"line":181,"column":0},"end":{"line":181,"column":52}},"109":{"start":{"line":182,"column":0},"end":{"line":182,"column":57}},"110":{"start":{"line":183,"column":0},"end":{"line":183,"column":67}},"111":{"start":{"line":184,"column":0},"end":{"line":184,"column":11}},"112":{"start":{"line":185,"column":0},"end":{"line":185,"column":7}},"113":{"start":{"line":186,"column":0},"end":{"line":186,"column":7}},"114":{"start":{"line":187,"column":0},"end":{"line":187,"column":4}},"115":{"start":{"line":189,"column":0},"end":{"line":189,"column":47}},"116":{"start":{"line":190,"column":0},"end":{"line":190,"column":17}},"117":{"start":{"line":191,"column":0},"end":{"line":191,"column":31}},"118":{"start":{"line":192,"column":0},"end":{"line":192,"column":36}},"119":{"start":{"line":193,"column":0},"end":{"line":193,"column":22}},"120":{"start":{"line":194,"column":0},"end":{"line":194,"column":34}},"121":{"start":{"line":195,"column":0},"end":{"line":195,"column":16}},"122":{"start":{"line":196,"column":0},"end":{"line":196,"column":34}},"123":{"start":{"line":197,"column":0},"end":{"line":197,"column":28}},"124":{"start":{"line":198,"column":0},"end":{"line":198,"column":20}},"125":{"start":{"line":199,"column":0},"end":{"line":199,"column":32}},"126":{"start":{"line":200,"column":0},"end":{"line":200,"column":36}},"127":{"start":{"line":201,"column":0},"end":{"line":201,"column":12}},"128":{"start":{"line":202,"column":0},"end":{"line":202,"column":35}},"129":{"start":{"line":203,"column":0},"end":{"line":203,"column":10}},"130":{"start":{"line":204,"column":0},"end":{"line":204,"column":8}},"131":{"start":{"line":205,"column":0},"end":{"line":205,"column":26}},"132":{"start":{"line":206,"column":0},"end":{"line":206,"column":16}},"133":{"start":{"line":207,"column":0},"end":{"line":207,"column":37}},"134":{"start":{"line":208,"column":0},"end":{"line":208,"column":9}},"135":{"start":{"line":209,"column":0},"end":{"line":209,"column":56}},"136":{"start":{"line":210,"column":0},"end":{"line":210,"column":33}},"137":{"start":{"line":211,"column":0},"end":{"line":211,"column":7}},"138":{"start":{"line":213,"column":0},"end":{"line":213,"column":17}},"139":{"start":{"line":214,"column":0},"end":{"line":214,"column":29}},"140":{"start":{"line":215,"column":0},"end":{"line":215,"column":34}},"141":{"start":{"line":216,"column":0},"end":{"line":216,"column":22}},"142":{"start":{"line":217,"column":0},"end":{"line":217,"column":34}},"143":{"start":{"line":218,"column":0},"end":{"line":218,"column":40}},"144":{"start":{"line":219,"column":0},"end":{"line":219,"column":16}},"145":{"start":{"line":220,"column":0},"end":{"line":220,"column":21}},"146":{"start":{"line":221,"column":0},"end":{"line":221,"column":29}},"147":{"start":{"line":222,"column":0},"end":{"line":222,"column":40}},"148":{"start":{"line":223,"column":0},"end":{"line":223,"column":31}},"149":{"start":{"line":224,"column":0},"end":{"line":224,"column":10}},"150":{"start":{"line":225,"column":0},"end":{"line":225,"column":8}},"151":{"start":{"line":226,"column":0},"end":{"line":226,"column":26}},"152":{"start":{"line":227,"column":0},"end":{"line":227,"column":16}},"153":{"start":{"line":228,"column":0},"end":{"line":228,"column":39}},"154":{"start":{"line":229,"column":0},"end":{"line":229,"column":9}},"155":{"start":{"line":230,"column":0},"end":{"line":230,"column":75}},"156":{"start":{"line":231,"column":0},"end":{"line":231,"column":65}},"157":{"start":{"line":232,"column":0},"end":{"line":232,"column":7}},"158":{"start":{"line":234,"column":0},"end":{"line":234,"column":29}},"159":{"start":{"line":235,"column":0},"end":{"line":235,"column":82}},"160":{"start":{"line":237,"column":0},"end":{"line":237,"column":90}},"161":{"start":{"line":240,"column":0},"end":{"line":240,"column":13}},"162":{"start":{"line":241,"column":0},"end":{"line":241,"column":81}},"163":{"start":{"line":242,"column":0},"end":{"line":242,"column":31}},"164":{"start":{"line":243,"column":0},"end":{"line":243,"column":50}},"165":{"start":{"line":244,"column":0},"end":{"line":244,"column":11}},"166":{"start":{"line":245,"column":0},"end":{"line":245,"column":16}},"167":{"start":{"line":246,"column":0},"end":{"line":246,"column":21}},"168":{"start":{"line":247,"column":0},"end":{"line":247,"column":30}},"169":{"start":{"line":248,"column":0},"end":{"line":248,"column":78}},"170":{"start":{"line":249,"column":0},"end":{"line":249,"column":56}},"171":{"start":{"line":251,"column":0},"end":{"line":251,"column":51}},"172":{"start":{"line":252,"column":0},"end":{"line":252,"column":12}},"173":{"start":{"line":253,"column":0},"end":{"line":253,"column":10}},"174":{"start":{"line":254,"column":0},"end":{"line":254,"column":8}},"175":{"start":{"line":256,"column":0},"end":{"line":256,"column":41}},"176":{"start":{"line":257,"column":0},"end":{"line":257,"column":58}},"177":{"start":{"line":258,"column":0},"end":{"line":258,"column":40}},"178":{"start":{"line":259,"column":0},"end":{"line":259,"column":18}},"179":{"start":{"line":260,"column":0},"end":{"line":260,"column":13}},"180":{"start":{"line":261,"column":0},"end":{"line":261,"column":28}},"181":{"start":{"line":262,"column":0},"end":{"line":262,"column":30}},"182":{"start":{"line":263,"column":0},"end":{"line":263,"column":24}},"183":{"start":{"line":264,"column":0},"end":{"line":264,"column":24}},"184":{"start":{"line":265,"column":0},"end":{"line":265,"column":31}},"185":{"start":{"line":266,"column":0},"end":{"line":266,"column":16}},"186":{"start":{"line":267,"column":0},"end":{"line":267,"column":51}},"187":{"start":{"line":268,"column":0},"end":{"line":268,"column":14}},"188":{"start":{"line":269,"column":0},"end":{"line":269,"column":13}},"189":{"start":{"line":270,"column":0},"end":{"line":270,"column":28}},"190":{"start":{"line":271,"column":0},"end":{"line":271,"column":30}},"191":{"start":{"line":272,"column":0},"end":{"line":272,"column":24}},"192":{"start":{"line":273,"column":0},"end":{"line":273,"column":24}},"193":{"start":{"line":274,"column":0},"end":{"line":274,"column":33}},"194":{"start":{"line":275,"column":0},"end":{"line":275,"column":16}},"195":{"start":{"line":276,"column":0},"end":{"line":276,"column":51}},"196":{"start":{"line":277,"column":0},"end":{"line":277,"column":14}},"197":{"start":{"line":278,"column":0},"end":{"line":278,"column":13}},"198":{"start":{"line":279,"column":0},"end":{"line":279,"column":28}},"199":{"start":{"line":280,"column":0},"end":{"line":280,"column":30}},"200":{"start":{"line":281,"column":0},"end":{"line":281,"column":24}},"201":{"start":{"line":282,"column":0},"end":{"line":282,"column":24}},"202":{"start":{"line":283,"column":0},"end":{"line":283,"column":16}},"203":{"start":{"line":284,"column":0},"end":{"line":284,"column":51}},"204":{"start":{"line":285,"column":0},"end":{"line":285,"column":14}},"205":{"start":{"line":286,"column":0},"end":{"line":286,"column":12}},"206":{"start":{"line":287,"column":0},"end":{"line":287,"column":11}},"207":{"start":{"line":289,"column":0},"end":{"line":289,"column":33}},"208":{"start":{"line":290,"column":0},"end":{"line":290,"column":36}},"209":{"start":{"line":291,"column":0},"end":{"line":291,"column":99}},"210":{"start":{"line":292,"column":0},"end":{"line":292,"column":88}},"211":{"start":{"line":293,"column":0},"end":{"line":293,"column":23}},"212":{"start":{"line":294,"column":0},"end":{"line":294,"column":23}},"213":{"start":{"line":295,"column":0},"end":{"line":295,"column":15}},"214":{"start":{"line":298,"column":0},"end":{"line":298,"column":13}},"215":{"start":{"line":300,"column":0},"end":{"line":300,"column":52}},"216":{"start":{"line":301,"column":0},"end":{"line":301,"column":88}},"217":{"start":{"line":302,"column":0},"end":{"line":302,"column":23}},"218":{"start":{"line":303,"column":0},"end":{"line":303,"column":23}},"219":{"start":{"line":304,"column":0},"end":{"line":304,"column":15}},"220":{"start":{"line":305,"column":0},"end":{"line":305,"column":95}},"221":{"start":{"line":306,"column":0},"end":{"line":306,"column":23}},"222":{"start":{"line":307,"column":0},"end":{"line":307,"column":15}},"223":{"start":{"line":308,"column":0},"end":{"line":308,"column":13}},"224":{"start":{"line":310,"column":0},"end":{"line":310,"column":49}},"225":{"start":{"line":311,"column":0},"end":{"line":311,"column":30}},"226":{"start":{"line":312,"column":0},"end":{"line":312,"column":91}},"227":{"start":{"line":313,"column":0},"end":{"line":313,"column":25}},"228":{"start":{"line":314,"column":0},"end":{"line":314,"column":14}},"229":{"start":{"line":315,"column":0},"end":{"line":315,"column":13}},"230":{"start":{"line":317,"column":0},"end":{"line":317,"column":63}},"231":{"start":{"line":318,"column":0},"end":{"line":318,"column":99}},"232":{"start":{"line":319,"column":0},"end":{"line":319,"column":13}},"233":{"start":{"line":321,"column":0},"end":{"line":321,"column":32}},"234":{"start":{"line":322,"column":0},"end":{"line":322,"column":30}},"235":{"start":{"line":323,"column":0},"end":{"line":323,"column":98}},"236":{"start":{"line":324,"column":0},"end":{"line":324,"column":35}},"237":{"start":{"line":325,"column":0},"end":{"line":325,"column":14}},"238":{"start":{"line":327,"column":0},"end":{"line":327,"column":68}},"239":{"start":{"line":328,"column":0},"end":{"line":328,"column":99}},"240":{"start":{"line":329,"column":0},"end":{"line":329,"column":13}},"241":{"start":{"line":331,"column":0},"end":{"line":331,"column":33}},"242":{"start":{"line":332,"column":0},"end":{"line":332,"column":30}},"243":{"start":{"line":333,"column":0},"end":{"line":333,"column":31}},"244":{"start":{"line":334,"column":0},"end":{"line":334,"column":22}},"245":{"start":{"line":335,"column":0},"end":{"line":335,"column":99}},"246":{"start":{"line":336,"column":0},"end":{"line":336,"column":18}},"247":{"start":{"line":337,"column":0},"end":{"line":337,"column":16}},"248":{"start":{"line":338,"column":0},"end":{"line":338,"column":25}},"249":{"start":{"line":339,"column":0},"end":{"line":339,"column":14}},"250":{"start":{"line":341,"column":0},"end":{"line":341,"column":30}},"251":{"start":{"line":342,"column":0},"end":{"line":342,"column":31}},"252":{"start":{"line":343,"column":0},"end":{"line":343,"column":22}},"253":{"start":{"line":344,"column":0},"end":{"line":344,"column":99}},"254":{"start":{"line":345,"column":0},"end":{"line":345,"column":18}},"255":{"start":{"line":346,"column":0},"end":{"line":346,"column":16}},"256":{"start":{"line":347,"column":0},"end":{"line":347,"column":17}},"257":{"start":{"line":348,"column":0},"end":{"line":348,"column":14}},"258":{"start":{"line":350,"column":0},"end":{"line":350,"column":69}},"259":{"start":{"line":351,"column":0},"end":{"line":351,"column":100}},"260":{"start":{"line":352,"column":0},"end":{"line":352,"column":13}},"261":{"start":{"line":354,"column":0},"end":{"line":354,"column":37}},"262":{"start":{"line":355,"column":0},"end":{"line":355,"column":30}},"263":{"start":{"line":356,"column":0},"end":{"line":356,"column":31}},"264":{"start":{"line":357,"column":0},"end":{"line":357,"column":19}},"265":{"start":{"line":358,"column":0},"end":{"line":358,"column":22}},"266":{"start":{"line":359,"column":0},"end":{"line":359,"column":21}},"267":{"start":{"line":360,"column":0},"end":{"line":360,"column":24}},"268":{"start":{"line":361,"column":0},"end":{"line":361,"column":49}},"269":{"start":{"line":362,"column":0},"end":{"line":362,"column":70}},"270":{"start":{"line":363,"column":0},"end":{"line":363,"column":22}},"271":{"start":{"line":364,"column":0},"end":{"line":364,"column":24}},"272":{"start":{"line":365,"column":0},"end":{"line":365,"column":49}},"273":{"start":{"line":366,"column":0},"end":{"line":366,"column":70}},"274":{"start":{"line":367,"column":0},"end":{"line":367,"column":22}},"275":{"start":{"line":368,"column":0},"end":{"line":368,"column":20}},"276":{"start":{"line":369,"column":0},"end":{"line":369,"column":18}},"277":{"start":{"line":370,"column":0},"end":{"line":370,"column":16}},"278":{"start":{"line":371,"column":0},"end":{"line":371,"column":35}},"279":{"start":{"line":372,"column":0},"end":{"line":372,"column":14}},"280":{"start":{"line":373,"column":0},"end":{"line":373,"column":13}},"281":{"start":{"line":374,"column":0},"end":{"line":374,"column":11}},"282":{"start":{"line":376,"column":0},"end":{"line":376,"column":35}},"283":{"start":{"line":377,"column":0},"end":{"line":377,"column":72}},"284":{"start":{"line":378,"column":0},"end":{"line":378,"column":21}},"285":{"start":{"line":379,"column":0},"end":{"line":379,"column":21}},"286":{"start":{"line":380,"column":0},"end":{"line":380,"column":21}},"287":{"start":{"line":381,"column":0},"end":{"line":381,"column":13}},"288":{"start":{"line":382,"column":0},"end":{"line":382,"column":79}},"289":{"start":{"line":383,"column":0},"end":{"line":383,"column":21}},"290":{"start":{"line":384,"column":0},"end":{"line":384,"column":21}},"291":{"start":{"line":385,"column":0},"end":{"line":385,"column":21}},"292":{"start":{"line":386,"column":0},"end":{"line":386,"column":13}},"293":{"start":{"line":387,"column":0},"end":{"line":387,"column":80}},"294":{"start":{"line":388,"column":0},"end":{"line":388,"column":21}},"295":{"start":{"line":389,"column":0},"end":{"line":389,"column":21}},"296":{"start":{"line":390,"column":0},"end":{"line":390,"column":21}},"297":{"start":{"line":391,"column":0},"end":{"line":391,"column":13}},"298":{"start":{"line":392,"column":0},"end":{"line":392,"column":11}},"299":{"start":{"line":394,"column":0},"end":{"line":394,"column":33}},"300":{"start":{"line":395,"column":0},"end":{"line":395,"column":68}},"301":{"start":{"line":396,"column":0},"end":{"line":396,"column":78}},"302":{"start":{"line":397,"column":0},"end":{"line":397,"column":65}},"303":{"start":{"line":398,"column":0},"end":{"line":398,"column":11}},"304":{"start":{"line":400,"column":0},"end":{"line":400,"column":39}},"305":{"start":{"line":401,"column":0},"end":{"line":401,"column":95}},"306":{"start":{"line":402,"column":0},"end":{"line":402,"column":84}},"307":{"start":{"line":403,"column":0},"end":{"line":403,"column":21}},"308":{"start":{"line":404,"column":0},"end":{"line":404,"column":21}},"309":{"start":{"line":405,"column":0},"end":{"line":405,"column":13}},"310":{"start":{"line":406,"column":0},"end":{"line":406,"column":92}},"311":{"start":{"line":407,"column":0},"end":{"line":407,"column":11}},"312":{"start":{"line":409,"column":0},"end":{"line":409,"column":48}},"313":{"start":{"line":410,"column":0},"end":{"line":410,"column":28}},"314":{"start":{"line":411,"column":0},"end":{"line":411,"column":29}},"315":{"start":{"line":412,"column":0},"end":{"line":412,"column":17}},"316":{"start":{"line":413,"column":0},"end":{"line":413,"column":48}},"317":{"start":{"line":414,"column":0},"end":{"line":414,"column":46}},"318":{"start":{"line":415,"column":0},"end":{"line":415,"column":23}},"319":{"start":{"line":416,"column":0},"end":{"line":416,"column":14}},"320":{"start":{"line":417,"column":0},"end":{"line":417,"column":23}},"321":{"start":{"line":418,"column":0},"end":{"line":418,"column":12}},"322":{"start":{"line":419,"column":0},"end":{"line":419,"column":11}},"323":{"start":{"line":421,"column":0},"end":{"line":421,"column":37}},"324":{"start":{"line":422,"column":0},"end":{"line":422,"column":70}},"325":{"start":{"line":423,"column":0},"end":{"line":423,"column":43}},"326":{"start":{"line":424,"column":0},"end":{"line":424,"column":39}},"327":{"start":{"line":425,"column":0},"end":{"line":425,"column":27}},"328":{"start":{"line":426,"column":0},"end":{"line":426,"column":13}},"329":{"start":{"line":427,"column":0},"end":{"line":427,"column":87}},"330":{"start":{"line":428,"column":0},"end":{"line":428,"column":11}},"331":{"start":{"line":429,"column":0},"end":{"line":429,"column":9}},"332":{"start":{"line":431,"column":0},"end":{"line":431,"column":39}},"333":{"start":{"line":432,"column":0},"end":{"line":432,"column":58}},"334":{"start":{"line":433,"column":0},"end":{"line":433,"column":38}},"335":{"start":{"line":434,"column":0},"end":{"line":434,"column":18}},"336":{"start":{"line":435,"column":0},"end":{"line":435,"column":13}},"337":{"start":{"line":436,"column":0},"end":{"line":436,"column":24}},"338":{"start":{"line":437,"column":0},"end":{"line":437,"column":29}},"339":{"start":{"line":438,"column":0},"end":{"line":438,"column":34}},"340":{"start":{"line":439,"column":0},"end":{"line":439,"column":47}},"341":{"start":{"line":440,"column":0},"end":{"line":440,"column":14}},"342":{"start":{"line":441,"column":0},"end":{"line":441,"column":13}},"343":{"start":{"line":442,"column":0},"end":{"line":442,"column":24}},"344":{"start":{"line":443,"column":0},"end":{"line":443,"column":29}},"345":{"start":{"line":444,"column":0},"end":{"line":444,"column":34}},"346":{"start":{"line":445,"column":0},"end":{"line":445,"column":47}},"347":{"start":{"line":446,"column":0},"end":{"line":446,"column":14}},"348":{"start":{"line":447,"column":0},"end":{"line":447,"column":13}},"349":{"start":{"line":448,"column":0},"end":{"line":448,"column":24}},"350":{"start":{"line":449,"column":0},"end":{"line":449,"column":29}},"351":{"start":{"line":450,"column":0},"end":{"line":450,"column":34}},"352":{"start":{"line":451,"column":0},"end":{"line":451,"column":47}},"353":{"start":{"line":452,"column":0},"end":{"line":452,"column":14}},"354":{"start":{"line":453,"column":0},"end":{"line":453,"column":12}},"355":{"start":{"line":454,"column":0},"end":{"line":454,"column":11}},"356":{"start":{"line":456,"column":0},"end":{"line":456,"column":33}},"357":{"start":{"line":457,"column":0},"end":{"line":457,"column":36}},"358":{"start":{"line":458,"column":0},"end":{"line":458,"column":95}},"359":{"start":{"line":459,"column":0},"end":{"line":459,"column":23}},"360":{"start":{"line":460,"column":0},"end":{"line":460,"column":23}},"361":{"start":{"line":461,"column":0},"end":{"line":461,"column":15}},"362":{"start":{"line":462,"column":0},"end":{"line":462,"column":13}},"363":{"start":{"line":463,"column":0},"end":{"line":463,"column":11}},"364":{"start":{"line":465,"column":0},"end":{"line":465,"column":48}},"365":{"start":{"line":466,"column":0},"end":{"line":466,"column":36}},"366":{"start":{"line":467,"column":0},"end":{"line":467,"column":72}},"367":{"start":{"line":468,"column":0},"end":{"line":468,"column":30}},"368":{"start":{"line":469,"column":0},"end":{"line":469,"column":97}},"369":{"start":{"line":470,"column":0},"end":{"line":470,"column":35}},"370":{"start":{"line":471,"column":0},"end":{"line":471,"column":14}},"371":{"start":{"line":472,"column":0},"end":{"line":472,"column":13}},"372":{"start":{"line":473,"column":0},"end":{"line":473,"column":11}},"373":{"start":{"line":475,"column":0},"end":{"line":475,"column":9}},"374":{"start":{"line":476,"column":0},"end":{"line":476,"column":7}},"375":{"start":{"line":477,"column":0},"end":{"line":477,"column":5}},"376":{"start":{"line":478,"column":0},"end":{"line":478,"column":2}}},"s":{"0":2,"1":2,"2":2,"3":2,"4":2,"5":140,"6":140,"7":140,"8":140,"9":2,"10":2,"11":2,"12":2,"13":2,"14":2,"15":2,"16":2,"17":66,"18":66,"19":66,"20":66,"21":2,"22":2,"23":2,"24":2,"25":2,"26":2,"27":2,"28":2,"29":2,"30":2,"31":4,"32":6,"33":6,"34":6,"35":56,"36":56,"37":6,"38":6,"39":6,"40":6,"41":6,"42":30,"43":30,"44":30,"45":30,"46":30,"47":30,"48":30,"49":6,"50":6,"51":4,"52":4,"53":4,"54":4,"55":4,"56":4,"57":4,"58":4,"59":4,"60":4,"61":4,"62":4,"63":4,"64":4,"65":4,"66":4,"67":4,"68":4,"69":4,"70":4,"71":4,"72":4,"73":4,"74":4,"75":4,"76":4,"77":4,"78":4,"79":4,"80":4,"81":4,"82":4,"83":4,"84":4,"85":4,"86":4,"87":4,"88":4,"89":4,"90":4,"91":4,"92":4,"93":4,"94":4,"95":4,"96":4,"97":4,"98":4,"99":4,"100":4,"101":4,"102":4,"103":4,"104":4,"105":4,"106":4,"107":4,"108":4,"109":2,"110":2,"111":2,"112":2,"113":4,"114":4,"115":2,"116":2,"117":2,"118":2,"119":2,"120":15,"121":15,"122":15,"123":15,"124":15,"125":15,"126":15,"127":15,"128":15,"129":15,"130":15,"131":2,"132":4,"133":4,"134":4,"135":2,"136":2,"137":2,"138":2,"139":2,"140":2,"141":2,"142":15,"143":15,"144":15,"145":15,"146":15,"147":15,"148":15,"149":15,"150":15,"151":2,"152":4,"153":4,"154":4,"155":2,"156":2,"157":2,"158":2,"159":2,"160":2,"161":4,"162":4,"163":4,"164":4,"165":4,"166":4,"167":4,"168":4,"169":4,"170":54,"171":54,"172":54,"173":4,"174":4,"175":2,"176":2,"177":2,"178":2,"179":2,"180":2,"181":2,"182":2,"183":2,"184":2,"185":2,"186":2,"187":2,"188":2,"189":2,"190":2,"191":2,"192":2,"193":2,"194":2,"195":2,"196":2,"197":2,"198":2,"199":2,"200":2,"201":2,"202":2,"203":2,"204":2,"205":2,"206":2,"207":2,"208":2,"209":2,"210":2,"211":2,"212":2,"213":2,"214":2,"215":2,"216":2,"217":2,"218":2,"219":2,"220":2,"221":2,"222":2,"223":2,"224":2,"225":2,"226":2,"227":2,"228":2,"229":2,"230":2,"231":2,"232":2,"233":2,"234":2,"235":2,"236":2,"237":2,"238":2,"239":2,"240":2,"241":2,"242":2,"243":2,"244":2,"245":2,"246":2,"247":2,"248":2,"249":2,"250":2,"251":2,"252":2,"253":2,"254":2,"255":2,"256":2,"257":2,"258":2,"259":2,"260":2,"261":2,"262":2,"263":2,"264":2,"265":2,"266":2,"267":2,"268":2,"269":2,"270":2,"271":2,"272":2,"273":2,"274":2,"275":2,"276":2,"277":2,"278":2,"279":2,"280":2,"281":2,"282":2,"283":2,"284":2,"285":2,"286":2,"287":2,"288":2,"289":2,"290":2,"291":2,"292":2,"293":2,"294":2,"295":2,"296":2,"297":2,"298":2,"299":2,"300":2,"301":2,"302":2,"303":2,"304":2,"305":2,"306":2,"307":2,"308":2,"309":2,"310":2,"311":2,"312":2,"313":2,"314":2,"315":2,"316":2,"317":2,"318":2,"319":2,"320":2,"321":2,"322":2,"323":2,"324":2,"325":2,"326":2,"327":2,"328":2,"329":2,"330":2,"331":2,"332":2,"333":2,"334":2,"335":2,"336":2,"337":2,"338":2,"339":2,"340":2,"341":2,"342":2,"343":2,"344":2,"345":2,"346":2,"347":2,"348":2,"349":2,"350":2,"351":2,"352":2,"353":2,"354":2,"355":2,"356":2,"357":2,"358":2,"359":2,"360":2,"361":2,"362":2,"363":2,"364":2,"365":2,"366":2,"367":2,"368":2,"369":2,"370":2,"371":2,"372":2,"373":2,"374":2,"375":2,"376":2},"branchMap":{"0":{"type":"branch","line":30,"loc":{"start":{"line":30,"column":10},"end":{"line":41,"column":7}},"locations":[{"start":{"line":30,"column":10},"end":{"line":41,"column":7}}]},"1":{"type":"branch","line":42,"loc":{"start":{"line":42,"column":8},"end":{"line":42,"column":23}},"locations":[{"start":{"line":42,"column":8},"end":{"line":42,"column":23}}]},"2":{"type":"branch","line":51,"loc":{"start":{"line":51,"column":10},"end":{"line":59,"column":7}},"locations":[{"start":{"line":51,"column":10},"end":{"line":59,"column":7}}]},"3":{"type":"branch","line":60,"loc":{"start":{"line":60,"column":8},"end":{"line":60,"column":23}},"locations":[{"start":{"line":60,"column":8},"end":{"line":60,"column":23}}]},"4":{"type":"branch","line":69,"loc":{"start":{"line":69,"column":50},"end":{"line":478,"column":2}},"locations":[{"start":{"line":69,"column":50},"end":{"line":478,"column":2}}]},"5":{"type":"branch","line":84,"loc":{"start":{"line":84,"column":22},"end":{"line":187,"column":4}},"locations":[{"start":{"line":84,"column":22},"end":{"line":187,"column":4}}]},"6":{"type":"branch","line":85,"loc":{"start":{"line":85,"column":18},"end":{"line":112,"column":6}},"locations":[{"start":{"line":85,"column":18},"end":{"line":112,"column":6}}]},"7":{"type":"branch","line":93,"loc":{"start":{"line":93,"column":17},"end":{"line":97,"column":7}},"locations":[{"start":{"line":93,"column":17},"end":{"line":97,"column":7}}]},"8":{"type":"branch","line":102,"loc":{"start":{"line":102,"column":18},"end":{"line":110,"column":10}},"locations":[{"start":{"line":102,"column":18},"end":{"line":110,"column":10}}]},"9":{"type":"branch","line":106,"loc":{"start":{"line":106,"column":27},"end":{"line":106,"column":87}},"locations":[{"start":{"line":106,"column":27},"end":{"line":106,"column":87}}]},"10":{"type":"branch","line":108,"loc":{"start":{"line":108,"column":30},"end":{"line":108,"column":90}},"locations":[{"start":{"line":108,"column":30},"end":{"line":108,"column":90}}]},"11":{"type":"branch","line":114,"loc":{"start":{"line":114,"column":27},"end":{"line":186,"column":5}},"locations":[{"start":{"line":114,"column":27},"end":{"line":186,"column":5}}]},"12":{"type":"branch","line":181,"loc":{"start":{"line":181,"column":51},"end":{"line":185,"column":7}},"locations":[{"start":{"line":181,"column":51},"end":{"line":185,"column":7}}]},"13":{"type":"branch","line":117,"loc":{"start":{"line":117,"column":22},"end":{"line":125,"column":7}},"locations":[{"start":{"line":117,"column":22},"end":{"line":125,"column":7}}]},"14":{"type":"branch","line":118,"loc":{"start":{"line":118,"column":21},"end":{"line":120,"column":9}},"locations":[{"start":{"line":118,"column":21},"end":{"line":120,"column":9}}]},"15":{"type":"branch","line":122,"loc":{"start":{"line":122,"column":24},"end":{"line":124,"column":9}},"locations":[{"start":{"line":122,"column":24},"end":{"line":124,"column":9}}]},"16":{"type":"branch","line":127,"loc":{"start":{"line":127,"column":22},"end":{"line":141,"column":7}},"locations":[{"start":{"line":127,"column":22},"end":{"line":141,"column":7}}]},"17":{"type":"branch","line":130,"loc":{"start":{"line":130,"column":21},"end":{"line":133,"column":9}},"locations":[{"start":{"line":130,"column":21},"end":{"line":133,"column":9}}]},"18":{"type":"branch","line":135,"loc":{"start":{"line":135,"column":21},"end":{"line":140,"column":9}},"locations":[{"start":{"line":135,"column":21},"end":{"line":140,"column":9}}]},"19":{"type":"branch","line":143,"loc":{"start":{"line":143,"column":25},"end":{"line":154,"column":7}},"locations":[{"start":{"line":143,"column":25},"end":{"line":154,"column":7}}]},"20":{"type":"branch","line":144,"loc":{"start":{"line":144,"column":22},"end":{"line":148,"column":9}},"locations":[{"start":{"line":144,"column":22},"end":{"line":148,"column":9}}]},"21":{"type":"branch","line":150,"loc":{"start":{"line":150,"column":28},"end":{"line":153,"column":9}},"locations":[{"start":{"line":150,"column":28},"end":{"line":153,"column":9}}]},"22":{"type":"branch","line":156,"loc":{"start":{"line":156,"column":27},"end":{"line":168,"column":7}},"locations":[{"start":{"line":156,"column":27},"end":{"line":168,"column":7}}]},"23":{"type":"branch","line":157,"loc":{"start":{"line":157,"column":20},"end":{"line":160,"column":9}},"locations":[{"start":{"line":157,"column":20},"end":{"line":160,"column":9}}]},"24":{"type":"branch","line":161,"loc":{"start":{"line":161,"column":20},"end":{"line":167,"column":9}},"locations":[{"start":{"line":161,"column":20},"end":{"line":167,"column":9}}]},"25":{"type":"branch","line":170,"loc":{"start":{"line":170,"column":30},"end":{"line":179,"column":7}},"locations":[{"start":{"line":170,"column":30},"end":{"line":179,"column":7}}]},"26":{"type":"branch","line":171,"loc":{"start":{"line":171,"column":20},"end":{"line":173,"column":9}},"locations":[{"start":{"line":171,"column":20},"end":{"line":173,"column":9}}]},"27":{"type":"branch","line":174,"loc":{"start":{"line":174,"column":20},"end":{"line":178,"column":9}},"locations":[{"start":{"line":174,"column":20},"end":{"line":178,"column":9}}]},"28":{"type":"branch","line":189,"loc":{"start":{"line":189,"column":40},"end":{"line":477,"column":3}},"locations":[{"start":{"line":189,"column":40},"end":{"line":477,"column":3}}]},"29":{"type":"branch","line":193,"loc":{"start":{"line":193,"column":15},"end":{"line":204,"column":8}},"locations":[{"start":{"line":193,"column":15},"end":{"line":204,"column":8}}]},"30":{"type":"branch","line":205,"loc":{"start":{"line":205,"column":14},"end":{"line":208,"column":9}},"locations":[{"start":{"line":205,"column":14},"end":{"line":208,"column":9}}]},"31":{"type":"branch","line":209,"loc":{"start":{"line":209,"column":21},"end":{"line":209,"column":56}},"locations":[{"start":{"line":209,"column":21},"end":{"line":209,"column":56}}]},"32":{"type":"branch","line":210,"loc":{"start":{"line":210,"column":15},"end":{"line":210,"column":33}},"locations":[{"start":{"line":210,"column":15},"end":{"line":210,"column":33}}]},"33":{"type":"branch","line":216,"loc":{"start":{"line":216,"column":15},"end":{"line":225,"column":8}},"locations":[{"start":{"line":216,"column":15},"end":{"line":225,"column":8}}]},"34":{"type":"branch","line":226,"loc":{"start":{"line":226,"column":14},"end":{"line":229,"column":9}},"locations":[{"start":{"line":226,"column":14},"end":{"line":229,"column":9}}]},"35":{"type":"branch","line":230,"loc":{"start":{"line":230,"column":21},"end":{"line":230,"column":75}},"locations":[{"start":{"line":230,"column":21},"end":{"line":230,"column":75}}]},"36":{"type":"branch","line":231,"lo
[...]
":0,"192":0,"193":0,"194":0,"195":0,"197":1,"198":4,"199":4,"200":4,"201":4,"202":4,"203":4,"204":4,"205":4,"206":4,"208":1,"209":47,"210":47,"214":47,"215":47,"216":47,"217":47,"218":0,"219":0,"220":0,"221":0,"222":0,"223":47,"224":47,"225":47,"226":47,"227":47,"228":47,"230":1,"231":153,"232":153,"234":1,"235":27,"236":27,"238":1,"239":116,"240":116,"241":116,"243":1,"244":131,"245":131,"248":1,"250":1,"251":1,"252":16,"253":16,"255":1,"256":30,"257":30,"258":20,"259":30,"260":6,"261":30,"262":4,"263":30,"264":0,"265":30,"266":30,"268":1,"269":1,"270":8,"271":8,"273":8,"274":8,"276":1,"278":1,"285":1,"287":1,"288":0,"289":0,"290":0,"291":0,"292":0,"293":0,"294":0,"295":0},"branchMap":{"0":{"type":"branch","line":43,"loc":{"start":{"line":43,"column":2},"end":{"line":46,"column":6}},"locations":[{"start":{"line":43,"column":2},"end":{"line":46,"column":6}}]},"1":{"type":"branch","line":48,"loc":{"start":{"line":48,"column":2},"end":{"line":51,"column":3}},"locations":[{"start":{"line":48,"column":2},"end":{"line":51,"column":3}}]},"2":{"type":"branch","line":49,"loc":{"start":{"line":49,"column":23},"end":{"line":49,"column":37}},"locations":[{"start":{"line":49,"column":23},"end":{"line":49,"column":37}}]},"3":{"type":"branch","line":49,"loc":{"start":{"line":49,"column":32},"end":{"line":49,"column":71}},"locations":[{"start":{"line":49,"column":32},"end":{"line":49,"column":71}}]},"4":{"type":"branch","line":63,"loc":{"start":{"line":63,"column":2},"end":{"line":70,"column":3}},"locations":[{"start":{"line":63,"column":2},"end":{"line":70,"column":3}}]},"5":{"type":"branch","line":66,"loc":{"start":{"line":66,"column":6},"end":{"line":68,"column":33}},"locations":[{"start":{"line":66,"column":6},"end":{"line":68,"column":33}}]},"6":{"type":"branch","line":84,"loc":{"start":{"line":84,"column":2},"end":{"line":107,"column":3}},"locations":[{"start":{"line":84,"column":2},"end":{"line":107,"column":3}}]},"7":{"type":"branch","line":89,"loc":{"start":{"line":89,"column":47},"end":{"line":103,"column":5}},"locations":[{"start":{"line":89,"column":47},"end":{"line":103,"column":5}}]},"8":{"type":"branch","line":91,"loc":{"start":{"line":91,"column":8},"end":{"line":93,"column":16}},"locations":[{"start":{"line":91,"column":8},"end":{"line":93,"column":16}}]},"9":{"type":"branch","line":94,"loc":{"start":{"line":94,"column":8},"end":{"line":96,"column":16}},"locations":[{"start":{"line":94,"column":8},"end":{"line":96,"column":16}}]},"10":{"type":"branch","line":97,"loc":{"start":{"line":97,"column":8},"end":{"line":99,"column":16}},"locations":[{"start":{"line":97,"column":8},"end":{"line":99,"column":16}}]},"11":{"type":"branch","line":100,"loc":{"start":{"line":100,"column":8},"end":{"line":101,"column":32}},"locations":[{"start":{"line":100,"column":8},"end":{"line":101,"column":32}}]},"12":{"type":"branch","line":109,"loc":{"start":{"line":109,"column":2},"end":{"line":124,"column":3}},"locations":[{"start":{"line":109,"column":2},"end":{"line":124,"column":3}}]},"13":{"type":"branch","line":114,"loc":{"start":{"line":114,"column":15},"end":{"line":117,"column":79}},"locations":[{"start":{"line":114,"column":15},"end":{"line":117,"column":79}}]},"14":{"type":"branch","line":115,"loc":{"start":{"line":115,"column":27},"end":{"line":116,"column":69}},"locations":[{"start":{"line":115,"column":27},"end":{"line":116,"column":69}}]},"15":{"type":"branch","line":116,"loc":{"start":{"line":116,"column":68},"end":{"line":117,"column":79}},"locations":[{"start":{"line":116,"column":68},"end":{"line":117,"column":79}}]},"16":{"type":"branch","line":117,"loc":{"start":{"line":117,"column":31},"end":{"line":117,"column":53}},"locations":[{"start":{"line":117,"column":31},"end":{"line":117,"column":53}}]},"17":{"type":"branch","line":117,"loc":{"start":{"line":117,"column":78},"end":{"line":118,"column":54}},"locations":[{"start":{"line":117,"column":78},"end":{"line":118,"column":54}}]},"18":{"type":"branch","line":122,"loc":{"start":{"line":122,"column":32},"end":{"line":122,"column":48}},"locations":[{"start":{"line":122,"column":32},"end":{"line":122,"column":48}}]},"19":{"type":"branch","line":126,"loc":{"start":{"line":126,"column":2},"end":{"line":133,"column":3}},"locations":[{"start":{"line":126,"column":2},"end":{"line":133,"column":3}}]},"20":{"type":"branch","line":131,"loc":{"start":{"line":131,"column":70},"end":{"line":131,"column":81}},"locations":[{"start":{"line":131,"column":70},"end":{"line":131,"column":81}}]},"21":{"type":"branch","line":131,"loc":{"start":{"line":131,"column":33},"end":{"line":131,"column":65}},"locations":[{"start":{"line":131,"column":33},"end":{"line":131,"column":65}}]},"22":{"type":"branch","line":141,"loc":{"start":{"line":141,"column":2},"end":{"line":144,"column":3}},"locations":[{"start":{"line":141,"column":2},"end":{"line":144,"column":3}}]},"23":{"type":"branch","line":143,"loc":{"start":{"line":143,"column":11},"end":{"line":143,"column":25}},"locations":[{"start":{"line":143,"column":11},"end":{"line":143,"column":25}}]},"24":{"type":"branch","line":143,"loc":{"start":{"line":143,"column":20},"end":{"line":143,"column":69}},"locations":[{"start":{"line":143,"column":20},"end":{"line":143,"column":69}}]},"25":{"type":"branch","line":143,"loc":{"start":{"line":143,"column":97},"end":{"line":143,"column":100}},"locations":[{"start":{"line":143,"column":97},"end":{"line":143,"column":100}}]},"26":{"type":"branch","line":146,"loc":{"start":{"line":146,"column":2},"end":{"line":153,"column":3}},"locations":[{"start":{"line":146,"column":2},"end":{"line":153,"column":3}}]},"27":{"type":"branch","line":148,"loc":{"start":{"line":148,"column":11},"end":{"line":148,"column":22}},"locations":[{"start":{"line":148,"column":11},"end":{"line":148,"column":22}}]},"28":{"type":"branch","line":148,"loc":{"start":{"line":148,"column":20},"end":{"line":151,"column":48}},"locations":[{"start":{"line":148,"column":20},"end":{"line":151,"column":48}}]},"29":{"type":"branch","line":155,"loc":{"start":{"line":155,"column":2},"end":{"line":157,"column":3}},"locations":[{"start":{"line":155,"column":2},"end":{"line":157,"column":3}}]},"30":{"type":"branch","line":156,"loc":{"start":{"line":156,"column":11},"end":{"line":156,"column":25}},"locations":[{"start":{"line":156,"column":11},"end":{"line":156,"column":25}}]},"31":{"type":"branch","line":156,"loc":{"start":{"line":156,"column":20},"end":{"line":156,"column":62}},"locations":[{"start":{"line":156,"column":20},"end":{"line":156,"column":62}}]},"32":{"type":"branch","line":163,"loc":{"start":{"line":163,"column":2},"end":{"line":170,"column":3}},"locations":[{"start":{"line":163,"column":2},"end":{"line":170,"column":3}}]},"33":{"type":"branch","line":164,"loc":{"start":{"line":164,"column":26},"end":{"line":168,"column":33}},"locations":[{"start":{"line":164,"column":26},"end":{"line":168,"column":33}}]},"34":{"type":"branch","line":168,"loc":{"start":{"line":168,"column":24},"end":{"line":168,"column":38}},"locations":[{"start":{"line":168,"column":24},"end":{"line":168,"column":38}}]},"35":{"type":"branch","line":168,"loc":{"start":{"line":168,"column":33},"end":{"line":168,"column":70}},"locations":[{"start":{"line":168,"column":33},"end":{"line":168,"column":70}}]},"36":{"type":"branch","line":168,"loc":{"start":{"line":168,"column":66},"end":{"line":168,"column":98}},"locations":[{"start":{"line":168,"column":66},"end":{"line":168,"column":98}}]},"37":{"type":"branch","line":168,"loc":{"start":{"line":168,"column":95},"end":{"line":169,"column":54}},"locations":[{"start":{"line":168,"column":95},"end":{"line":169,"column":54}}]},"38":{"type":"branch","line":167,"loc":{"start":{"line":167,"column":28},"end":{"line":167,"column":51}},"locations":[{"start":{"line":167,"column":28},"end":{"line":167,"column":51}}]},"39":{"type":"branch","line":169,"loc":{"start":{"line":169,"column":20},"end":{"line":169,"column":52}},"locations":[{"start":{"line":169,"column":20},"end":{"line":169,"column":52}}]},"40":{"type":"branch","line":172,"loc":{"start":{"line":172,"column":2},"end":{"line":181,"column":3}},"locations":[{"start":{"line":172,"column":2},"end":{"line":181,"column":3}}]},"41":{"type":"branch","line":176,"loc":{"start":{"line":176,"column":15},"end":{"line":176,"column":82}},"locations":[{"start":{"line":176,"column":15},"end":{"line":176,"column":82}}]},"42":{"type":"branch","line":198,"loc":{"start":{"line":198,"column":2},"end":{"line":207,"column":3}},"locations":[{"start":{"line":198,"column":2},"end":{"line":207,"column":3}}]},"43":{"type":"branch","line":202,"loc":{"start":{"line":202,"column":15},"end":{"line":202,"column":60}},"locations":[{"start":{"line":202,"column":15},"end":{"line":202,"column":60}}]},"44":{"type":"branch","line":209,"loc":{"start":{"line":209,"column":2},"end":{"line":229,"column":3}},"locations":[{"start":{"line":209,"column":2},"end":{"line":229,"column":3}}]},"45":{"type":"branch","line":217,"loc":{"start":{"line":217,"column":15},"end":{"line":217,"column":27}},"locations":[{"start":{"line":217,"column":15},"end":{"line":217,"column":27}}]},"46":{"type":"branch","line":218,"loc":{"start":{"line":218,"column":12},"end":{"line":224,"column":11}},"locations":[{"start":{"line":218,"column":12},"end":{"line":224,"column":11}}]},"47":{"type":"branch","line":226,"loc":{"start":{"line":226,"column":22},"end":{"line":226,"column":61}},"locations":[{"start":{"line":226,"column":22},"end":{"line":226,"column":61}}]},"48":{"type":"branch","line":231,"loc":{"start":{"line":231,"column":2},"end":{"line":233,"column":3}},"locations":[{"start":{"line":231,"column":2},"end":{"line":233,"column":3}}]},"49":{"type":"branch","line":235,"loc":{"start":{"line":235,"column":2},"end":{"line":237,"column":3}},"locations":[{"start":{"line":235,"column":2},"end":{"line":237,"column":3}}]},"50":{"type":"branch","line":239,"loc":{"start":{"line":239,"column":2},"end":{"line":242,"column":3}},"locations":[{"start":{"line":239,"column":2},"end":{"line":242,"column":3}}]},"51":{"type":"branch","line":241,"loc":{"start":{"line":241,"column":11},"end":{"line":241,"column":66}},"locations":[{"start":{"line":241,"column":11},"end":{"line":241,"column":66}}]},"52":{"type":"branch","line":241,"loc":{"start":{"line":241,"column":49},"end":{"line":241,"column":76}},"locations":[{"start":{"line":241,"column":49},"end":{"line":241,"column":76}}]},"53":{"type":"branch","line":244,"loc":{"start":{"line":244,"column":2},"end":{"line":246,"column":3}},"locations":[{"start":{"line":244,"column":2},"end":{"line":246,"column":3}}]},"54":{"type":"branch","line":252,"loc":{"start":{"line":252,"column":2},"end":{"line":254,"column":45}},"locations":[{"start":{"line":252,"column":2},"end":{"line":254,"column":45}}]},"55":{"type":"branch","line":253,"loc":{"start":{"line":253,"column":2},"end":{"line":254,"column":45}},"locations":[{"start":{"line":253,"column":2},"end":{"line":254,"column":45}}]},"56":{"type":"branch","line":256,"loc":{"start":{"line":256,"column":32},"end":{"line":267,"column":2}},"locations":[{"start":{"line":256,"column":32},"end":{"line":267,"column":2}}]},"57":{"type":"branch","line":258,"loc":{"start":{"line":258,"column":4},"end":{"line":259,"column":66}},"locations":[{"start":{"line":258,"column":4},"end":{"line":259,"column":66}}]},"58":{"type":"branch","line":260,"loc":{"start":{"line":260,"column":4},"end":{"line":261,"column":70}},"locations":[{"start":{"line":260,"column":4},"end":{"line":261,"column":70}}]},"59":{"type":"branch","line":262,"loc":{"start":{"line":262,"column":4},"end":{"line":263,"column":69}},"locations":[{"start":{"line":262,"column":4},"end":{"line":263,"column":69}}]},"60":{"type":"branch","line":264,"loc":{"start":{"line":264,"column":4},"end":{"line":265,"column":31}},"locations":[{"start":{"line":264,"column":4},"end":{"line":265,"column":31}}]},"61":{"type":"branch","line":270,"loc":{"start":{"line":270,"column":2},"end":{"line":275,"column":32}},"locations":[{"start":{"line":270,"column":2},"end":{"line":275,"column":32}}]},"62":{"type":"branch","line":274,"loc":{"start":{"line":274,"column":2},"end":{"line":275,"column":32}},"locations":[{"start":{"line":274,"column":2},"end":{"line":275,"column":32}}]},"63":{"type":"branch","line":277,"loc":{"start":{"line":277,"column":33},"end":{"line":277,"column":66}},"locations":[{"start":{"line":277,"column":33},"end":{"line":277,"column":66}}]},"64":{"type":"branch","line":277,"loc":{"start":{"line":277,"column":44},"end":{"line":277,"column":66}},"locations":[{"start":{"line":277,"column":44},"end":{"line":277,"column":66}}]},"65":{"type":"branch","line":279,"loc":{"start":{"line":279,"column":45},"end":{"line":279,"column":84}},"locations":[{"start":{"line":279,"column":45},"end":{"line":279,"column":84}}]},"66":{"type":"branch","line":279,"loc":{"start":{"line":279,"column":56},"end":{"line":279,"column":84}},"locations":[{"start":{"line":279,"column":56},"end":{"line":279,"column":84}}]},"67":{"type":"branch","line":286,"loc":{"start":{"line":286,"column":30},"end":{"line":286,"column":66}},"locations":[{"start":{"line":286,"column":30},"end":{"line":286,"column":66}}]},"68":{"type":"branch","line":286,"loc":{"start":{"line":286,"column":42},"end":{"line":286,"column":66}},"locations":[{"start":{"line":286,"column":42},"end":{"line":286,"column":66}}]},"69":{"type":"branch","line":288,"loc":{"start":{"line":288,"column":25},"end":{"line":296,"column":1}},"locations":[{"start":{"line":288,"column":25},"end":{"line":296,"column":1}}]}},"b":{"0":[7],"1":[4],"2":[0],"3":[0],"4":[44],"5":[102],"6":[1],"7":[3],"8":[1],"9":[1],"10":[1],"11":[0],"12":[27],"13":[26],"14":[16],"15":[10],"16":[0],"17":[1],"18":[31],"19":[18],"20":[0],"21":[1],"22":[6],"23":[0],"24":[0],"25":[4],"26":[4],"27":[0],"28":[0],"29":[4],"30":[0],"31":[0],"32":[4],"33":[2],"34":[0],"35":[0],"36":[2],"37":[2],"38":[10],"39":[10],"40":[43],"41":[121],"42":[4],"43":[4],"44":[47],"45":[0],"46":[0],"47":[125],"48":[153],"49":[27],"50":[116],"51":[112],"52":[4],"53":[131],"54":[16],"55":[16],"56":[30],"57":[20],"58":[6],"59":[4],"60":[0],"61":[8],"62":[8],"63":[4],"64":[4],"65":[3],"66":[3],"67":[1],"68":[1],"69":[0]},"fnMap":{"0":{"name":"Index","decl":{"start":{"line":43,"column":2},"end":{"line":46,"column":6}},"loc":{"start":{"line":43,"column":2},"end":{"line":46,"column":6}},"line":43},"1":{"name":"get","decl":{"start":{"line":48,"column":2},"end":{"line":51,"column":3}},"loc":{"start":{"line":48,"column":2},"end":{"line":51,"column":3}},"line":48},"2":{"name":"getOnSnapshot","decl":{"start":{"line":53,"column":2},"end":{"line":61,"column":3}},"loc":{"start":{"line":53,"column":2},"end":{"line":61,"column":3}},"line":53},"3":{"name":"list","decl":{"start":{"line":63,"column":2},"end":{"line":70,"column":3}},"loc":{"start":{"line":63,"column":2},"end":{"line":70,"column":3}},"line":63},"4":{"name":"listOnSnapshot","decl":{"start":{"line":72,"column":2},"end":{"line":82,"column":3}},"loc":{"start":{"line":72,"column":2},"end":{"line":82,"column":3}},"line":72},"5":{"name":"aggregate","decl":{"start":{"line":84,"column":2},"end":{"line":107,"column":3}},"loc":{"start":{"line":84,"column":2},"end":{"line":107,"column":3}},"line":84},"6":{"name":"query","decl":{"start":{"line":109,"column":2},"end":{"line":124,"column":3}},"loc":{"start":{"line":109,"column":2},"end":{"line":124,"column":3}},"line":109},"7":{"name":"collectionGroupQuery","decl":{"start":{"line":126,"column":2},"end":{"line":133,"column":3}},"loc":{"start":{"line":126,"column":2},"end":{"line":133,"column":3}},"line":126},"8":{"name":"create","decl":{"start":{"line":141,"column":2},"end":{"line":144,"column":3}},"loc":{"start":{"line":141,"column":2},"end":{"line":144,"column":3}},"line":141},"9":{"name":"set","decl":{"start":{"line":146,"column":2},"end":{"line":153,"column":3}},"loc":{"start":{"line":146,"column":2},"end":{"line":153,"column":3}},"line":146},"10":{"name":"delete","decl":{"start":{"line":155,"column":2},"end":{"line":157,"column":3}},"loc":{"start":{"line":155,"column":2},"end":{"line":157,"column":3}},"line":155},"11":{"name":"batchGet","decl":{"start":{"line":163,"column":2},"end":{"line":170,"column":3}},"loc":{"start":{"line":163,"column":2},"end":{"line":170,"column":3}},"line":163},"12":{"name":"batchSet","decl":{"start":{"line":172,"column":2},"end":{"line":181,"column":3}},"loc":{"start":{"line":172,"column":2},"end":{"line":181,"column":3}},"line":172},"13":{"name":"batch","decl":{"start":{"line":176,"column":15},"end":{"line":176,"column":82}},"loc":{"start":{"line":176,"column":15},"end":{"line":176,"column":82}},"line":176},"14":{"name":"transaction","decl":{"start":{"line":177,"column":21},"end":{"line":177,"column":82}},"loc":{"start":{"line":177,"column":21},"end":{"line":177,"column":82}},"line":177},"15":{"name":"batchCreate","decl":{"start":{"line":187,"column":2},"end":{"line":196,"column":3}},"loc":{"start":{"line":187,"column":2},"end":{"line":196,"column":3}},"line":187},"16":{"name":"batchDelete","decl":{"start":{"line":198,"column":2},"end":{"line":207,"column":3}},"loc":{"start":{"line":198,"column":2},"end":{"line":207,"column":3}},"line":198},"17":{"name":"batch","decl":{"start":{"line":202,"column":15},"end":{"line":202,"column":60}},"loc":{"start":{"line":202,"column":15},"end":{"line":202,"column":60}},"line":202},"18":{"name":"transaction","decl":{"start":{"line":203,"column":21},"end":{"line":203,"column":60}},"loc":{"start":{"line":203,"column":21},"end":{"line":203,"column":60}},"line":203},"19":{"name":"batchWriteOperation","decl":{"start":{"line":209,"column":2},"end":{"line":229,"column":3}},"loc":{"start":{"line":209,"column":2},"end":{"line":229,"column":3}},"line":209},"20":{"name":"docRef","decl":{"start":{"line":231,"column":2},"end":{"line":233,"column":3}},"loc":{"start":{"line":231,"column":2},"end":{"line":233,"column":3}},"line":231},"21":{"name":"collectionRef","decl":{"start":{"line":235,"column":2},"end":{"line":237,"column":3}},"loc":{"start":{"line":235,"column":2},"end":{"line":237,"column":3}},"line":235},"22":{"name":"fromFirestore","decl":{"start":{"line":239,"column":2},"end":{"line":242,"column":3}},"loc":{"start":{"line":239,"column":2},"end":{"line":242,"column":3}},"line":239},"23":{"name":"toFirestore","decl":{"start":{"line":244,"column":2},"end":{"line":246,"column":3}},"loc":{"start":{"line":244,"column":2},"end":{"line":246,"column":3}},"line":244},"24":{"name":"where","decl":{"start":{"line":252,"column":2},"end":{"line":254,"column":45}},"loc":{"start":{"line":252,"column":2},"end":{"line":254,"column":45}},"line":252},"25":{"name":"convertFilterExpression","decl":{"start":{"line":256,"column":32},"end":{"line":267,"column":2}},"loc":{"start":{"line":256,"column":32},"end":{"line":267,"column":2}},"line":256},"26":{"name":"orderBy","decl":{"start":{"line":270,"column":2},"end":{"line":275,"column":32}},"loc":{"start":{"line":270,"column":2},"end":{"line":275,"column":32}},"line":270},"27":{"name":"limit","decl":{"start":{"line":277,"column":33},"end":{"line":277,"column":66}},"loc":{"start":{"line":277,"column":33},"end":{"line":277,"column":66}},"line":277},"28":{"name":"limitToLast","decl":{"start":{"line":279,"column":45},"end":{"line":279,"column":84}},"loc":{"start":{"line":279,"column":45},"end":{"line":279,"column":84}},"line":279},"29":{"name":"offset","decl":{"start":{"line":286,"column":30},"end":{"line":286,"column":66}},"loc":{"start":{"line":286,"column":30},"end":{"line":286,"column":66}},"line":286},"30":{"name":"<instance_members_initializer>","decl":{"start":{"line":288,"column":25},"end":{"line":296,"column":1}},"loc":{"start":{"line":288,"column":25},"end":{"line":296,"column":1}},"line":288}},"f":{"0":7,"1":4,"2":0,"3":44,"4":0,"5":1,"6":27,"7":18,"8":6,"9":4,"10":4,"11":4,"12":43,"13":121,"14":0,"15":0,"16":4,"17":4,"18":0,"19":47,"20":153,"21":27,"22":116,"23":131,"24":16,"25":30,"26":8,"27":4,"28":3,"29":1,"30":0}}
}
