{"/Users/ikenonaoto/repos/github.com/ikenox/firestar/src/index.ts": {"path":"/Users/ikenonaoto/repos/github.com/ikenox/firestar/src/index.ts","all":false,"statementMap":{"7":{"start":{"line":8,"column":0},"end":{"line":8,"column":27}},"14":{"start":{"line":15,"column":0},"end":{"line":15,"column":15}},"20":{"start":{"line":21,"column":0},"end":{"line":21,"column":81}},"25":{"start":{"line":26,"column":0},"end":{"line":26,"column":96}},"26":{"start":{"line":27,"column":0},"end":{"line":27,"column":59}},"27":{"start":{"line":28,"column":0},"end":{"line":28,"column":32}},"28":{"start":{"line":29,"column":0},"end":{"line":29,"column":3}},"70":{"start":{"line":71,"column":0},"end":{"line":71,"column":89}},"71":{"start":{"line":72,"column":0},"end":{"line":72,"column":33}},"72":{"start":{"line":73,"column":0},"end":{"line":73,"column":50}},"73":{"start":{"line":74,"column":0},"end":{"line":74,"column":2}},"75":{"start":{"line":76,"column":0},"end":{"line":76,"column":59}},"76":{"start":{"line":77,"column":0},"end":{"line":77,"column":12}},"77":{"start":{"line":78,"column":0},"end":{"line":78,"column":21}},"78":{"start":{"line":79,"column":0},"end":{"line":79,"column":14}},"79":{"start":{"line":80,"column":0},"end":{"line":80,"column":30}},"80":{"start":{"line":81,"column":0},"end":{"line":81,"column":80}},"81":{"start":{"line":82,"column":0},"end":{"line":82,"column":18}},"82":{"start":{"line":83,"column":0},"end":{"line":83,"column":2}}},"s":{"7":1,"14":4,"20":4,"25":1,"26":2,"27":2,"28":2,"70":1,"71":126,"72":126,"73":126,"75":1,"76":136,"77":136,"78":136,"79":136,"80":41,"81":95,"82":136},"branchMap":{"0":{"type":"branch","line":8,"loc":{"start":{"line":8,"column":26},"end":{"line":21,"column":81}},"locations":[{"start":{"line":8,"column":26},"end":{"line":21,"column":81}}]},"1":{"type":"branch","line":26,"loc":{"start":{"line":26,"column":18},"end":{"line":29,"column":3}},"locations":[{"start":{"line":26,"column":18},"end":{"line":29,"column":3}}]},"2":{"type":"branch","line":27,"loc":{"start":{"line":27,"column":8},"end":{"line":27,"column":59}},"locations":[{"start":{"line":27,"column":8},"end":{"line":27,"column":59}}]},"3":{"type":"branch","line":28,"loc":{"start":{"line":28,"column":6},"end":{"line":28,"column":32}},"locations":[{"start":{"line":28,"column":6},"end":{"line":28,"column":32}}]},"4":{"type":"branch","line":71,"loc":{"start":{"line":71,"column":23},"end":{"line":74,"column":2}},"locations":[{"start":{"line":71,"column":23},"end":{"line":74,"column":2}}]},"5":{"type":"branch","line":76,"loc":{"start":{"line":76,"column":30},"end":{"line":83,"column":2}},"locations":[{"start":{"line":76,"column":30},"end":{"line":83,"column":2}}]},"6":{"type":"branch","line":80,"loc":{"start":{"line":80,"column":16},"end":{"line":80,"column":30}},"locations":[{"start":{"line":80,"column":16},"end":{"line":80,"column":30}}]},"7":{"type":"branch","line":80,"loc":{"start":{"line":80,"column":24},"end":{"line":81,"column":80}},"locations":[{"start":{"line":80,"column":24},"end":{"line":81,"column":80}}]},"8":{"type":"branch","line":81,"loc":{"start":{"line":81,"column":78},"end":{"line":82,"column":18}},"locations":[{"start":{"line":81,"column":78},"end":{"line":82,"column":18}}]}},"b":{"0":[4],"1":[2],"2":[31],"3":[90],"4":[126],"5":[136],"6":[41],"7":[41],"8":[95]},"fnMap":{"0":{"name":"collection","decl":{"start":{"line":8,"column":26},"end":{"line":21,"column":81}},"loc":{"start":{"line":8,"column":26},"end":{"line":21,"column":81}},"line":8},"1":{"name":"as","decl":{"start":{"line":26,"column":18},"end":{"line":29,"column":3}},"loc":{"start":{"line":26,"column":18},"end":{"line":29,"column":3}},"line":26},"2":{"name":"from","decl":{"start":{"line":27,"column":8},"end":{"line":27,"column":59}},"loc":{"start":{"line":27,"column":8},"end":{"line":27,"column":59}},"line":27},"3":{"name":"to","decl":{"start":{"line":28,"column":6},"end":{"line":28,"column":32}},"loc":{"start":{"line":28,"column":6},"end":{"line":28,"column":32}},"line":28},"4":{"name":"docPath","decl":{"start":{"line":71,"column":23},"end":{"line":74,"column":2}},"loc":{"start":{"line":71,"column":23},"end":{"line":74,"column":2}},"line":71},"5":{"name":"collectionPath","decl":{"start":{"line":76,"column":30},"end":{"line":83,"column":2}},"loc":{"start":{"line":76,"column":30},"end":{"line":83,"column":2}},"line":76}},"f":{"0":4,"1":2,"2":31,"3":90,"4":126,"5":136}}
,"/Users/ikenonaoto/repos/github.com/ikenox/firestar/src/repository.ts": {"path":"/Users/ikenonaoto/repos/github.com/ikenox/firestar/src/repository.ts","all":false,"statementMap":{"0":{"start":{"line":1,"column":0},"end":{"line":1,"column":8}},"14":{"start":{"line":15,"column":0},"end":{"line":15,"column":80}},"16":{"start":{"line":17,"column":0},"end":{"line":17,"column":1}},"17":{"start":{"line":18,"column":0},"end":{"line":18,"column":14}},"18":{"start":{"line":19,"column":0},"end":{"line":19,"column":27}},"19":{"start":{"line":20,"column":0},"end":{"line":20,"column":27}},"20":{"start":{"line":21,"column":0},"end":{"line":21,"column":6}},"22":{"start":{"line":23,"column":0},"end":{"line":23,"column":90}},"23":{"start":{"line":24,"column":0},"end":{"line":24,"column":94}},"24":{"start":{"line":25,"column":0},"end":{"line":25,"column":35}},"25":{"start":{"line":26,"column":0},"end":{"line":26,"column":3}},"27":{"start":{"line":28,"column":0},"end":{"line":28,"column":83}},"28":{"start":{"line":29,"column":0},"end":{"line":29,"column":39}},"29":{"start":{"line":30,"column":0},"end":{"line":30,"column":100}},"30":{"start":{"line":31,"column":0},"end":{"line":31,"column":3}},"32":{"start":{"line":33,"column":0},"end":{"line":33,"column":80}},"33":{"start":{"line":34,"column":0},"end":{"line":34,"column":39}},"34":{"start":{"line":35,"column":0},"end":{"line":35,"column":22}},"35":{"start":{"line":36,"column":0},"end":{"line":36,"column":41}},"36":{"start":{"line":37,"column":0},"end":{"line":37,"column":48}},"37":{"start":{"line":38,"column":0},"end":{"line":38,"column":48}},"38":{"start":{"line":39,"column":0},"end":{"line":39,"column":36}},"39":{"start":{"line":40,"column":0},"end":{"line":40,"column":3}},"41":{"start":{"line":42,"column":0},"end":{"line":42,"column":79}},"42":{"start":{"line":43,"column":0},"end":{"line":43,"column":88}},"43":{"start":{"line":44,"column":0},"end":{"line":44,"column":3}},"45":{"start":{"line":46,"column":0},"end":{"line":46,"column":17}},"46":{"start":{"line":47,"column":0},"end":{"line":47,"column":20}},"47":{"start":{"line":48,"column":0},"end":{"line":48,"column":32}},"48":{"start":{"line":49,"column":0},"end":{"line":49,"column":43}},"49":{"start":{"line":50,"column":0},"end":{"line":50,"column":36}},"50":{"start":{"line":51,"column":0},"end":{"line":51,"column":53}},"51":{"start":{"line":52,"column":0},"end":{"line":52,"column":98}},"52":{"start":{"line":53,"column":0},"end":{"line":53,"column":54}},"53":{"start":{"line":54,"column":0},"end":{"line":54,"column":3}},"55":{"start":{"line":56,"column":0},"end":{"line":56,"column":91}},"56":{"start":{"line":57,"column":0},"end":{"line":57,"column":35}},"57":{"start":{"line":58,"column":0},"end":{"line":58,"column":11}},"58":{"start":{"line":59,"column":0},"end":{"line":59,"column":7}},"59":{"start":{"line":60,"column":0},"end":{"line":60,"column":85}},"60":{"start":{"line":61,"column":0},"end":{"line":61,"column":85}},"61":{"start":{"line":62,"column":0},"end":{"line":62,"column":8}},"62":{"start":{"line":63,"column":0},"end":{"line":63,"column":14}},"63":{"start":{"line":64,"column":0},"end":{"line":64,"column":6}},"64":{"start":{"line":65,"column":0},"end":{"line":65,"column":3}},"66":{"start":{"line":67,"column":0},"end":{"line":67,"column":88}},"67":{"start":{"line":68,"column":0},"end":{"line":68,"column":35}},"68":{"start":{"line":69,"column":0},"end":{"line":69,"column":11}},"69":{"start":{"line":70,"column":0},"end":{"line":70,"column":7}},"70":{"start":{"line":71,"column":0},"end":{"line":71,"column":82}},"71":{"start":{"line":72,"column":0},"end":{"line":72,"column":82}},"72":{"start":{"line":73,"column":0},"end":{"line":73,"column":8}},"73":{"start":{"line":74,"column":0},"end":{"line":74,"column":14}},"74":{"start":{"line":75,"column":0},"end":{"line":75,"column":6}},"75":{"start":{"line":76,"column":0},"end":{"line":76,"column":3}},"77":{"start":{"line":78,"column":0},"end":{"line":78,"column":87}},"78":{"start":{"line":79,"column":0},"end":{"line":79,"column":35}},"79":{"start":{"line":80,"column":0},"end":{"line":80,"column":10}},"80":{"start":{"line":81,"column":0},"end":{"line":81,"column":7}},"81":{"start":{"line":82,"column":0},"end":{"line":82,"column":60}},"82":{"start":{"line":83,"column":0},"end":{"line":83,"column":60}},"83":{"start":{"line":84,"column":0},"end":{"line":84,"column":8}},"84":{"start":{"line":85,"column":0},"end":{"line":85,"column":14}},"85":{"start":{"line":86,"column":0},"end":{"line":86,"column":6}},"86":{"start":{"line":87,"column":0},"end":{"line":87,"column":3}},"88":{"start":{"line":89,"column":0},"end":{"line":89,"column":41}},"89":{"start":{"line":90,"column":0},"end":{"line":90,"column":17}},"90":{"start":{"line":91,"column":0},"end":{"line":91,"column":13}},"94":{"start":{"line":95,"column":0},"end":{"line":95,"column":37}},"95":{"start":{"line":96,"column":0},"end":{"line":96,"column":20}},"96":{"start":{"line":97,"column":0},"end":{"line":97,"column":27}},"97":{"start":{"line":98,"column":0},"end":{"line":98,"column":13}},"98":{"start":{"line":99,"column":0},"end":{"line":99,"column":38}},"99":{"start":{"line":100,"column":0},"end":{"line":100,"column":68}},"100":{"start":{"line":101,"column":0},"end":{"line":101,"column":14}},"101":{"start":{"line":102,"column":0},"end":{"line":102,"column":62}},"102":{"start":{"line":103,"column":0},"end":{"line":103,"column":7}},"103":{"start":{"line":104,"column":0},"end":{"line":104,"column":12}},"104":{"start":{"line":105,"column":0},"end":{"line":105,"column":36}},"105":{"start":{"line":106,"column":0},"end":{"line":106,"column":63}},"106":{"start":{"line":107,"column":0},"end":{"line":107,"column":27}},"107":{"start":{"line":108,"column":0},"end":{"line":108,"column":5}},"108":{"start":{"line":109,"column":0},"end":{"line":109,"column":3}},"110":{"start":{"line":111,"column":0},"end":{"line":111,"column":65}},"111":{"start":{"line":112,"column":0},"end":{"line":112,"column":62}},"112":{"start":{"line":113,"column":0},"end":{"line":113,"column":20}},"113":{"start":{"line":114,"column":0},"end":{"line":114,"column":14}},"115":{"start":{"line":116,"column":0},"end":{"line":116,"column":33}},"116":{"start":{"line":117,"column":0},"end":{"line":117,"column":6}},"117":{"start":{"line":118,"column":0},"end":{"line":118,"column":3}},"119":{"start":{"line":120,"column":0},"end":{"line":120,"column":49}},"120":{"start":{"line":121,"column":0},"end":{"line":121,"column":41}},"121":{"start":{"line":122,"column":0},"end":{"line":122,"column":3}},"123":{"start":{"line":124,"column":0},"end":{"line":124,"column":24}},"124":{"start":{"line":125,"column":0},"end":{"line":125,"column":53}},"125":{"start":{"line":126,"column":0},"end":{"line":126,"column":3}},"127":{"start":{"line":128,"column":0},"end":{"line":128,"column":43}},"128":{"start":{"line":129,"column":0},"end":{"line":129,"column":73}},"129":{"start":{"line":130,"column":0},"end":{"line":130,"column":3}},"131":{"start":{"line":132,"column":0},"end":{"line":132,"column":65}},"132":{"start":{"line":133,"column":0},"end":{"line":133,"column":28}},"133":{"start":{"line":134,"column":0},"end":{"line":134,"column":16}},"134":{"start":{"line":135,"column":0},"end":{"line":135,"column":23}},"135":{"start":{"line":136,"column":0},"end":{"line":136,"column":5}},"136":{"start":{"line":137,"column":0},"end":{"line":137,"column":47}},"138":{"start":{"line":139,"column":0},"end":{"line":139,"column":67}},"142":{"start":{"line":143,"column":0},"end":{"line":143,"column":100}},"143":{"start":{"line":144,"column":0},"end":{"line":144,"column":12}},"144":{"start":{"line":145,"column":0},"end":{"line":145,"column":41}},"145":{"start":{"line":146,"column":0},"end":{"line":146,"column":18}},"146":{"start":{"line":147,"column":0},"end":{"line":147,"column":12}},"147":{"start":{"line":148,"column":0},"end":{"line":148,"column":6}},"148":{"start":{"line":149,"column":0},"end":{"line":149,"column":3}},"149":{"start":{"line":150,"column":0},"end":{"line":150,"column":1}},"151":{"start":{"line":152,"column":0},"end":{"line":152,"column":26}},"152":{"start":{"line":153,"column":0},"end":{"line":153,"column":34}},"153":{"start":{"line":154,"column":0},"end":{"line":154,"column":39}},"154":{"start":{"line":155,"column":0},"end":{"line":155,"column":79}},"155":{"start":{"line":156,"column":0},"end":{"line":156,"column":3}},"156":{"start":{"line":157,"column":0},"end":{"line":157,"column":22}},"157":{"start":{"line":158,"column":0},"end":{"line":158,"column":36}},"158":{"start":{"line":159,"column":0},"end":{"line":159,"column":3}},"159":{"start":{"line":160,"column":0},"end":{"line":160,"column":1}}},"s":{"0":1,"14":1,"16":1,"17":1,"18":2,"19":2,"20":2,"22":1,"23":18,"24":18,"25":18,"27":1,"28":4,"29":4,"30":4,"32":1,"33":4,"34":4,"35":0,"36":0,"37":0,"38":4,"39":4,"41":1,"42":4,"43":4,"45":1,"46":4,"47":4,"48":4,"49":4,"50":2,"51":4,"52":2,"53":4,"55":1,"56":0,"57":0,"58":0,"59":0,"60":0,"61":0,"62":0,"63":0,"64":0,"66":1,"67":10,"68":10,"69":10,"70":10,"71":10,"72":10,"73":10,"74":10,"75":10,"77":1,"78":10,"79":10,"80":10,"81":10,"82":10,"83":10,"84":10,"85":10,"86":10,"88":1,"89":20,"90":20,"94":20,"95":20,"96":20,"97":20,"98":0,"99":0,"100":0,"101":0,"102":0,"103":20,"104":20,"105":20,"106":20,"107":20,"108":20,"110":1,"111":10,"112":10,"113":10,"115":13,"116":10,"117":10,"119":1,"120":38,"121":38,"123":1,"124":83,"125":83,"127":1,"128":10,"129":10,"131":1,"132":41,"133":41,"134":10,"135":10,"136":31,"138":31,"142":41,"143":41,"144":41,"145":41,"146":41,"147":41,"148":41,"149":1,"151":1,"152":0,"153":0,"154":0,"155":0,"156":0,"157":0,"158":0,"159":0},"branchMap":{"0":{"type":"branch","line":18,"loc":{"start":{"line":18,"column":2},"end":{"line":21,"column":6}},"locations":[{"start":{"line":18,"column":2},"end":{"line":21,"column":6}}]},"1":{"type":"branch","line":23,"loc":{"start":{"line":23,"column":2},"end":{"line":26,"column":3}},"locations":[{"start":{"line":23,"column":2},"end":{"line":26,"column":3}}]},"2":{"type":"branch","line":24,"loc":{"start":{"line":24,"column":23},"end":{"line":24,"column":37}},"locations":[{"start":{"line":24,"column":23},"end":{"line":24,"column":37}}]},"3":{"type":"branch","line":24,"loc":{"start":{"line":24,"column":32},"end":{"line":24,"column":71}},"locations":[{"start":{"line":24,"column":32},"end":{"line":24,"column":71}}]},"4":{"type":"branch","line":28,"loc":{"start":{"line":28,"column":2},"end":{"line":31,"column":3}},"locations":[{"start":{"line":28,"column":2},"end":{"line":31,"column":3}}]},"5":{"type":"branch","line":30,"loc":{"start":{"line":30,"column":11},"end":{"line":30,"column":25}},"locations":[{"start":{"line":30,"column":11},"end":{"line":30,"column":25}}]},"6":{"type":"branch","line":30,"loc":{"start":{"line":30,"column":20},"end":{"line":30,"column":69}},"locations":[{"start":{"line":30,"column":20},"end":{"line":30,"column":69}}]},"7":{"type":"branch","line":30,"loc":{"start":{"line":30,"column":97},"end":{"line":30,"column":100}},"locations":[{"start":{"line":30,"column":97},"end":{"line":30,"column":100}}]},"8":{"type":"branch","line":33,"loc":{"start":{"line":33,"column":2},"end":{"line":40,"column":3}},"locations":[{"start":{"line":33,"column":2},"end":{"line":40,"column":3}}]},"9":{"type":"branch","line":35,"loc":{"start":{"line":35,"column":11},"end":{"line":35,"column":22}},"locations":[{"start":{"line":35,"column":11},"end":{"line":35,"column":22}}]},"10":{"type":"branch","line":35,"loc":{"start":{"line":35,"column":20},"end":{"line":38,"column":48}},"locations":[{"start":{"line":35,"column":20},"end":{"line":38,"column":48}}]},"11":{"type":"branch","line":42,"loc":{"start":{"line":42,"column":2},"end":{"line":44,"column":3}},"locations":[{"start":{"line":42,"column":2},"end":{"line":44,"column":3}}]},"12":{"type":"branch","line":43,"loc":{"start":{"line":43,"column":11},"end":{"line":43,"column":25}},"locations":[{"start":{"line":43,"column":11},"end":{"line":43,"column":25}}]},"13":{"type":"branch","line":43,"loc":{"start":{"line":43,"column":20},"end":{"line":43,"column":62}},"locations":[{"start":{"line":43,"column":20},"end":{"line":43,"column":62}}]},"14":{"type":"branch","line":46,"loc":{"start":{"line":46,"column":2},"end":{"line":54,"column":3}},"locations":[{"start":{"line":46,"column":2},"end":{"line":54,"column":3}}]},"15":{"type":"branch","line":50,"loc":{"start":{"line":50,"column":26},"end":{"line":52,"column":33}},"locations":[{"start":{"line":50,"column":26},"end":{"line":52,"column":33}}]},"16":{"type":"branch","line":52,"loc":{"start":{"line":52,"column":24},"end":{"line":52,"column":38}},"locations":[{"start":{"line":52,"column":24},"end":{"line":52,"column":38}}]},"17":{"type":"branch","line":52,"loc":{"start":{"line":52,"column":33},"end":{"line":52,"column":70}},"locations":[{"start":{"line":52,"column":33},"end":{"line":52,"column":70}}]},"18":{"type":"branch","line":52,"loc":{"start":{"line":52,"column":66},"end":{"line":52,"column":98}},"locations":[{"start":{"line":52,"column":66},"end":{"line":52,"column":98}}]},"19":{"type":"branch","line":52,"loc":{"start":{"line":52,"column":95},"end":{"line":53,"column":54}},"locations":[{"start":{"line":52,"column":95},"end":{"line":53,"column":54}}]},"20":{"type":"branch","line":51,"loc":{"start":{"line":51,"column":28},"end":{"line":51,"column":51}},"locations":[{"start":{"line":51,"column":28},"end":{"line":51,"column":51}}]},"21":{"type":"branch","line":53,"loc":{"start":{"line":53,"column":20},"end":{"line":53,"column":52}},"locations":[{"start":{"line":53,"column":20},"end":{"line":53,"column":52}}]},"22":{"type":"branch","line":67,"loc":{"start":{"line":67,"column":2},"end":{"line":76,"column":3}},"locations":[{"start":{"line":67,"column":2},"end":{"line":76,"column":3}}]},"23":{"type":"branch","line":71,"loc":{"start":{"line":71,"column":15},"end":{"line":71,"column":82}},"locations":[{"start":{"line":71,"column":15},"end":{"line":71,"column":82}}]},"24":{"type":"branch","line":78,"loc":{"start":{"line":78,"column":2},"end":{"line":87,"column":3}},"locations":[{"start":{"line":78,"column":2},"end":{"line":87,"column":3}}]},"25":{"type":"branch","line":82,"loc":{"start":{"line":82,"column":15},"end":{"line":82,"column":60}},"locations":[{"start":{"line":82,"column":15},"end":{"line":82,"column":60}}]},"26":{"type":"branch","line":89,"loc":{"start":{"line":89,"column":2},"end":{"line":109,"column":3}},"locations":[{"start":{"line":89,"column":2},"end":{"line":109,"column":3}}]},"27":{"type":"branch","line":97,"loc":{"start":{"line":97,"column":15},"end":{"line":97,"column":27}},"locations":[{"start":{"line":97,"column":15},"end":{"line":97,"column":27}}]},"28":{"type":"branch","line":98,"loc":{"start":{"line":98,"column":12},"end":{"line":104,"column":11}},"locations":[{"start":{"line":98,"column":12},"end":{"line":104,"column":11}}]},"29":{"type":"branch","line":106,"loc":{"start":{"line":106,"column":22},"end":{"line":106,"column":61}},"locations":[{"start":{"line":106,"column":22},"end":{"line":106,"column":61}}]},"30":{"type":"branch","line":111,"loc":{"start":{"line":111,"column":2},"end":{"line":118,"column":3}},"locations":[{"start":{"line":111,"column":2},"end":{"line":118,"column":3}}]},"31":{"type":"branch","line":114,"loc":{"start":{"line":114,"column":6},"end":{"line":116,"column":33}},"locations":[{"start":{"line":114,"column":6},"end":{"line":116,"column":33}}]},"32":{"type":"branch","line":120,"loc":{"start":{"line":120,"column":2},"end":{"line":122,"column":3}},"locations":[{"start":{"line":120,"column":2},"end":{"line":122,"column":3}}]},"33":{"type":"branch","line":124,"loc":{"start":{"line":124,"column":2},"end":{"line":126,"column":3}},"locations":[{"start":{"line":124,"column":2},"end":{"line":126,"column":3}}]},"34":{"type":"branch","line":128,"loc":{"start":{"line":128,"column":2},"end":{"line":130,"column":3}},"locations":[{"start":{"line":128,"column":2},"end":{"line":130,"column":3}}]},"35":{"type":"branch","line":132,"loc":{"start":{"line":132,"column":2},"end":{"line":149,"column":3}},"locations":[{"start":{"line":132,"column":2},"end":{"line":149,"column":3}}]},"36":{"type":"branch","line":134,"loc":{"start":{"line":134,"column":15},"end":{"line":136,"column":5}},"locations":[{"start":{"line":134,"column":15},"end":{"line":136,"column":5}}]},"37":{"type":"branch","line":136,"loc":{"start":{"line":136,"column":4},"end":{"line":143,"column":30}},"locations":[{"start":{"line":136,"column":4},"end":{"line":143,"column":30}}]},"38":{"type":"branch","line":143,"loc":{"start":{"line":143,"column":21},"end":{"line":143,"column":97}},"locations":[{"start":{"line":143,"column":21},"end":{"line":143,"column":97}}]},"39":{"type":"branch","line":143,"loc":{"start":{"line":143,"column":93},"end":{"line":143,"column":100}},"locations":[{"start":{"line":143,"column":93},"end":{"line":143,"column":100}}]},"40":{"type":"branch","line":152,"loc":{"start":{"line":152,"column":7},"end":{"line":160,"column":1}},"locations":[{"start":{"line":152,"column":7},"end":{"line":160,"column":1}}]}},"b":{"0":[2],"1":[18],"2":[0],"3":[0],"4":[4],"5":[0],"6":[0],"7":[2],"8":[4],"9":[0],"10":[0],"11":[4],"12":[0],"13":[0],"14":[4],"15":[2],"16":[0],"17":[0],"18":[2],"19":[2],"20":[10],"21":[10],"22":[10],"23":[30],"24":[10],"25":[13],"26":[20],"27":[0],"28":[0],"29":[43],"30":[10],"31":[13],"32":[38],"33":[83],"34":[10],"35":[41],"36":[10],"37":[31],"38":[9],"39":[22],"40":[0]},"fnMap":{"0":{"name":"Repository","decl":{"start":{"line":18,"column":2},"end":{"line":21,"column":6}},"loc":{"start":{"line":18,"column":2},"end":{"line":21,"column":6}},"line":18},"1":{"name":"get","decl":{"start":{"line":23,"column":2},"end":{"line":26,"column":3}},"loc":{"start":{"line":23,"column":2},"end":{"line":26,"column":3}},"line":23},"2":{"name":"create","decl":{"start":{"line":28,"column":2},"end":{"line":31,"column":3}},"loc":{"start":{"line":28,"column":2},"end":{"line":31,"column":3}},"line":28},"3":{"name":"set","decl":{"start":{"line":33,"column":2},"end":{"line":40,"column":3}},"loc":{"start":{"line":33,"column":2},"end":{"line":40,"column":3}},"line":33},"4":{"name":"delete","decl":{"start":{"line":42,"column":2},"end":{"line":44,"column":3}},"loc":{"start":{"line":42,"column":2},"end":{"line":44,"column":3}},"line":42},"5":{"name":"batchGet","decl":{"start":{"line":46,"column":2},"end":{"line":54,"column":3}},"loc":{"start":{"line":46,"column":2},"end":{"line":54,"column":3}},"line":46},"6":{"name":"batchCreate","decl":{"start":{"line":56,"column":2},"end":{"line":65,"column":3}},"loc":{"start":{"line":56,"column":2},"end":{"line":65,"column":3}},"line":56},"7":{"name":"batchSet","decl":{"start":{"line":67,"column":2},"end":{"line":76,"column":3}},"loc":{"start":{"line":67,"column":2},"end":{"line":76,"column":3}},"line":67},"8":{"name":"batch","decl":{"start":{"line":71,"column":15},"end":{"line":71,"column":82}},"loc":{"start":{"line":71,"column":15},"end":{"line":71,"column":82}},"line":71},"9":{"name":"transaction","decl":{"start":{"line":72,"column":21},"end":{"line":72,"column":82}},"loc":{"start":{"line":72,"column":21},"end":{"line":72,"column":82}},"line":72},"10":{"name":"batchDelete","decl":{"start":{"line":78,"column":2},"end":{"line":87,"column":3}},"loc":{"start":{"line":78,"column":2},"end":{"line":87,"column":3}},"line":78},"11":{"name":"batch","decl":{"start":{"line":82,"column":15},"end":{"line":82,"column":60}},"loc":{"start":{"line":82,"column":15},"end":{"line":82,"column":60}},"line":82},"12":{"name":"transaction","decl":{"start":{"line":83,"column":21},"end":{"line":83,"column":60}},"loc":{"start":{"line":83,"column":21},"end":{"line":83,"column":60}},"line":83},"13":{"name":"batchWriteOperation","decl":{"start":{"line":89,"column":2},"end":{"line":109,"column":3}},"loc":{"start":{"line":89,"column":2},"end":{"line":109,"column":3}},"line":89},"14":{"name":"query","decl":{"start":{"line":111,"column":2},"end":{"line":118,"column":3}},"loc":{"start":{"line":111,"column":2},"end":{"line":118,"column":3}},"line":111},"15":{"name":"toFirestore","decl":{"start":{"line":120,"column":2},"end":{"line":122,"column":3}},"loc":{"start":{"line":120,"column":2},"end":{"line":122,"column":3}},"line":120},"16":{"name":"docRef","decl":{"start":{"line":124,"column":2},"end":{"line":126,"column":3}},"loc":{"start":{"line":124,"column":2},"end":{"line":126,"column":3}},"line":124},"17":{"name":"collectionRef","decl":{"start":{"line":128,"column":2},"end":{"line":130,"column":3}},"loc":{"start":{"line":128,"column":2},"end":{"line":130,"column":3}},"line":128},"18":{"name":"fromFirestore","decl":{"start":{"line":132,"column":2},"end":{"line":149,"column":3}},"loc":{"start":{"line":132,"column":2},"end":{"line":149,"column":3}},"line":132},"19":{"name":"<instance_members_initializer>","decl":{"start":{"line":152,"column":7},"end":{"line":160,"column":1}},"loc":{"start":{"line":152,"column":7},"end":{"line":160,"column":1}},"line":152}},"f":{"0":2,"1":18,"2":4,"3":4,"4":4,"5":4,"6":0,"7":10,"8":30,"9":0,"10":10,"11":13,"12":0,"13":20,"14":10,"15":38,"16":83,"17":10,"18":41,"19":0}}
,"/Users/ikenonaoto/repos/github.com/ikenox/firestar/src/util.ts": {"path":"/Users/ikenonaoto/repos/github.com/ikenox/firestar/src/util.ts","all":true,"statementMap":{"1":{"start":{"line":2,"column":0},"end":{"line":2,"column":71}}},"s":{"1":0},"branchMap":{"0":{"type":"branch","line":1,"loc":{"start":{"line":1,"column":151},"end":{"line":2,"column":71}},"locations":[{"start":{"line":1,"column":151},"end":{"line":2,"column":71}}]}},"b":{"0":[1]},"fnMap":{"0":{"name":"(empty-report)","decl":{"start":{"line":1,"column":151},"end":{"line":2,"column":71}},"loc":{"start":{"line":1,"column":151},"end":{"line":2,"column":71}},"line":1}},"f":{"0":1}}
,"/Users/ikenonaoto/repos/github.com/ikenox/firestar/src/__test__/setup.ts": {"path":"/Users/ikenonaoto/repos/github.com/ikenox/firestar/src/__test__/setup.ts","all":true,"statementMap":{"0":{"start":{"line":1,"column":0},"end":{"line":1,"column":42}},"1":{"start":{"line":2,"column":0},"end":{"line":2,"column":19}},"2":{"start":{"line":3,"column":0},"end":{"line":3,"column":47}},"3":{"start":{"line":4,"column":0},"end":{"line":4,"column":35}},"4":{"start":{"line":5,"column":0},"end":{"line":5,"column":23}},"5":{"start":{"line":6,"column":0},"end":{"line":6,"column":13}},"7":{"start":{"line":8,"column":0},"end":{"line":8,"column":26}},"8":{"start":{"line":9,"column":0},"end":{"line":9,"column":132}},"9":{"start":{"line":10,"column":0},"end":{"line":10,"column":25}},"10":{"start":{"line":11,"column":0},"end":{"line":11,"column":4}},"12":{"start":{"line":13,"column":0},"end":{"line":13,"column":47}},"13":{"start":{"line":14,"column":0},"end":{"line":14,"column":23}},"14":{"start":{"line":15,"column":0},"end":{"line":15,"column":5}},"15":{"start":{"line":16,"column":0},"end":{"line":16,"column":2}},"17":{"start":{"line":18,"column":0},"end":{"line":18,"column":21}}},"s":{"0":0,"1":0,"2":0,"3":0,"4":0,"5":0,"7":0,"8":0,"9":0,"10":0,"12":0,"13":0,"14":0,"15":0,"17":0},"branchMap":{"0":{"type":"branch","line":1,"loc":{"start":{"line":1,"column":481},"end":{"line":18,"column":21}},"locations":[{"start":{"line":1,"column":481},"end":{"line":18,"column":21}}]}},"b":{"0":[0]},"fnMap":{"0":{"name":"(empty-report)","decl":{"start":{"line":1,"column":481},"end":{"line":18,"column":21}},"loc":{"start":{"line":1,"column":481},"end":{"line":18,"column":21}},"line":1}},"f":{"0":0}}
,"/Users/ikenonaoto/repos/github.com/ikenox/firestar/src/__test__/specification.ts": {"path":"/Users/ikenonaoto/repos/github.com/ikenox/firestar/src/__test__/specification.ts","all":false,"statementMap":{"0":{"start":{"line":1,"column":0},"end":{"line":1,"column":71}},"7":{"start":{"line":8,"column":0},"end":{"line":8,"column":73}},"8":{"start":{"line":9,"column":0},"end":{"line":9,"column":81}},"9":{"start":{"line":10,"column":0},"end":{"line":10,"column":6}},"10":{"start":{"line":11,"column":0},"end":{"line":11,"column":47}},"11":{"start":{"line":12,"column":0},"end":{"line":12,"column":21}},"12":{"start":{"line":13,"column":0},"end":{"line":13,"column":31}},"13":{"start":{"line":14,"column":0},"end":{"line":14,"column":48}},"14":{"start":{"line":15,"column":0},"end":{"line":15,"column":16}},"15":{"start":{"line":16,"column":0},"end":{"line":16,"column":9}},"16":{"start":{"line":17,"column":0},"end":{"line":17,"column":30}},"17":{"start":{"line":18,"column":0},"end":{"line":18,"column":24}},"18":{"start":{"line":19,"column":0},"end":{"line":19,"column":60}},"19":{"start":{"line":20,"column":0},"end":{"line":20,"column":10}},"20":{"start":{"line":21,"column":0},"end":{"line":21,"column":9}},"21":{"start":{"line":22,"column":0},"end":{"line":22,"column":30}},"22":{"start":{"line":23,"column":0},"end":{"line":23,"column":24}},"23":{"start":{"line":24,"column":0},"end":{"line":24,"column":60}},"24":{"start":{"line":25,"column":0},"end":{"line":25,"column":10}},"25":{"start":{"line":26,"column":0},"end":{"line":26,"column":9}},"26":{"start":{"line":27,"column":0},"end":{"line":27,"column":30}},"27":{"start":{"line":28,"column":0},"end":{"line":28,"column":24}},"28":{"start":{"line":29,"column":0},"end":{"line":29,"column":60}},"29":{"start":{"line":30,"column":0},"end":{"line":30,"column":10}},"30":{"start":{"line":31,"column":0},"end":{"line":31,"column":8}},"31":{"start":{"line":32,"column":0},"end":{"line":32,"column":22}},"32":{"start":{"line":33,"column":0},"end":{"line":33,"column":34}},"33":{"start":{"line":34,"column":0},"end":{"line":34,"column":16}},"34":{"start":{"line":35,"column":0},"end":{"line":35,"column":34}},"35":{"start":{"line":36,"column":0},"end":{"line":36,"column":28}},"36":{"start":{"line":37,"column":0},"end":{"line":37,"column":60}},"37":{"start":{"line":38,"column":0},"end":{"line":38,"column":10}},"38":{"start":{"line":39,"column":0},"end":{"line":39,"column":8}},"39":{"start":{"line":40,"column":0},"end":{"line":40,"column":26}},"40":{"start":{"line":41,"column":0},"end":{"line":41,"column":16}},"41":{"start":{"line":42,"column":0},"end":{"line":42,"column":37}},"42":{"start":{"line":43,"column":0},"end":{"line":43,"column":9}},"43":{"start":{"line":44,"column":0},"end":{"line":44,"column":56}},"44":{"start":{"line":45,"column":0},"end":{"line":45,"column":7}},"46":{"start":{"line":47,"column":0},"end":{"line":47,"column":21}},"47":{"start":{"line":48,"column":0},"end":{"line":48,"column":29}},"48":{"start":{"line":49,"column":0},"end":{"line":49,"column":46}},"49":{"start":{"line":50,"column":0},"end":{"line":50,"column":16}},"50":{"start":{"line":51,"column":0},"end":{"line":51,"column":9}},"51":{"start":{"line":52,"column":0},"end":{"line":52,"column":20}},"52":{"start":{"line":53,"column":0},"end":{"line":53,"column":25}},"53":{"start":{"line":54,"column":0},"end":{"line":54,"column":30}},"54":{"start":{"line":55,"column":0},"end":{"line":55,"column":56}},"55":{"start":{"line":56,"column":0},"end":{"line":56,"column":10}},"56":{"start":{"line":57,"column":0},"end":{"line":57,"column":9}},"57":{"start":{"line":58,"column":0},"end":{"line":58,"column":20}},"58":{"start":{"line":59,"column":0},"end":{"line":59,"column":25}},"59":{"start":{"line":60,"column":0},"end":{"line":60,"column":30}},"60":{"start":{"line":61,"column":0},"end":{"line":61,"column":56}},"61":{"start":{"line":62,"column":0},"end":{"line":62,"column":10}},"62":{"start":{"line":63,"column":0},"end":{"line":63,"column":9}},"63":{"start":{"line":64,"column":0},"end":{"line":64,"column":20}},"64":{"start":{"line":65,"column":0},"end":{"line":65,"column":25}},"65":{"start":{"line":66,"column":0},"end":{"line":66,"column":30}},"66":{"start":{"line":67,"column":0},"end":{"line":67,"column":56}},"67":{"start":{"line":68,"column":0},"end":{"line":68,"column":10}},"68":{"start":{"line":69,"column":0},"end":{"line":69,"column":8}},"69":{"start":{"line":70,"column":0},"end":{"line":70,"column":22}},"70":{"start":{"line":71,"column":0},"end":{"line":71,"column":34}},"71":{"start":{"line":72,"column":0},"end":{"line":72,"column":40}},"72":{"start":{"line":73,"column":0},"end":{"line":73,"column":16}},"73":{"start":{"line":74,"column":0},"end":{"line":74,"column":21}},"74":{"start":{"line":75,"column":0},"end":{"line":75,"column":29}},"75":{"start":{"line":76,"column":0},"end":{"line":76,"column":40}},"76":{"start":{"line":77,"column":0},"end":{"line":77,"column":56}},"77":{"start":{"line":78,"column":0},"end":{"line":78,"column":10}},"78":{"start":{"line":79,"column":0},"end":{"line":79,"column":8}},"79":{"start":{"line":80,"column":0},"end":{"line":80,"column":26}},"80":{"start":{"line":81,"column":0},"end":{"line":81,"column":16}},"81":{"start":{"line":82,"column":0},"end":{"line":82,"column":39}},"82":{"start":{"line":83,"column":0},"end":{"line":83,"column":9}},"83":{"start":{"line":84,"column":0},"end":{"line":84,"column":75}},"84":{"start":{"line":85,"column":0},"end":{"line":85,"column":7}},"85":{"start":{"line":86,"column":0},"end":{"line":86,"column":5}},"86":{"start":{"line":87,"column":0},"end":{"line":87,"column":2}},"88":{"start":{"line":89,"column":0},"end":{"line":89,"column":63}},"95":{"start":{"line":96,"column":0},"end":{"line":96,"column":7}},"96":{"start":{"line":97,"column":0},"end":{"line":97,"column":39}},"98":{"start":{"line":99,"column":0},"end":{"line":99,"column":38}},"99":{"start":{"line":100,"column":0},"end":{"line":100,"column":23}},"100":{"start":{"line":101,"column":0},"end":{"line":101,"column":29}},"101":{"start":{"line":102,"column":0},"end":{"line":102,"column":40}},"102":{"start":{"line":103,"column":0},"end":{"line":103,"column":50}},"103":{"start":{"line":104,"column":0},"end":{"line":104,"column":9}},"105":{"start":{"line":106,"column":0},"end":{"line":106,"column":36}},"107":{"start":{"line":108,"column":0},"end":{"line":108,"column":38}},"108":{"start":{"line":109,"column":0},"end":{"line":109,"column":14}},"109":{"start":{"line":110,"column":0},"end":{"line":110,"column":32}},"110":{"start":{"line":111,"column":0},"end":{"line":111,"column":61}},"111":{"start":{"line":112,"column":0},"end":{"line":112,"column":54}},"112":{"start":{"line":113,"column":0},"end":{"line":113,"column":9}},"113":{"start":{"line":114,"column":0},"end":{"line":114,"column":35}},"114":{"start":{"line":115,"column":0},"end":{"line":115,"column":77}},"115":{"start":{"line":116,"column":0},"end":{"line":116,"column":9}},"116":{"start":{"line":117,"column":0},"end":{"line":117,"column":7}},"118":{"start":{"line":119,"column":0},"end":{"line":119,"column":38}},"119":{"start":{"line":120,"column":0},"end":{"line":120,"column":14}},"120":{"start":{"line":121,"column":0},"end":{"line":121,"column":39}},"122":{"start":{"line":123,"column":0},"end":{"line":123,"column":32}},"123":{"start":{"line":124,"column":0},"end":{"line":124,"column":38}},"125":{"start":{"line":126,"column":0},"end":{"line":126,"column":69}},"126":{"start":{"line":127,"column":0},"end":{"line":127,"column":9}},"127":{"start":{"line":128,"column":0},"end":{"line":128,"column":32}},"128":{"start":{"line":129,"column":0},"end":{"line":129,"column":47}},"129":{"start":{"line":130,"column":0},"end":{"line":130,"column":38}},"131":{"start":{"line":132,"column":0},"end":{"line":132,"column":69}},"132":{"start":{"line":133,"column":0},"end":{"line":133,"column":9}},"133":{"start":{"line":134,"column":0},"end":{"line":134,"column":7}},"135":{"start":{"line":136,"column":0},"end":{"line":136,"column":41}},"136":{"start":{"line":137,"column":0},"end":{"line":137,"column":14}},"137":{"start":{"line":138,"column":0},"end":{"line":138,"column":39}},"139":{"start":{"line":140,"column":0},"end":{"line":140,"column":38}},"140":{"start":{"line":141,"column":0},"end":{"line":141,"column":62}},"141":{"start":{"line":142,"column":0},"end":{"line":142,"column":9}},"142":{"start":{"line":143,"column":0},"end":{"line":143,"column":33}},"143":{"start":{"line":144,"column":0},"end":{"line":144,"column":41}},"144":{"start":{"line":145,"column":0},"end":{"line":145,"column":57}},"145":{"start":{"line":146,"column":0},"end":{"line":146,"column":69}},"146":{"start":{"line":147,"column":0},"end":{"line":147,"column":9}},"147":{"start":{"line":148,"column":0},"end":{"line":148,"column":40}},"148":{"start":{"line":149,"column":0},"end":{"line":149,"column":88}},"149":{"start":{"line":150,"column":0},"end":{"line":150,"column":9}},"150":{"start":{"line":151,"column":0},"end":{"line":151,"column":7}},"152":{"start":{"line":153,"column":0},"end":{"line":153,"column":41}},"153":{"start":{"line":154,"column":0},"end":{"line":154,"column":14}},"154":{"start":{"line":155,"column":0},"end":{"line":155,"column":38}},"155":{"start":{"line":156,"column":0},"end":{"line":156,"column":63}},"156":{"start":{"line":157,"column":0},"end":{"line":157,"column":9}},"157":{"start":{"line":158,"column":0},"end":{"line":158,"column":33}},"158":{"start":{"line":159,"column":0},"end":{"line":159,"column":45}},"159":{"start":{"line":160,"column":0},"end":{"line":160,"column":66}},"160":{"start":{"line":161,"column":0},"end":{"line":161,"column":9}},"161":{"start":{"line":162,"column":0},"end":{"line":162,"column":39}},"162":{"start":{"line":163,"column":0},"end":{"line":163,"column":45}},"163":{"start":{"line":164,"column":0},"end":{"line":164,"column":66}},"164":{"start":{"line":165,"column":0},"end":{"line":165,"column":9}},"165":{"start":{"line":166,"column":0},"end":{"line":166,"column":7}},"167":{"start":{"line":168,"column":0},"end":{"line":168,"column":43}},"168":{"start":{"line":169,"column":0},"end":{"line":169,"column":14}},"169":{"start":{"line":170,"column":0},"end":{"line":170,"column":31}},"170":{"start":{"line":171,"column":0},"end":{"line":171,"column":64}},"171":{"start":{"line":172,"column":0},"end":{"line":172,"column":9}},"172":{"start":{"line":173,"column":0},"end":{"line":173,"column":35}},"173":{"start":{"line":174,"column":0},"end":{"line":174,"column":15}},"174":{"start":{"line":175,"column":0},"end":{"line":175,"column":37}},"175":{"start":{"line":176,"column":0},"end":{"line":176,"column":24}},"176":{"start":{"line":177,"column":0},"end":{"line":177,"column":24}},"177":{"start":{"line":178,"column":0},"end":{"line":178,"column":24}},"178":{"start":{"line":179,"column":0},"end":{"line":179,"column":35}},"179":{"start":{"line":180,"column":0},"end":{"line":180,"column":24}},"180":{"start":{"line":181,"column":0},"end":{"line":181,"column":13}},"181":{"start":{"line":182,"column":0},"end":{"line":182,"column":89}},"182":{"start":{"line":183,"column":0},"end":{"line":183,"column":9}},"183":{"start":{"line":184,"column":0},"end":{"line":184,"column":7}},"184":{"start":{"line":185,"column":0},"end":{"line":185,"column":5}},"185":{"start":{"line":186,"column":0},"end":{"line":186,"column":2}},"187":{"start":{"line":188,"column":0},"end":{"line":188,"column":98}},"188":{"start":{"line":189,"column":0},"end":{"line":189,"column":74}},"190":{"start":{"line":191,"column":0},"end":{"line":191,"column":73}},"195":{"start":{"line":196,"column":0},"end":{"line":196,"column":38}},"196":{"start":{"line":197,"column":0},"end":{"line":197,"column":18}},"197":{"start":{"line":198,"column":0},"end":{"line":198,"column":21}},"198":{"start":{"line":199,"column":0},"end":{"line":199,"column":9}},"199":{"start":{"line":200,"column":0},"end":{"line":200,"column":65}},"200":{"start":{"line":201,"column":0},"end":{"line":201,"column":14}},"201":{"start":{"line":202,"column":0},"end":{"line":202,"column":7}},"202":{"start":{"line":203,"column":0},"end":{"line":203,"column":38}},"203":{"start":{"line":204,"column":0},"end":{"line":204,"column":11}},"204":{"start":{"line":205,"column":0},"end":{"line":205,"column":19}},"205":{"start":{"line":206,"column":0},"end":{"line":206,"column":7}},"206":{"start":{"line":207,"column":0},"end":{"line":207,"column":4}},"207":{"start":{"line":208,"column":0},"end":{"line":208,"column":3}},"212":{"start":{"line":213,"column":0},"end":{"line":213,"column":36}},"213":{"start":{"line":214,"column":0},"end":{"line":214,"column":16}},"214":{"start":{"line":215,"column":0},"end":{"line":215,"column":7}},"215":{"start":{"line":216,"column":0},"end":{"line":216,"column":51}},"216":{"start":{"line":217,"column":0},"end":{"line":217,"column":42}},"217":{"start":{"line":218,"column":0},"end":{"line":218,"column":4}},"218":{"start":{"line":219,"column":0},"end":{"line":219,"column":11}},"219":{"start":{"line":220,"column":0},"end":{"line":220,"column":30}},"220":{"start":{"line":221,"column":0},"end":{"line":221,"column":9}},"221":{"start":{"line":222,"column":0},"end":{"line":222,"column":45}},"222":{"start":{"line":223,"column":0},"end":{"line":223,"column":50}},"223":{"start":{"line":224,"column":0},"end":{"line":224,"column":6}},"224":{"start":{"line":225,"column":0},"end":{"line":225,"column":4}},"225":{"start":{"line":226,"column":0},"end":{"line":226,"column":9}},"226":{"start":{"line":227,"column":0},"end":{"line":227,"column":62}},"227":{"start":{"line":228,"column":0},"end":{"line":228,"column":14}},"228":{"start":{"line":229,"column":0},"end":{"line":229,"column":7}},"229":{"start":{"line":230,"column":0},"end":{"line":230,"column":32}},"230":{"start":{"line":231,"column":0},"end":{"line":231,"column":4}},"231":{"start":{"line":232,"column":0},"end":{"line":232,"column":3}}},"s":{"0":1,"7":1,"8":1,"9":1,"10":1,"11":1,"12":1,"13":1,"14":1,"15":1,"16":1,"17":1,"18":1,"19":1,"20":1,"21":1,"22":1,"23":1,"24":1,"25":1,"26":1,"27":1,"28":1,"29":1,"30":1,"31":1,"32":2,"33":2,"34":2,"35":2,"36":2,"37":2,"38":2,"39":1,"40":1,"41":1,"42":1,"43":1,"44":1,"46":1,"47":1,"48":1,"49":1,"50":1,"51":1,"52":1,"53":1,"54":1,"55":1,"56":1,"57":1,"58":1,"59":1,"60":1,"61":1,"62":1,"63":1,"64":1,"65":1,"66":1,"67":1,"68":1,"69":1,"70":2,"71":2,"72":2,"73":2,"74":2,"75":2,"76":2,"77":2,"78":2,"79":1,"80":1,"81":1,"82":1,"83":1,"84":1,"85":1,"86":1,"88":1,"95":2,"96":2,"98":2,"99":2,"100":10,"101":10,"102":10,"103":10,"105":2,"107":2,"108":2,"109":2,"110":2,"111":2,"112":2,"113":2,"114":2,"115":2,"116":2,"118":2,"119":2,"120":2,"122":2,"123":2,"125":2,"126":2,"127":2,"128":2,"129":2,"131":2,"132":2,"133":2,"135":2,"136":2,"137":2,"139":2,"140":2,"141":2,"142":2,"143":2,"144":2,"145":2,"146":2,"147":2,"148":2,"149":2,"150":2,"152":2,"153":2,"154":2,"155":2,"156":2,"157":2,"158":2,"159":2,"160":2,"161":2,"162":2,"163":2,"164":2,"165":2,"167":2,"168":2,"169":2,"170":2,"171":2,"172":2,"173":2,"174":2,"175":2,"176":2,"177":2,"178":2,"179":2,"180":2,"181":2,"182":2,"183":2,"184":2,"185":2,"187":1,"188":10,"190":1,"195":1,"196":1,"197":1,"198":1,"199":1,"200":22,"201":22,"202":1,"203":19,"204":19,"205":19,"206":1,"207":1,"212":1,"213":1,"214":1,"215":1,"216":1,"217":1,"218":1,"219":1,"220":1,"221":1,"222":1,"223":1,"224":1,"225":1,"226":1,"227":9,"228":9,"229":1,"230":1,"231":1},"branchMap":{"0":{"type":"branch","line":8,"loc":{"start":{"line":8,"column":50},"end":{"line":87,"column":2}},"locations":[{"start":{"line":8,"column":50},"end":{"line":87,"column":2}}]},"1":{"type":"branch","line":11,"loc":{"start":{"line":11,"column":40},"end":{"line":86,"column":3}},"locations":[{"start":{"line":11,"column":40},"end":{"line":86,"column":3}}]},"2":{"type":"branch","line":32,"loc":{"start":{"line":32,"column":15},"end":{"line":39,"column":8}},"locations":[{"start":{"line":32,"column":15},"end":{"line":39,"column":8}}]},"3":{"type":"branch","line":40,"loc":{"start":{"line":40,"column":14},"end":{"line":43,"column":9}},"locations":[{"start":{"line":40,"column":14},"end":{"line":43,"column":9}}]},"4":{"type":"branch","line":44,"loc":{"start":{"line":44,"column":21},"end":{"line":44,"column":56}},"locations":[{"start":{"line":44,"column":21},"end":{"line":44,"column":56}}]},"5":{"type":"branch","line":70,"loc":{"start":{"line":70,"column":15},"end":{"line":79,"column":8}},"locations":[{"start":{"line":70,"column":15},"end":{"line":79,"column":8}}]},"6":{"type":"branch","line":80,"loc":{"start":{"line":80,"column":14},"end":{"line":83,"column":9}},"locations":[{"start":{"line":80,"column":14},"end":{"line":83,"column":9}}]},"7":{"type":"branch","line":84,"loc":{"start":{"line":84,"column":21},"end":{"line":84,"column":75}},"locations":[{"start":{"line":84,"column":21},"end":{"line":84,"column":75}}]},"8":{"type":"branch","line":89,"loc":{"start":{"line":89,"column":31},"end":{"line":186,"column":2}},"locations":[{"start":{"line":89,"column":31},"end":{"line":186,"column":2}}]},"9":{"type":"branch","line":99,"loc":{"start":{"line":99,"column":25},"end":{"line":185,"column":3}},"locations":[{"start":{"line":99,"column":25},"end":{"line":185,"column":3}}]},"10":{"type":"branch","line":100,"loc":{"start":{"line":100,"column":18},"end":{"line":104,"column":9}},"locations":[{"start":{"line":100,"column":18},"end":{"line":104,"column":9}}]},"11":{"type":"branch","line":101,"loc":{"start":{"line":101,"column":16},"end":{"line":104,"column":7}},"locations":[{"start":{"line":101,"column":16},"end":{"line":104,"column":7}}]},"12":{"type":"branch","line":108,"loc":{"start":{"line":108,"column":31},"end":{"line":117,"column":5}},"locations":[{"start":{"line":108,"column":31},"end":{"line":117,"column":5}}]},"13":{"type":"branch","line":110,"loc":{"start":{"line":110,"column":19},"end":{"line":113,"column":7}},"locations":[{"start":{"line":110,"column":19},"end":{"line":113,"column":7}}]},"14":{"type":"branch","line":114,"loc":{"start":{"line":114,"column":22},"end":{"line":116,"column":7}},"locations":[{"start":{"line":114,"column":22},"end":{"line":116,"column":7}}]},"15":{"type":"branch","line":119,"loc":{"start":{"line":119,"column":31},"end":{"line":134,"column":5}},"locations":[{"start":{"line":119,"column":31},"end":{"line":134,"column":5}}]},"16":{"type":"branch","line":123,"loc":{"start":{"line":123,"column":19},"end":{"line":127,"column":7}},"locations":[{"start":{"line":123,"column":19},"end":{"line":127,"column":7}}]},"17":{"type":"branch","line":128,"loc":{"start":{"line":128,"column":19},"end":{"line":133,"column":7}},"locations":[{"start":{"line":128,"column":19},"end":{"line":133,"column":7}}]},"18":{"type":"branch","line":136,"loc":{"start":{"line":136,"column":34},"end":{"line":151,"column":5}},"locations":[{"start":{"line":136,"column":34},"end":{"line":151,"column":5}}]},"19":{"type":"branch","line":140,"loc":{"start":{"line":140,"column":25},"end":{"line":142,"column":7}},"locations":[{"start":{"line":140,"column":25},"end":{"line":142,"column":7}}]},"20":{"type":"branch","line":143,"loc":{"start":{"line":143,"column":20},"end":{"line":147,"column":7}},"locations":[{"start":{"line":143,"column":20},"end":{"line":147,"column":7}}]},"21":{"type":"branch","line":148,"loc":{"start":{"line":148,"column":27},"end":{"line":150,"column":7}},"locations":[{"start":{"line":148,"column":27},"end":{"line":150,"column":7}}]},"22":{"type":"branch","line":153,"loc":{"start":{"line":153,"column":34},"end":{"line":166,"column":5}},"locations":[{"start":{"line":153,"column":34},"end":{"line":166,"column":5}}]},"23":{"type":"branch","line":155,"loc":{"start":{"line":155,"column":25},"end":{"line":157,"column":7}},"locations":[{"start":{"line":155,"column":25},"end":{"line":157,"column":7}}]},"24":{"type":"branch","line":158,"loc":{"start":{"line":158,"column":20},"end":{"line":161,"column":7}},"locations":[{"start":{"line":158,"column":20},"end":{"line":161,"column":7}}]},"25":{"type":"branch","line":162,"loc":{"start":{"line":162,"column":26},"end":{"line":165,"column":7}},"locations":[{"start":{"line":162,"column":26},"end":{"line":165,"column":7}}]},"26":{"type":"branch","line":168,"loc":{"start":{"line":168,"column":36},"end":{"line":184,"column":5}},"locations":[{"start":{"line":168,"column":36},"end":{"line":184,"column":5}}]},"27":{"type":"branch","line":170,"loc":{"start":{"line":170,"column":18},"end":{"line":172,"column":7}},"locations":[{"start":{"line":170,"column":18},"end":{"line":172,"column":7}}]},"28":{"type":"branch","line":173,"loc":{"start":{"line":173,"column":22},"end":{"line":183,"column":7}},"locations":[{"start":{"line":173,"column":22},"end":{"line":183,"column":7}}]},"29":{"type":"branch","line":188,"loc":{"start":{"line":188,"column":18},"end":{"line":189,"column":74}},"locations":[{"start":{"line":188,"column":18},"end":{"line":189,"column":74}}]},"30":{"type":"branch","line":189,"loc":{"start":{"line":189,"column":34},"end":{"line":189,"column":72}},"locations":[{"start":{"line":189,"column":34},"end":{"line":189,"column":72}}]},"31":{"type":"branch","line":191,"loc":{"start":{"line":191,"column":21},"end":{"line":191,"column":73}},"locations":[{"start":{"line":191,"column":21},"end":{"line":191,"column":73}}]},"32":{"type":"branch","line":200,"loc":{"start":{"line":200,"column":10},"end":{"line":202,"column":7}},"locations":[{"start":{"line":200,"column":10},"end":{"line":202,"column":7}}]},"33":{"type":"branch","line":203,"loc":{"start":{"line":203,"column":8},"end":{"line":206,"column":7}},"locations":[{"start":{"line":203,"column":8},"end":{"line":206,"column":7}}]},"34":{"type":"branch","line":216,"loc":{"start":{"line":216,"column":10},"end":{"line":216,"column":51}},"locations":[{"start":{"line":216,"column":10},"end":{"line":216,"column":51}}]},"35":{"type":"branch","line":217,"loc":{"start":{"line":217,"column":8},"end":{"line":217,"column":42}},"locations":[{"start":{"line":217,"column":8},"end":{"line":217,"column":42}}]},"36":{"type":"branch","line":222,"loc":{"start":{"line":222,"column":12},"end":{"line":222,"column":45}},"locations":[{"start":{"line":222,"column":12},"end":{"line":222,"column":45}}]},"37":{"type":"branch","line":223,"loc":{"start":{"line":223,"column":10},"end":{"line":223,"column":50}},"locations":[{"start":{"line":223,"column":10},"end":{"line":223,"column":50}}]},"38":{"type":"branch","line":227,"loc":{"start":{"line":227,"column":10},"end":{"line":229,"column":7}},"locations":[{"start":{"line":227,"column":10},"end":{"line":229,"column":7}}]},"39":{"type":"branch","line":230,"loc":{"start":{"line":230,"column":8},"end":{"line":230,"column":32}},"locations":[{"start":{"line":230,"column":8},"end":{"line":230,"column":32}}]}},"b":{"0":[1],"1":[1],"2":[2],"3":[1],"4":[2],"5":[2],"6":[1],"7":[2],"8":[2],"9":[2],"10":[10],"11":[10],"12":[2],"13":[2],"14":[2],"15":[2],"16":[2],"17":[2],"18":[2],"19":[2],"20":[2],"21":[2],"22":[2],"23":[2],"24":[2],"25":[2],"26":[2],"27":[2],"28":[2],"29":[10],"30":[10],"31":[8],"32":[22],"33":[19],"34":[9],"35":[35],"36":[9],"37":[40],"38":[9],"39":[19]},"fnMap":{"0":{"name":"defineRepositorySpecificationTests","decl":{"start":{"line":8,"column":50},"end":{"line":87,"column":2}},"loc":{"start":{"line":8,"column":50},"end":{"line":87,"column":2}},"line":8},"1":{"name":"newData","decl":{"start":{"line":32,"column":15},"end":{"line":39,"column":8}},"loc":{"start":{"line":32,"column":15},"end":{"line":39,"column":8}},"line":32},"2":{"name":"mutate","decl":{"start":{"line":40,"column":14},"end":{"line":43,"column":9}},"loc":{"start":{"line":40,"column":14},"end":{"line":43,"column":9}},"line":40},"3":{"name":"notExistDocId","decl":{"start":{"line":44,"column":21},"end":{"line":44,"column":56}},"loc":{"start":{"line":44,"column":21},"end":{"line":44,"column":56}},"line":44},"4":{"name":"newData","decl":{"start":{"line":70,"column":15},"end":{"line":79,"column":8}},"loc":{"start":{"line":70,"column":15},"end":{"line":79,"column":8}},"line":70},"5":{"name":"mutate","decl":{"start":{"line":80,"column":14},"end":{"line":83,"column":9}},"loc":{"start":{"line":80,"column":14},"end":{"line":83,"column":9}},"line":80},"6":{"name":"notExistDocId","decl":{"start":{"line":84,"column":21},"end":{"line":84,"column":75}},"loc":{"start":{"line":84,"column":21},"end":{"line":84,"column":75}},"line":84},"7":{"name":"allMethodsTests","decl":{"start":{"line":89,"column":31},"end":{"line":186,"column":2}},"loc":{"start":{"line":89,"column":31},"end":{"line":186,"column":2}},"line":89},"8":{"name":"setup","decl":{"start":{"line":100,"column":18},"end":{"line":104,"column":9}},"loc":{"start":{"line":100,"column":18},"end":{"line":104,"column":9}},"line":100},"9":{"name":"deleteAll","decl":{"start":{"line":188,"column":18},"end":{"line":189,"column":74}},"loc":{"start":{"line":188,"column":18},"end":{"line":189,"column":74}},"line":188},"10":{"name":"randomNumber","decl":{"start":{"line":191,"column":21},"end":{"line":191,"column":73}},"loc":{"start":{"line":191,"column":21},"end":{"line":191,"column":73}},"line":191},"11":{"name":"from","decl":{"start":{"line":200,"column":10},"end":{"line":202,"column":7}},"loc":{"start":{"line":200,"column":10},"end":{"line":202,"column":7}},"line":200},"12":{"name":"to","decl":{"start":{"line":203,"column":8},"end":{"line":206,"column":7}},"loc":{"start":{"line":203,"column":8},"end":{"line":206,"column":7}},"line":203},"13":{"name":"from","decl":{"start":{"line":216,"column":10},"end":{"line":216,"column":51}},"loc":{"start":{"line":216,"column":10},"end":{"line":216,"column":51}},"line":216},"14":{"name":"to","decl":{"start":{"line":217,"column":8},"end":{"line":217,"column":42}},"loc":{"start":{"line":217,"column":8},"end":{"line":217,"column":42}},"line":217},"15":{"name":"from","decl":{"start":{"line":222,"column":12},"end":{"line":222,"column":45}},"loc":{"start":{"line":222,"column":12},"end":{"line":222,"column":45}},"line":222},"16":{"name":"to","decl":{"start":{"line":223,"column":10},"end":{"line":223,"column":50}},"loc":{"start":{"line":223,"column":10},"end":{"line":223,"column":50}},"line":223},"17":{"name":"from","decl":{"start":{"line":227,"column":10},"end":{"line":229,"column":7}},"loc":{"start":{"line":227,"column":10},"end":{"line":229,"column":7}},"line":227},"18":{"name":"to","decl":{"start":{"line":230,"column":8},"end":{"line":230,"column":32}},"loc":{"start":{"line":230,"column":8},"end":{"line":230,"column":32}},"line":230}},"f":{"0":1,"1":2,"2":1,"3":2,"4":2,"5":1,"6":2,"7":2,"8":10,"9":10,"10":8,"11":22,"12":19,"13":9,"14":35,"15":9,"16":40,"17":9,"18":19}}
,"/Users/ikenonaoto/repos/github.com/ikenox/firestar/src/__test__/util.ts": {"path":"/Users/ikenonaoto/repos/github.com/ikenox/firestar/src/__test__/util.ts","all":true,"statementMap":{},"s":{},"branchMap":{"0":{"type":"branch","line":1,"loc":{"start":{"line":1,"column":0},"end":{"line":1,"column":0}},"locations":[{"start":{"line":1,"column":0},"end":{"line":1,"column":0}}]}},"b":{"0":[1]},"fnMap":{"0":{"name":"(empty-report)","decl":{"start":{"line":1,"column":0},"end":{"line":1,"column":0}},"loc":{"start":{"line":1,"column":0},"end":{"line":1,"column":0}},"line":1}},"f":{"0":1}}
}
